{"contracts/Factory.sol":{"l":{"36":1,"41":1,"61":0,"63":0,"69":0,"76":0,"78":0,"81":0},"path":"/Users/ahmedali/Desktop/work/Ocean/contracts/contracts/Factory.sol","s":{"1":1,"2":1,"3":0,"4":0,"5":0,"6":0,"7":0,"8":0},"b":{"1":[1,0],"2":[0,0]},"f":{"1":1,"2":0},"fnMap":{"1":{"name":"constructor","line":30,"loc":{"start":{"line":30,"column":4},"end":{"line":35,"column":5}}},"2":{"name":"createToken","line":52,"loc":{"start":{"line":52,"column":4},"end":{"line":60,"column":5}}}},"statementMap":{"1":{"start":{"line":36,"column":8},"end":{"line":36,"column":765}},"2":{"start":{"line":41,"column":8},"end":{"line":41,"column":32}},"3":{"start":{"line":61,"column":8},"end":{"line":61,"column":36}},"4":{"start":{"line":63,"column":8},"end":{"line":63,"column":1487}},"5":{"start":{"line":69,"column":8},"end":{"line":69,"column":1638}},"6":{"start":{"line":76,"column":8},"end":{"line":76,"column":31}},"7":{"start":{"line":78,"column":8},"end":{"line":78,"column":34}},"8":{"start":{"line":81,"column":8},"end":{"line":81,"column":2025}}},"branchMap":{"1":{"line":36,"type":"if","locations":[{"start":{"line":36,"column":8},"end":{"line":36,"column":8}},{"start":{"line":36,"column":8},"end":{"line":36,"column":8}}]},"2":{"line":63,"type":"if","locations":[{"start":{"line":63,"column":8},"end":{"line":63,"column":8}},{"start":{"line":63,"column":8},"end":{"line":63,"column":8}}]}}},"contracts/fee/Calculator.sol":{"l":{},"path":"/Users/ahmedali/Desktop/work/Ocean/contracts/contracts/fee/Calculator.sol","s":{},"b":{},"f":{},"fnMap":{},"statementMap":{},"branchMap":{}},"contracts/fee/Collector.sol":{"l":{},"path":"/Users/ahmedali/Desktop/work/Ocean/contracts/contracts/fee/Collector.sol","s":{},"b":{},"f":{},"fnMap":{},"statementMap":{},"branchMap":{}},"contracts/fee/Manager.sol":{"l":{"22":0,"23":0,"34":0,"35":0},"path":"/Users/ahmedali/Desktop/work/Ocean/contracts/contracts/fee/Manager.sol","s":{"1":0,"2":0,"3":0,"4":0},"b":{},"f":{"1":0,"2":0},"fnMap":{"1":{"name":"getFee","line":13,"loc":{"start":{"line":13,"column":4},"end":{"line":20,"column":5}}},"2":{"name":"_getTxPrice","line":27,"loc":{"start":{"line":27,"column":4},"end":{"line":33,"column":5}}}},"statementMap":{"1":{"start":{"line":22,"column":8},"end":{"line":22,"column":48}},"2":{"start":{"line":23,"column":8},"end":{"line":23,"column":72}},"3":{"start":{"line":34,"column":8},"end":{"line":34,"column":50}},"4":{"start":{"line":35,"column":8},"end":{"line":35,"column":40}}},"branchMap":{}},"contracts/Registry.sol":{"l":{},"path":"/Users/ahmedali/Desktop/work/Ocean/contracts/contracts/Registry.sol","s":{},"b":{},"f":{},"fnMap":{},"statementMap":{},"branchMap":{}},"contracts/templates/ERC20Template.sol":{"l":{"26":0,"30":0,"34":0,"38":0,"53":0,"74":0,"88":0,"89":0,"91":0,"92":0,"93":0,"95":0,"96":0,"97":0,"99":0,"100":0,"101":0,"105":0,"106":0,"108":0,"109":0,"112":0,"116":0,"120":0,"124":0,"128":0,"132":0,"136":0,"140":0,"144":0,"148":0,"152":0},"path":"/Users/ahmedali/Desktop/work/Ocean/contracts/contracts/templates/ERC20Template.sol","s":{"1":0,"2":0,"3":0,"4":0,"5":0,"6":0,"7":0,"8":0,"9":0,"10":0,"11":0,"12":0,"13":0,"14":0,"15":0,"16":0,"17":0,"18":0,"19":0,"20":0,"21":0,"22":0,"23":0,"24":0,"25":0,"26":0,"27":0,"28":0,"29":0,"30":0},"b":{"1":[0,0],"2":[0,0],"3":[0,0],"4":[0,0],"5":[0,0],"6":[0,0]},"f":{"1":0,"2":0,"3":0,"4":0,"5":0,"6":0,"7":0,"8":0,"9":0,"10":0,"11":0,"12":0,"13":0,"14":0,"15":0,"16":0},"fnMap":{"1":{"name":"onlyNotInitialized","line":25,"loc":{"start":{"line":25,"column":4},"end":{"line":25,"column":31}}},"2":{"name":"onlyMinter","line":33,"loc":{"start":{"line":33,"column":4},"end":{"line":33,"column":23}}},"3":{"name":"constructor","line":44,"loc":{"start":{"line":44,"column":4},"end":{"line":52,"column":5}}},"4":{"name":"initialize","line":65,"loc":{"start":{"line":65,"column":4},"end":{"line":73,"column":5}}},"5":{"name":"_initialize","line":82,"loc":{"start":{"line":82,"column":4},"end":{"line":87,"column":15}}},"6":{"name":"mint","line":104,"loc":{"start":{"line":104,"column":4},"end":{"line":104,"column":87}}},"7":{"name":"pause","line":115,"loc":{"start":{"line":115,"column":4},"end":{"line":115,"column":50}}},"8":{"name":"unpause","line":119,"loc":{"start":{"line":119,"column":4},"end":{"line":119,"column":49}}},"9":{"name":"setMinter","line":123,"loc":{"start":{"line":123,"column":4},"end":{"line":123,"column":68}}},"10":{"name":"name","line":127,"loc":{"start":{"line":127,"column":4},"end":{"line":127,"column":52}}},"11":{"name":"symbol","line":131,"loc":{"start":{"line":131,"column":4},"end":{"line":131,"column":54}}},"12":{"name":"decimals","line":135,"loc":{"start":{"line":135,"column":4},"end":{"line":135,"column":50}}},"13":{"name":"cap","line":139,"loc":{"start":{"line":139,"column":4},"end":{"line":139,"column":46}}},"14":{"name":"isMinter","line":143,"loc":{"start":{"line":143,"column":4},"end":{"line":143,"column":62}}},"15":{"name":"isInitialized","line":147,"loc":{"start":{"line":147,"column":4},"end":{"line":147,"column":52}}},"16":{"name":"isPaused","line":151,"loc":{"start":{"line":151,"column":4},"end":{"line":151,"column":47}}}},"statementMap":{"1":{"start":{"line":26,"column":8},"end":{"line":26,"column":618}},"2":{"start":{"line":34,"column":8},"end":{"line":34,"column":778}},"3":{"start":{"line":53,"column":9},"end":{"line":53,"column":1134}},"4":{"start":{"line":74,"column":8},"end":{"line":74,"column":1674}},"5":{"start":{"line":88,"column":8},"end":{"line":88,"column":67}},"6":{"start":{"line":89,"column":8},"end":{"line":89,"column":70}},"7":{"start":{"line":91,"column":8},"end":{"line":91,"column":21}},"8":{"start":{"line":92,"column":8},"end":{"line":92,"column":36}},"9":{"start":{"line":93,"column":8},"end":{"line":93,"column":51}},"10":{"start":{"line":95,"column":9},"end":{"line":95,"column":20}},"11":{"start":{"line":96,"column":8},"end":{"line":96,"column":23}},"12":{"start":{"line":97,"column":8},"end":{"line":97,"column":23}},"13":{"start":{"line":99,"column":8},"end":{"line":99,"column":49}},"14":{"start":{"line":100,"column":8},"end":{"line":100,"column":31}},"15":{"start":{"line":101,"column":8},"end":{"line":101,"column":25}},"16":{"start":{"line":105,"column":8},"end":{"line":105,"column":36}},"17":{"start":{"line":106,"column":8},"end":{"line":106,"column":75}},"18":{"start":{"line":108,"column":8},"end":{"line":108,"column":28}},"19":{"start":{"line":109,"column":8},"end":{"line":109,"column":2723}},"20":{"start":{"line":112,"column":8},"end":{"line":112,"column":38}},"21":{"start":{"line":116,"column":8},"end":{"line":116,"column":20}},"22":{"start":{"line":120,"column":8},"end":{"line":120,"column":21}},"23":{"start":{"line":124,"column":8},"end":{"line":124,"column":23}},"24":{"start":{"line":128,"column":8},"end":{"line":128,"column":20}},"25":{"start":{"line":132,"column":8},"end":{"line":132,"column":22}},"26":{"start":{"line":136,"column":8},"end":{"line":136,"column":24}},"27":{"start":{"line":140,"column":8},"end":{"line":140,"column":19}},"28":{"start":{"line":144,"column":8},"end":{"line":144,"column":35}},"29":{"start":{"line":148,"column":8},"end":{"line":148,"column":26}},"30":{"start":{"line":152,"column":8},"end":{"line":152,"column":21}}},"branchMap":{"1":{"line":26,"type":"if","locations":[{"start":{"line":26,"column":8},"end":{"line":26,"column":8}},{"start":{"line":26,"column":8},"end":{"line":26,"column":8}}]},"2":{"line":34,"type":"if","locations":[{"start":{"line":34,"column":8},"end":{"line":34,"column":8}},{"start":{"line":34,"column":8},"end":{"line":34,"column":8}}]},"3":{"line":88,"type":"if","locations":[{"start":{"line":88,"column":8},"end":{"line":88,"column":8}},{"start":{"line":88,"column":8},"end":{"line":88,"column":8}}]},"4":{"line":89,"type":"if","locations":[{"start":{"line":89,"column":8},"end":{"line":89,"column":8}},{"start":{"line":89,"column":8},"end":{"line":89,"column":8}}]},"5":{"line":106,"type":"if","locations":[{"start":{"line":106,"column":8},"end":{"line":106,"column":8}},{"start":{"line":106,"column":8},"end":{"line":106,"column":8}}]},"6":{"line":109,"type":"if","locations":[{"start":{"line":109,"column":8},"end":{"line":109,"column":8}},{"start":{"line":109,"column":8},"end":{"line":109,"column":8}}]}}},"contracts/templates/token/ERC20Pausable.sol":{"l":{"10":0,"14":0,"18":0,"22":0,"26":0,"30":0,"34":0,"38":0,"42":0},"path":"/Users/ahmedali/Desktop/work/Ocean/contracts/contracts/templates/token/ERC20Pausable.sol","s":{"1":0,"2":0,"3":0,"4":0,"5":0,"6":0,"7":0},"b":{"1":[0,0],"2":[0,0]},"f":{"1":0,"2":0,"3":0,"4":0,"5":0,"6":0,"7":0},"fnMap":{"1":{"name":"onlyNotPaused","line":9,"loc":{"start":{"line":9,"column":4},"end":{"line":9,"column":26}}},"2":{"name":"onlyPaused","line":17,"loc":{"start":{"line":17,"column":4},"end":{"line":17,"column":23}}},"3":{"name":"transfer","line":25,"loc":{"start":{"line":25,"column":4},"end":{"line":25,"column":82}}},"4":{"name":"transferFrom","line":29,"loc":{"start":{"line":29,"column":4},"end":{"line":29,"column":100}}},"5":{"name":"approve","line":33,"loc":{"start":{"line":33,"column":4},"end":{"line":33,"column":86}}},"6":{"name":"increaseAllowance","line":37,"loc":{"start":{"line":37,"column":4},"end":{"line":37,"column":101}}},"7":{"name":"decreaseAllowance","line":41,"loc":{"start":{"line":41,"column":4},"end":{"line":41,"column":106}}}},"statementMap":{"1":{"start":{"line":10,"column":8},"end":{"line":10,"column":215}},"2":{"start":{"line":18,"column":8},"end":{"line":18,"column":366}},"3":{"start":{"line":26,"column":8},"end":{"line":26,"column":40}},"4":{"start":{"line":30,"column":8},"end":{"line":30,"column":50}},"5":{"start":{"line":34,"column":8},"end":{"line":34,"column":44}},"6":{"start":{"line":38,"column":8},"end":{"line":38,"column":59}},"7":{"start":{"line":42,"column":8},"end":{"line":42,"column":64}}},"branchMap":{"1":{"line":10,"type":"if","locations":[{"start":{"line":10,"column":8},"end":{"line":10,"column":8}},{"start":{"line":10,"column":8},"end":{"line":10,"column":8}}]},"2":{"line":18,"type":"if","locations":[{"start":{"line":18,"column":8},"end":{"line":18,"column":8}},{"start":{"line":18,"column":8},"end":{"line":18,"column":8}}]}}},"contracts/utils/Deployer.sol":{"l":{"8":0,"9":0,"16":0},"path":"/Users/ahmedali/Desktop/work/Ocean/contracts/contracts/utils/Deployer.sol","s":{"1":0,"2":0},"b":{},"f":{"1":0},"fnMap":{"1":{"name":"deploy","line":7,"loc":{"start":{"line":7,"column":2},"end":{"line":7,"column":69}}}},"statementMap":{"1":{"start":{"line":8,"column":4},"end":{"line":8,"column":41}},"2":{"start":{"line":16,"column":4},"end":{"line":16,"column":44}}},"branchMap":{}}}