{"contracts/communityFee/OPFCommunityFeeCollector.sol":{"l":{"32":0,"37":0,"38":0,"55":0,"68":0,"73":0,"93":0,"97":0},"path":"/home/andrea/ocean/v4Hardhat/contracts/communityFee/OPFCommunityFeeCollector.sol","s":{"1":0,"2":0,"3":0,"4":0,"5":0,"6":0,"7":0,"8":0},"b":{"1":[0,0],"2":[0,0],"3":[0,0],"4":[0,0]},"f":{"1":0,"2":0,"3":0,"4":0,"5":0},"fnMap":{"1":{"name":"constructor","line":30,"loc":{"start":{"line":25,"column":4},"end":{"line":39,"column":4}}},"2":{"name":null,"line":45,"loc":{"start":{"line":45,"column":4},"end":{"line":45,"column":33}}},"3":{"name":"withdrawETH","line":51,"loc":{"start":{"line":51,"column":4},"end":{"line":56,"column":4}}},"4":{"name":"withdrawToken","line":63,"loc":{"start":{"line":63,"column":4},"end":{"line":80,"column":4}}},"5":{"name":"changeCollector","line":91,"loc":{"start":{"line":87,"column":4},"end":{"line":98,"column":4}}}},"statementMap":{"1":{"start":{"line":32,"column":8},"end":{"line":32,"column":1109}},"2":{"start":{"line":37,"column":8},"end":{"line":37,"column":31}},"3":{"start":{"line":38,"column":8},"end":{"line":38,"column":41}},"4":{"start":{"line":55,"column":8},"end":{"line":55,"column":48}},"5":{"start":{"line":68,"column":8},"end":{"line":68,"column":2062}},"6":{"start":{"line":73,"column":8},"end":{"line":73,"column":2202}},"7":{"start":{"line":93,"column":8},"end":{"line":93,"column":2756}},"8":{"start":{"line":97,"column":8},"end":{"line":97,"column":31}}},"branchMap":{"1":{"line":32,"type":"if","locations":[{"start":{"line":32,"column":8},"end":{"line":32,"column":8}},{"start":{"line":32,"column":8},"end":{"line":32,"column":8}}]},"2":{"line":68,"type":"if","locations":[{"start":{"line":68,"column":8},"end":{"line":68,"column":8}},{"start":{"line":68,"column":8},"end":{"line":68,"column":8}}]},"3":{"line":73,"type":"if","locations":[{"start":{"line":73,"column":8},"end":{"line":73,"column":8}},{"start":{"line":73,"column":8},"end":{"line":73,"column":8}}]},"4":{"line":93,"type":"if","locations":[{"start":{"line":93,"column":8},"end":{"line":93,"column":8}},{"start":{"line":93,"column":8},"end":{"line":93,"column":8}}]}}},"contracts/ERC721Factory.sol":{"l":{"77":12,"84":12,"85":12,"86":12,"87":12,"88":12,"109":4,"113":4,"115":4,"120":4,"122":4,"127":4,"129":4,"130":4,"143":4,"151":4,"159":0,"172":0,"173":0,"188":12,"192":12,"193":12,"194":12,"195":12,"196":12,"206":0,"210":0,"211":0,"220":0,"224":0,"225":0,"229":0,"254":24,"256":24,"259":24,"301":6,"306":6,"307":6,"311":6,"313":6,"318":6,"320":6,"322":6,"327":6,"331":6,"344":6,"345":6,"347":6,"355":0,"369":0,"370":0,"374":0,"390":12,"394":12,"395":12,"396":12,"397":12,"398":12,"408":0,"409":0,"421":0,"425":0,"426":0,"431":0},"path":"/home/andrea/ocean/v4Hardhat/contracts/ERC721Factory.sol","s":{"1":12,"2":12,"3":12,"4":12,"5":12,"6":12,"7":4,"8":4,"9":4,"10":4,"11":4,"12":4,"13":4,"14":4,"15":4,"16":4,"17":0,"18":0,"19":0,"20":12,"21":12,"22":12,"23":12,"24":12,"25":12,"26":0,"27":0,"28":0,"29":0,"30":0,"31":0,"32":0,"33":24,"34":24,"35":6,"36":6,"37":6,"38":6,"39":6,"40":6,"41":6,"42":6,"43":6,"44":6,"45":6,"46":6,"47":6,"48":0,"49":0,"50":0,"51":0,"52":12,"53":12,"54":12,"55":12,"56":12,"57":12,"58":0,"59":0,"60":0,"61":0,"62":0,"63":0},"b":{"1":[12,0],"2":[4,0],"3":[4,0],"4":[4,0],"5":[4,0],"6":[12,0],"7":[12,0],"8":[0,0],"9":[0,0],"10":[6,0],"11":[6,0],"12":[6,0],"13":[6,0],"14":[6,0],"15":[6,0],"16":[0,0],"17":[12,0],"18":[12,0],"19":[0,0]},"f":{"1":12,"2":4,"3":0,"4":0,"5":12,"6":0,"7":0,"8":0,"9":24,"10":6,"11":0,"12":0,"13":12,"14":0,"15":0,"16":0},"fnMap":{"1":{"name":"constructor","line":70,"loc":{"start":{"line":70,"column":4},"end":{"line":89,"column":4}}},"2":{"name":"deployERC721Contract","line":102,"loc":{"start":{"line":102,"column":4},"end":{"line":152,"column":4}}},"3":{"name":"getCurrentNFTCount","line":158,"loc":{"start":{"line":158,"column":4},"end":{"line":160,"column":4}}},"4":{"name":"getNFTTemplate","line":167,"loc":{"start":{"line":167,"column":4},"end":{"line":174,"column":4}}},"5":{"name":"add721TokenTemplate","line":185,"loc":{"start":{"line":183,"column":4},"end":{"line":197,"column":4}}},"6":{"name":"reactivate721TokenTemplate","line":205,"loc":{"start":{"line":205,"column":4},"end":{"line":212,"column":4}}},"7":{"name":"disable721TokenTemplate","line":219,"loc":{"start":{"line":219,"column":4},"end":{"line":226,"column":4}}},"8":{"name":"getCurrentNFTTemplateCount","line":228,"loc":{"start":{"line":228,"column":4},"end":{"line":230,"column":4}}},"9":{"name":"isContract","line":249,"loc":{"start":{"line":249,"column":4},"end":{"line":260,"column":4}}},"10":{"name":"createToken","line":293,"loc":{"start":{"line":293,"column":4},"end":{"line":348,"column":4}}},"11":{"name":"getCurrentTokenCount","line":354,"loc":{"start":{"line":354,"column":4},"end":{"line":356,"column":4}}},"12":{"name":"getTokenTemplate","line":364,"loc":{"start":{"line":364,"column":4},"end":{"line":375,"column":4}}},"13":{"name":"addTokenTemplate","line":387,"loc":{"start":{"line":385,"column":4},"end":{"line":399,"column":4}}},"14":{"name":"disableTokenTemplate","line":407,"loc":{"start":{"line":407,"column":4},"end":{"line":410,"column":4}}},"15":{"name":"reactivateTokenTemplate","line":420,"loc":{"start":{"line":420,"column":4},"end":{"line":427,"column":4}}},"16":{"name":"getCurrentTemplateCount","line":430,"loc":{"start":{"line":430,"column":4},"end":{"line":432,"column":4}}}},"statementMap":{"1":{"start":{"line":77,"column":8},"end":{"line":77,"column":2417}},"2":{"start":{"line":84,"column":8},"end":{"line":84,"column":40}},"3":{"start":{"line":85,"column":8},"end":{"line":85,"column":34}},"4":{"start":{"line":86,"column":8},"end":{"line":86,"column":23}},"5":{"start":{"line":87,"column":8},"end":{"line":87,"column":41}},"6":{"start":{"line":88,"column":8},"end":{"line":88,"column":27}},"7":{"start":{"line":109,"column":8},"end":{"line":109,"column":3377}},"8":{"start":{"line":113,"column":8},"end":{"line":113,"column":71}},"9":{"start":{"line":115,"column":8},"end":{"line":115,"column":3609}},"10":{"start":{"line":120,"column":8},"end":{"line":120,"column":52}},"11":{"start":{"line":122,"column":8},"end":{"line":122,"column":3799}},"12":{"start":{"line":127,"column":8},"end":{"line":127,"column":32}},"13":{"start":{"line":129,"column":8},"end":{"line":129,"column":62}},"14":{"start":{"line":130,"column":8},"end":{"line":130,"column":4047}},"15":{"start":{"line":143,"column":8},"end":{"line":143,"column":79}},"16":{"start":{"line":151,"column":8},"end":{"line":151,"column":27}},"17":{"start":{"line":159,"column":8},"end":{"line":159,"column":30}},"18":{"start":{"line":172,"column":8},"end":{"line":172,"column":58}},"19":{"start":{"line":173,"column":8},"end":{"line":173,"column":23}},"20":{"start":{"line":188,"column":8},"end":{"line":188,"column":5489}},"21":{"start":{"line":192,"column":8},"end":{"line":192,"column":75}},"22":{"start":{"line":193,"column":8},"end":{"line":193,"column":28}},"23":{"start":{"line":194,"column":8},"end":{"line":194,"column":67}},"24":{"start":{"line":195,"column":8},"end":{"line":195,"column":51}},"25":{"start":{"line":196,"column":8},"end":{"line":196,"column":31}},"26":{"start":{"line":206,"column":8},"end":{"line":206,"column":6188}},"27":{"start":{"line":210,"column":8},"end":{"line":210,"column":59}},"28":{"start":{"line":211,"column":8},"end":{"line":211,"column":31}},"29":{"start":{"line":220,"column":8},"end":{"line":220,"column":6644}},"30":{"start":{"line":224,"column":8},"end":{"line":224,"column":59}},"31":{"start":{"line":225,"column":8},"end":{"line":225,"column":32}},"32":{"start":{"line":229,"column":8},"end":{"line":229,"column":31}},"33":{"start":{"line":254,"column":8},"end":{"line":254,"column":20}},"34":{"start":{"line":259,"column":8},"end":{"line":259,"column":23}},"35":{"start":{"line":301,"column":8},"end":{"line":301,"column":9214}},"36":{"start":{"line":306,"column":8},"end":{"line":306,"column":65}},"37":{"start":{"line":307,"column":8},"end":{"line":307,"column":9430}},"38":{"start":{"line":311,"column":8},"end":{"line":311,"column":68}},"39":{"start":{"line":313,"column":8},"end":{"line":313,"column":9653}},"40":{"start":{"line":318,"column":8},"end":{"line":318,"column":52}},"41":{"start":{"line":320,"column":8},"end":{"line":320,"column":30}},"42":{"start":{"line":322,"column":8},"end":{"line":322,"column":9874}},"43":{"start":{"line":327,"column":8},"end":{"line":327,"column":60}},"44":{"start":{"line":331,"column":8},"end":{"line":331,"column":10085}},"45":{"start":{"line":344,"column":8},"end":{"line":344,"column":69}},"46":{"start":{"line":345,"column":8},"end":{"line":345,"column":66}},"47":{"start":{"line":347,"column":8},"end":{"line":347,"column":29}},"48":{"start":{"line":355,"column":8},"end":{"line":355,"column":32}},"49":{"start":{"line":369,"column":8},"end":{"line":369,"column":55}},"50":{"start":{"line":370,"column":8},"end":{"line":370,"column":11154}},"51":{"start":{"line":374,"column":8},"end":{"line":374,"column":23}},"52":{"start":{"line":390,"column":8},"end":{"line":390,"column":11628}},"53":{"start":{"line":394,"column":8},"end":{"line":394,"column":74}},"54":{"start":{"line":395,"column":8},"end":{"line":395,"column":25}},"55":{"start":{"line":396,"column":8},"end":{"line":396,"column":67}},"56":{"start":{"line":397,"column":8},"end":{"line":397,"column":45}},"57":{"start":{"line":398,"column":8},"end":{"line":398,"column":28}},"58":{"start":{"line":408,"column":8},"end":{"line":408,"column":56}},"59":{"start":{"line":409,"column":8},"end":{"line":409,"column":32}},"60":{"start":{"line":421,"column":8},"end":{"line":421,"column":12610}},"61":{"start":{"line":425,"column":8},"end":{"line":425,"column":56}},"62":{"start":{"line":426,"column":8},"end":{"line":426,"column":31}},"63":{"start":{"line":431,"column":8},"end":{"line":431,"column":28}}},"branchMap":{"1":{"line":77,"type":"if","locations":[{"start":{"line":77,"column":8},"end":{"line":77,"column":8}},{"start":{"line":77,"column":8},"end":{"line":77,"column":8}}]},"2":{"line":109,"type":"if","locations":[{"start":{"line":109,"column":8},"end":{"line":109,"column":8}},{"start":{"line":109,"column":8},"end":{"line":109,"column":8}}]},"3":{"line":115,"type":"if","locations":[{"start":{"line":115,"column":8},"end":{"line":115,"column":8}},{"start":{"line":115,"column":8},"end":{"line":115,"column":8}}]},"4":{"line":122,"type":"if","locations":[{"start":{"line":122,"column":8},"end":{"line":122,"column":8}},{"start":{"line":122,"column":8},"end":{"line":122,"column":8}}]},"5":{"line":130,"type":"if","locations":[{"start":{"line":130,"column":8},"end":{"line":130,"column":8}},{"start":{"line":130,"column":8},"end":{"line":130,"column":8}}]},"6":{"line":188,"type":"if","locations":[{"start":{"line":188,"column":8},"end":{"line":188,"column":8}},{"start":{"line":188,"column":8},"end":{"line":188,"column":8}}]},"7":{"line":192,"type":"if","locations":[{"start":{"line":192,"column":8},"end":{"line":192,"column":8}},{"start":{"line":192,"column":8},"end":{"line":192,"column":8}}]},"8":{"line":206,"type":"if","locations":[{"start":{"line":206,"column":8},"end":{"line":206,"column":8}},{"start":{"line":206,"column":8},"end":{"line":206,"column":8}}]},"9":{"line":220,"type":"if","locations":[{"start":{"line":220,"column":8},"end":{"line":220,"column":8}},{"start":{"line":220,"column":8},"end":{"line":220,"column":8}}]},"10":{"line":301,"type":"if","locations":[{"start":{"line":301,"column":8},"end":{"line":301,"column":8}},{"start":{"line":301,"column":8},"end":{"line":301,"column":8}}]},"11":{"line":306,"type":"if","locations":[{"start":{"line":306,"column":8},"end":{"line":306,"column":8}},{"start":{"line":306,"column":8},"end":{"line":306,"column":8}}]},"12":{"line":307,"type":"if","locations":[{"start":{"line":307,"column":8},"end":{"line":307,"column":8}},{"start":{"line":307,"column":8},"end":{"line":307,"column":8}}]},"13":{"line":313,"type":"if","locations":[{"start":{"line":313,"column":8},"end":{"line":313,"column":8}},{"start":{"line":313,"column":8},"end":{"line":313,"column":8}}]},"14":{"line":322,"type":"if","locations":[{"start":{"line":322,"column":8},"end":{"line":322,"column":8}},{"start":{"line":322,"column":8},"end":{"line":322,"column":8}}]},"15":{"line":331,"type":"if","locations":[{"start":{"line":331,"column":8},"end":{"line":331,"column":8}},{"start":{"line":331,"column":8},"end":{"line":331,"column":8}}]},"16":{"line":370,"type":"if","locations":[{"start":{"line":370,"column":8},"end":{"line":370,"column":8}},{"start":{"line":370,"column":8},"end":{"line":370,"column":8}}]},"17":{"line":390,"type":"if","locations":[{"start":{"line":390,"column":8},"end":{"line":390,"column":8}},{"start":{"line":390,"column":8},"end":{"line":390,"column":8}}]},"18":{"line":394,"type":"if","locations":[{"start":{"line":394,"column":8},"end":{"line":394,"column":8}},{"start":{"line":394,"column":8},"end":{"line":394,"column":8}}]},"19":{"line":421,"type":"if","locations":[{"start":{"line":421,"column":8},"end":{"line":421,"column":8}},{"start":{"line":421,"column":8},"end":{"line":421,"column":8}}]}}},"contracts/interfaces/IERC1271.sol":{"l":{},"path":"/home/andrea/ocean/v4Hardhat/contracts/interfaces/IERC1271.sol","s":{},"b":{},"f":{},"fnMap":{},"statementMap":{},"branchMap":{}},"contracts/interfaces/IERC20.sol":{"l":{},"path":"/home/andrea/ocean/v4Hardhat/contracts/interfaces/IERC20.sol","s":{},"b":{},"f":{},"fnMap":{},"statementMap":{},"branchMap":{}},"contracts/interfaces/IERC20Template.sol":{"l":{},"path":"/home/andrea/ocean/v4Hardhat/contracts/interfaces/IERC20Template.sol","s":{},"b":{},"f":{},"fnMap":{},"statementMap":{},"branchMap":{}},"contracts/interfaces/IERC721Template.sol":{"l":{},"path":"/home/andrea/ocean/v4Hardhat/contracts/interfaces/IERC721Template.sol","s":{},"b":{},"f":{},"fnMap":{},"statementMap":{},"branchMap":{}},"contracts/interfaces/IERC725X.sol":{"l":{},"path":"/home/andrea/ocean/v4Hardhat/contracts/interfaces/IERC725X.sol","s":{},"b":{},"f":{},"fnMap":{},"statementMap":{},"branchMap":{}},"contracts/interfaces/IERC725Y.sol":{"l":{},"path":"/home/andrea/ocean/v4Hardhat/contracts/interfaces/IERC725Y.sol","s":{},"b":{},"f":{},"fnMap":{},"statementMap":{},"branchMap":{}},"contracts/interfaces/IFactory.sol":{"l":{},"path":"/home/andrea/ocean/v4Hardhat/contracts/interfaces/IFactory.sol","s":{},"b":{},"f":{},"fnMap":{},"statementMap":{},"branchMap":{}},"contracts/interfaces/IFactoryRouter.sol":{"l":{},"path":"/home/andrea/ocean/v4Hardhat/contracts/interfaces/IFactoryRouter.sol","s":{},"b":{},"f":{},"fnMap":{},"statementMap":{},"branchMap":{}},"contracts/interfaces/IFixedRateExchange.sol":{"l":{},"path":"/home/andrea/ocean/v4Hardhat/contracts/interfaces/IFixedRateExchange.sol","s":{},"b":{},"f":{},"fnMap":{},"statementMap":{},"branchMap":{}},"contracts/interfaces/IMetadata.sol":{"l":{},"path":"/home/andrea/ocean/v4Hardhat/contracts/interfaces/IMetadata.sol","s":{},"b":{},"f":{},"fnMap":{},"statementMap":{},"branchMap":{}},"contracts/interfaces/IPool.sol":{"l":{},"path":"/home/andrea/ocean/v4Hardhat/contracts/interfaces/IPool.sol","s":{},"b":{},"f":{},"fnMap":{},"statementMap":{},"branchMap":{}},"contracts/interfaces/IssFixedRate.sol":{"l":{},"path":"/home/andrea/ocean/v4Hardhat/contracts/interfaces/IssFixedRate.sol","s":{},"b":{},"f":{},"fnMap":{},"statementMap":{},"branchMap":{}},"contracts/interfaces/IV3ERC20.sol":{"l":{},"path":"/home/andrea/ocean/v4Hardhat/contracts/interfaces/IV3ERC20.sol","s":{},"b":{},"f":{},"fnMap":{},"statementMap":{},"branchMap":{}},"contracts/interfaces/IV3Factory.sol":{"l":{},"path":"/home/andrea/ocean/v4Hardhat/contracts/interfaces/IV3Factory.sol","s":{},"b":{},"f":{},"fnMap":{},"statementMap":{},"branchMap":{}},"contracts/metadata/Metadata.sol":{"l":{"37":12,"41":6,"45":6,"49":4,"50":4,"65":4,"80":2,"92":4,"93":4,"94":4},"path":"/home/andrea/ocean/v4Hardhat/contracts/metadata/Metadata.sol","s":{"1":12,"2":6,"3":4,"4":4,"5":2,"6":4,"7":4,"8":4},"b":{"1":[6,0],"2":[4,0],"3":[4,0],"4":[4,0]},"f":{"1":12,"2":6,"3":4,"4":4,"5":2,"6":4},"fnMap":{"1":{"name":"constructor","line":36,"loc":{"start":{"line":36,"column":4},"end":{"line":38,"column":5}}},"2":{"name":"onlyDataTokenMinter","line":40,"loc":{"start":{"line":40,"column":4},"end":{"line":46,"column":4}}},"3":{"name":"onlyFactoryUpdater","line":48,"loc":{"start":{"line":48,"column":4},"end":{"line":51,"column":4}}},"4":{"name":"create","line":64,"loc":{"start":{"line":60,"column":4},"end":{"line":66,"column":4}}},"5":{"name":"update","line":79,"loc":{"start":{"line":75,"column":4},"end":{"line":81,"column":4}}},"6":{"name":"addTokenFactory","line":91,"loc":{"start":{"line":91,"column":4},"end":{"line":95,"column":4}}}},"statementMap":{"1":{"start":{"line":37,"column":8},"end":{"line":37,"column":34}},"2":{"start":{"line":41,"column":8},"end":{"line":41,"column":1083}},"3":{"start":{"line":49,"column":8},"end":{"line":49,"column":78}},"4":{"start":{"line":65,"column":8},"end":{"line":65,"column":64}},"5":{"start":{"line":80,"column":8},"end":{"line":80,"column":64}},"6":{"start":{"line":92,"column":8},"end":{"line":92,"column":75}},"7":{"start":{"line":93,"column":8},"end":{"line":93,"column":87}},"8":{"start":{"line":94,"column":8},"end":{"line":94,"column":35}}},"branchMap":{"1":{"line":41,"type":"if","locations":[{"start":{"line":41,"column":8},"end":{"line":41,"column":8}},{"start":{"line":41,"column":8},"end":{"line":41,"column":8}}]},"2":{"line":49,"type":"if","locations":[{"start":{"line":49,"column":8},"end":{"line":49,"column":8}},{"start":{"line":49,"column":8},"end":{"line":49,"column":8}}]},"3":{"line":92,"type":"if","locations":[{"start":{"line":92,"column":8},"end":{"line":92,"column":8}},{"start":{"line":92,"column":8},"end":{"line":92,"column":8}}]},"4":{"line":93,"type":"if","locations":[{"start":{"line":93,"column":8},"end":{"line":93,"column":8}},{"start":{"line":93,"column":8},"end":{"line":93,"column":8}}]}}},"contracts/Migrations.sol":{"l":{"9":0,"13":0,"17":0},"path":"/home/andrea/ocean/v4Hardhat/contracts/Migrations.sol","s":{"1":0,"2":0},"b":{"1":[0,0]},"f":{"1":0,"2":0},"fnMap":{"1":{"name":"restricted","line":8,"loc":{"start":{"line":8,"column":2},"end":{"line":14,"column":2}}},"2":{"name":"setCompleted","line":16,"loc":{"start":{"line":16,"column":2},"end":{"line":18,"column":2}}}},"statementMap":{"1":{"start":{"line":9,"column":4},"end":{"line":9,"column":201}},"2":{"start":{"line":17,"column":4},"end":{"line":17,"column":39}}},"branchMap":{"1":{"line":9,"type":"if","locations":[{"start":{"line":9,"column":4},"end":{"line":9,"column":4}},{"start":{"line":9,"column":4},"end":{"line":9,"column":4}}]}}},"contracts/pools/balancer/BConst.sol":{"l":{},"path":"/home/andrea/ocean/v4Hardhat/contracts/pools/balancer/BConst.sol","s":{},"b":{},"f":{},"fnMap":{},"statementMap":{},"branchMap":{}},"contracts/pools/balancer/BFactory.sol":{"l":{"43":12,"47":12,"51":12,"52":12,"54":12,"55":0,"56":0,"83":2,"85":2,"88":2,"92":2,"94":2,"111":2,"118":2},"path":"/home/andrea/ocean/v4Hardhat/contracts/pools/balancer/BFactory.sol","s":{"1":12,"2":12,"3":12,"4":12,"5":12,"6":0,"7":0,"8":2,"9":2,"10":2,"11":2,"12":2,"13":2,"14":2},"b":{"1":[12,0],"2":[12,0],"3":[0,12],"4":[2,0],"5":[2,0]},"f":{"1":12,"2":2},"fnMap":{"1":{"name":"constructor","line":41,"loc":{"start":{"line":41,"column":4},"end":{"line":59,"column":4}}},"2":{"name":"newBPool","line":73,"loc":{"start":{"line":73,"column":4},"end":{"line":121,"column":4}}}},"statementMap":{"1":{"start":{"line":43,"column":8},"end":{"line":43,"column":1560}},"2":{"start":{"line":47,"column":8},"end":{"line":47,"column":1691}},"3":{"start":{"line":51,"column":8},"end":{"line":51,"column":37}},"4":{"start":{"line":52,"column":8},"end":{"line":52,"column":35}},"5":{"start":{"line":54,"column":8},"end":{"line":54,"column":1877}},"6":{"start":{"line":55,"column":12},"end":{"line":55,"column":1926}},"7":{"start":{"line":56,"column":16},"end":{"line":56,"column":110}},"8":{"start":{"line":83,"column":8},"end":{"line":83,"column":75}},"9":{"start":{"line":85,"column":8},"end":{"line":85,"column":36}},"10":{"start":{"line":88,"column":8},"end":{"line":88,"column":3133}},"11":{"start":{"line":92,"column":8},"end":{"line":92,"column":42}},"12":{"start":{"line":94,"column":8},"end":{"line":94,"column":3292}},"13":{"start":{"line":111,"column":8},"end":{"line":111,"column":3822}},"14":{"start":{"line":118,"column":8},"end":{"line":118,"column":20}}},"branchMap":{"1":{"line":43,"type":"if","locations":[{"start":{"line":43,"column":8},"end":{"line":43,"column":8}},{"start":{"line":43,"column":8},"end":{"line":43,"column":8}}]},"2":{"line":47,"type":"if","locations":[{"start":{"line":47,"column":8},"end":{"line":47,"column":8}},{"start":{"line":47,"column":8},"end":{"line":47,"column":8}}]},"3":{"line":54,"type":"if","locations":[{"start":{"line":54,"column":8},"end":{"line":54,"column":8}},{"start":{"line":54,"column":8},"end":{"line":54,"column":8}}]},"4":{"line":88,"type":"if","locations":[{"start":{"line":88,"column":8},"end":{"line":88,"column":8}},{"start":{"line":88,"column":8},"end":{"line":88,"column":8}}]},"5":{"line":94,"type":"if","locations":[{"start":{"line":94,"column":8},"end":{"line":94,"column":8}},{"start":{"line":94,"column":8},"end":{"line":94,"column":8}}]}}},"contracts/pools/balancer/BMath.sol":{"l":{"58":6,"59":6,"60":6,"65":6,"67":6,"99":2,"101":2,"103":2,"105":2,"107":2,"109":2,"113":2,"115":2,"116":2,"117":2,"118":2,"119":2,"125":2,"127":2,"151":0,"153":0,"154":0,"157":0,"160":0,"162":0,"164":0,"165":0,"166":0,"168":0,"170":0,"194":0,"195":0,"196":0,"197":0,"198":0,"199":0,"201":0,"202":0,"203":0,"229":1,"230":1,"231":1,"232":1,"233":1,"234":1,"237":1,"238":1,"239":1,"240":1,"244":1,"246":1,"248":1,"249":1,"279":1,"280":1,"281":1,"283":1,"284":1,"287":1,"288":1,"289":1,"290":1,"314":3,"315":3,"316":3,"319":3,"320":3,"321":3,"322":3,"326":3,"327":3,"328":3,"353":6,"356":6,"360":6,"361":6,"364":6,"365":6,"367":6,"374":6,"375":6,"376":6,"403":2,"405":2,"406":2,"407":2,"412":2,"416":2,"419":2,"420":2,"421":2,"425":2,"426":2},"path":"/home/andrea/ocean/v4Hardhat/contracts/pools/balancer/BMath.sol","s":{"1":6,"2":6,"3":6,"4":6,"5":6,"6":2,"7":2,"8":2,"9":2,"10":2,"11":2,"12":2,"13":2,"14":2,"15":2,"16":2,"17":2,"18":2,"19":2,"20":0,"21":0,"22":0,"23":0,"24":0,"25":0,"26":0,"27":0,"28":0,"29":0,"30":0,"31":0,"32":0,"33":0,"34":0,"35":0,"36":0,"37":0,"38":0,"39":0,"40":1,"41":1,"42":1,"43":1,"44":1,"45":1,"46":1,"47":1,"48":1,"49":1,"50":1,"51":1,"52":1,"53":1,"54":1,"55":1,"56":1,"57":1,"58":1,"59":1,"60":1,"61":1,"62":1,"63":3,"64":3,"65":3,"66":3,"67":3,"68":3,"69":3,"70":3,"71":3,"72":3,"73":6,"74":6,"75":6,"76":6,"77":6,"78":6,"79":6,"80":6,"81":6,"82":6,"83":2,"84":2,"85":2,"86":2,"87":2,"88":2,"89":2,"90":2,"91":2,"92":2,"93":2},"b":{},"f":{"1":6,"2":2,"3":0,"4":0,"5":1,"6":1,"7":3,"8":6,"9":2},"fnMap":{"1":{"name":"calcSpotPrice","line":42,"loc":{"start":{"line":42,"column":4},"end":{"line":68,"column":4}}},"2":{"name":"calcOutGivenInSwap","line":86,"loc":{"start":{"line":86,"column":4},"end":{"line":128,"column":4}}},"3":{"name":"calcOutGivenIn","line":140,"loc":{"start":{"line":140,"column":4},"end":{"line":171,"column":4}}},"4":{"name":"calcInGivenOut","line":183,"loc":{"start":{"line":183,"column":4},"end":{"line":204,"column":4}}},"5":{"name":"calcInGivenOutSwap","line":216,"loc":{"start":{"line":216,"column":4},"end":{"line":250,"column":4}}},"6":{"name":"calcPoolOutGivenSingleIn","line":262,"loc":{"start":{"line":262,"column":4},"end":{"line":291,"column":4}}},"7":{"name":"calcSingleInGivenPoolOut","line":303,"loc":{"start":{"line":303,"column":4},"end":{"line":329,"column":4}}},"8":{"name":"calcSingleOutGivenPoolIn","line":342,"loc":{"start":{"line":342,"column":4},"end":{"line":377,"column":4}}},"9":{"name":"calcPoolInGivenSingleOut","line":390,"loc":{"start":{"line":390,"column":4},"end":{"line":427,"column":4}}}},"statementMap":{"1":{"start":{"line":58,"column":8},"end":{"line":58,"column":56}},"2":{"start":{"line":59,"column":8},"end":{"line":59,"column":58}},"3":{"start":{"line":60,"column":8},"end":{"line":60,"column":39}},"4":{"start":{"line":65,"column":8},"end":{"line":65,"column":53}},"5":{"start":{"line":67,"column":8},"end":{"line":67,"column":48}},"6":{"start":{"line":99,"column":8},"end":{"line":99,"column":49}},"7":{"start":{"line":101,"column":8},"end":{"line":101,"column":98}},"8":{"start":{"line":103,"column":8},"end":{"line":103,"column":89}},"9":{"start":{"line":105,"column":8},"end":{"line":105,"column":100}},"10":{"start":{"line":107,"column":8},"end":{"line":107,"column":84}},"11":{"start":{"line":109,"column":8},"end":{"line":109,"column":63}},"12":{"start":{"line":113,"column":8},"end":{"line":113,"column":134}},"13":{"start":{"line":115,"column":8},"end":{"line":115,"column":46}},"14":{"start":{"line":116,"column":8},"end":{"line":116,"column":51}},"15":{"start":{"line":117,"column":8},"end":{"line":117,"column":57}},"16":{"start":{"line":118,"column":8},"end":{"line":118,"column":39}},"17":{"start":{"line":119,"column":8},"end":{"line":119,"column":34}},"18":{"start":{"line":125,"column":8},"end":{"line":125,"column":42}},"19":{"start":{"line":127,"column":8},"end":{"line":127,"column":85}},"20":{"start":{"line":151,"column":8},"end":{"line":151,"column":62}},"21":{"start":{"line":153,"column":8},"end":{"line":153,"column":46}},"22":{"start":{"line":154,"column":8},"end":{"line":154,"column":51}},"23":{"start":{"line":157,"column":8},"end":{"line":157,"column":78}},"24":{"start":{"line":160,"column":8},"end":{"line":160,"column":79}},"25":{"start":{"line":162,"column":8},"end":{"line":162,"column":64}},"26":{"start":{"line":164,"column":8},"end":{"line":164,"column":69}},"27":{"start":{"line":165,"column":8},"end":{"line":165,"column":39}},"28":{"start":{"line":166,"column":8},"end":{"line":166,"column":34}},"29":{"start":{"line":168,"column":8},"end":{"line":168,"column":50}},"30":{"start":{"line":170,"column":8},"end":{"line":170,"column":29}},"31":{"start":{"line":194,"column":8},"end":{"line":194,"column":62}},"32":{"start":{"line":195,"column":8},"end":{"line":195,"column":57}},"33":{"start":{"line":196,"column":8},"end":{"line":196,"column":44}},"34":{"start":{"line":197,"column":8},"end":{"line":197,"column":39}},"35":{"start":{"line":198,"column":8},"end":{"line":198,"column":28}},"36":{"start":{"line":199,"column":8},"end":{"line":199,"column":60}},"37":{"start":{"line":201,"column":8},"end":{"line":201,"column":43}},"38":{"start":{"line":202,"column":8},"end":{"line":202,"column":69}},"39":{"start":{"line":203,"column":8},"end":{"line":203,"column":28}},"40":{"start":{"line":229,"column":8},"end":{"line":229,"column":49}},"41":{"start":{"line":230,"column":8},"end":{"line":230,"column":49}},"42":{"start":{"line":231,"column":8},"end":{"line":231,"column":36}},"43":{"start":{"line":232,"column":8},"end":{"line":232,"column":39}},"44":{"start":{"line":233,"column":8},"end":{"line":233,"column":28}},"45":{"start":{"line":234,"column":8},"end":{"line":234,"column":60}},"46":{"start":{"line":237,"column":8},"end":{"line":237,"column":69}},"47":{"start":{"line":238,"column":8},"end":{"line":238,"column":98}},"48":{"start":{"line":239,"column":9},"end":{"line":239,"column":90}},"49":{"start":{"line":240,"column":8},"end":{"line":240,"column":100}},"50":{"start":{"line":244,"column":8},"end":{"line":244,"column":84}},"51":{"start":{"line":246,"column":8},"end":{"line":246,"column":76}},"52":{"start":{"line":248,"column":8},"end":{"line":248,"column":134}},"53":{"start":{"line":249,"column":8},"end":{"line":249,"column":52}},"54":{"start":{"line":279,"column":8},"end":{"line":279,"column":64}},"55":{"start":{"line":280,"column":8},"end":{"line":280,"column":63}},"56":{"start":{"line":281,"column":8},"end":{"line":281,"column":73}},"57":{"start":{"line":283,"column":8},"end":{"line":283,"column":76}},"58":{"start":{"line":284,"column":8},"end":{"line":284,"column":67}},"59":{"start":{"line":287,"column":8},"end":{"line":287,"column":61}},"60":{"start":{"line":288,"column":8},"end":{"line":288,"column":56}},"61":{"start":{"line":289,"column":8},"end":{"line":289,"column":54}},"62":{"start":{"line":290,"column":8},"end":{"line":290,"column":28}},"63":{"start":{"line":314,"column":8},"end":{"line":314,"column":64}},"64":{"start":{"line":315,"column":8},"end":{"line":315,"column":60}},"65":{"start":{"line":316,"column":8},"end":{"line":316,"column":56}},"66":{"start":{"line":319,"column":8},"end":{"line":319,"column":47}},"67":{"start":{"line":320,"column":8},"end":{"line":320,"column":48}},"68":{"start":{"line":321,"column":8},"end":{"line":321,"column":67}},"69":{"start":{"line":322,"column":8},"end":{"line":322,"column":76}},"70":{"start":{"line":326,"column":8},"end":{"line":326,"column":63}},"71":{"start":{"line":327,"column":8},"end":{"line":327,"column":67}},"72":{"start":{"line":328,"column":8},"end":{"line":328,"column":28}},"73":{"start":{"line":353,"column":8},"end":{"line":353,"column":65}},"74":{"start":{"line":356,"column":8},"end":{"line":356,"column":17991}},"75":{"start":{"line":360,"column":8},"end":{"line":360,"column":71}},"76":{"start":{"line":361,"column":8},"end":{"line":361,"column":56}},"77":{"start":{"line":364,"column":8},"end":{"line":364,"column":74}},"78":{"start":{"line":365,"column":8},"end":{"line":365,"column":70}},"79":{"start":{"line":367,"column":8},"end":{"line":367,"column":18448}},"80":{"start":{"line":374,"column":8},"end":{"line":374,"column":63}},"81":{"start":{"line":375,"column":8},"end":{"line":375,"column":74}},"82":{"start":{"line":376,"column":8},"end":{"line":376,"column":29}},"83":{"start":{"line":403,"column":8},"end":{"line":403,"column":65}},"84":{"start":{"line":405,"column":8},"end":{"line":405,"column":47}},"85":{"start":{"line":406,"column":8},"end":{"line":406,"column":38}},"86":{"start":{"line":407,"column":8},"end":{"line":407,"column":20533}},"87":{"start":{"line":412,"column":8},"end":{"line":412,"column":20651}},"88":{"start":{"line":416,"column":8},"end":{"line":416,"column":70}},"89":{"start":{"line":419,"column":8},"end":{"line":419,"column":62}},"90":{"start":{"line":420,"column":8},"end":{"line":420,"column":56}},"91":{"start":{"line":421,"column":8},"end":{"line":421,"column":71}},"92":{"start":{"line":425,"column":8},"end":{"line":425,"column":74}},"93":{"start":{"line":426,"column":8},"end":{"line":426,"column":27}}},"branchMap":{}},"contracts/pools/balancer/BNum.sol":{"l":{"24":30,"31":15,"38":64,"39":64,"40":64,"47":184,"48":184,"49":184,"56":200,"57":188,"59":12,"67":125,"68":125,"69":125,"70":125,"71":125,"72":125,"79":90,"80":90,"81":90,"82":90,"83":90,"84":90,"85":90,"93":15,"94":15,"96":15,"97":9,"99":9,"100":9,"103":15,"113":15,"114":15,"116":15,"117":15,"119":15,"121":15,"122":12,"125":3,"126":3,"134":3,"135":3,"136":3,"137":3,"138":3,"145":3,"146":13,"147":13,"148":13,"149":13,"150":13,"152":13,"153":13,"154":13,"155":9,"157":4,"161":3},"path":"/home/andrea/ocean/v4Hardhat/contracts/pools/balancer/BNum.sol","s":{"1":30,"2":15,"3":64,"4":64,"5":64,"6":184,"7":184,"8":184,"9":200,"10":188,"11":12,"12":125,"13":125,"14":125,"15":125,"16":125,"17":125,"18":90,"19":90,"20":90,"21":90,"22":90,"23":90,"24":90,"25":15,"26":15,"27":15,"28":9,"29":9,"30":9,"31":15,"32":15,"33":15,"34":15,"35":15,"36":15,"37":15,"38":12,"39":3,"40":3,"41":3,"42":3,"43":3,"44":3,"45":3,"46":3,"47":13,"48":13,"49":13,"50":13,"51":13,"52":13,"53":6,"54":13,"55":10,"56":13,"57":9,"58":4,"59":3},"b":{"1":[64,0],"2":[184,0],"3":[188,12],"4":[125,0],"5":[125,0],"6":[90,0],"7":[90,0],"8":[90,0],"9":[9,0],"10":[15,0],"11":[15,0],"12":[12,3],"13":[0,13],"14":[6,7],"15":[10,3],"16":[9,4]},"f":{"1":30,"2":15,"3":64,"4":184,"5":200,"6":125,"7":90,"8":15,"9":15,"10":3},"fnMap":{"1":{"name":"btoi","line":20,"loc":{"start":{"line":20,"column":4},"end":{"line":25,"column":4}}},"2":{"name":"bfloor","line":27,"loc":{"start":{"line":27,"column":4},"end":{"line":32,"column":4}}},"3":{"name":"badd","line":34,"loc":{"start":{"line":34,"column":4},"end":{"line":41,"column":4}}},"4":{"name":"bsub","line":43,"loc":{"start":{"line":43,"column":4},"end":{"line":50,"column":4}}},"5":{"name":"bsubSign","line":52,"loc":{"start":{"line":52,"column":4},"end":{"line":61,"column":4}}},"6":{"name":"bmul","line":63,"loc":{"start":{"line":63,"column":4},"end":{"line":73,"column":4}}},"7":{"name":"bdiv","line":75,"loc":{"start":{"line":75,"column":4},"end":{"line":86,"column":4}}},"8":{"name":"bpowi","line":89,"loc":{"start":{"line":89,"column":4},"end":{"line":104,"column":4}}},"9":{"name":"bpow","line":109,"loc":{"start":{"line":109,"column":4},"end":{"line":127,"column":4}}},"10":{"name":"bpowApprox","line":129,"loc":{"start":{"line":129,"column":4},"end":{"line":162,"column":4}}}},"statementMap":{"1":{"start":{"line":24,"column":8},"end":{"line":24,"column":23}},"2":{"start":{"line":31,"column":8},"end":{"line":31,"column":29}},"3":{"start":{"line":38,"column":8},"end":{"line":38,"column":22}},"4":{"start":{"line":39,"column":8},"end":{"line":39,"column":42}},"5":{"start":{"line":40,"column":8},"end":{"line":40,"column":16}},"6":{"start":{"line":47,"column":8},"end":{"line":47,"column":44}},"7":{"start":{"line":48,"column":8},"end":{"line":48,"column":42}},"8":{"start":{"line":49,"column":8},"end":{"line":49,"column":16}},"9":{"start":{"line":56,"column":8},"end":{"line":56,"column":1439}},"10":{"start":{"line":57,"column":12},"end":{"line":57,"column":33}},"11":{"start":{"line":59,"column":12},"end":{"line":59,"column":32}},"12":{"start":{"line":67,"column":8},"end":{"line":67,"column":23}},"13":{"start":{"line":68,"column":8},"end":{"line":68,"column":57}},"14":{"start":{"line":69,"column":8},"end":{"line":69,"column":33}},"15":{"start":{"line":70,"column":8},"end":{"line":70,"column":44}},"16":{"start":{"line":71,"column":8},"end":{"line":71,"column":27}},"17":{"start":{"line":72,"column":8},"end":{"line":72,"column":17}},"18":{"start":{"line":79,"column":8},"end":{"line":79,"column":38}},"19":{"start":{"line":80,"column":8},"end":{"line":80,"column":26}},"20":{"start":{"line":81,"column":8},"end":{"line":81,"column":60}},"21":{"start":{"line":82,"column":8},"end":{"line":82,"column":30}},"22":{"start":{"line":83,"column":8},"end":{"line":83,"column":44}},"23":{"start":{"line":84,"column":8},"end":{"line":84,"column":24}},"24":{"start":{"line":85,"column":8},"end":{"line":85,"column":17}},"25":{"start":{"line":93,"column":8},"end":{"line":93,"column":18}},"26":{"start":{"line":94,"column":8},"end":{"line":94,"column":38}},"27":{"start":{"line":96,"column":8},"end":{"line":96,"column":2419}},"28":{"start":{"line":97,"column":12},"end":{"line":97,"column":25}},"29":{"start":{"line":99,"column":12},"end":{"line":99,"column":2495}},"30":{"start":{"line":100,"column":16},"end":{"line":100,"column":29}},"31":{"start":{"line":103,"column":8},"end":{"line":103,"column":16}},"32":{"start":{"line":113,"column":8},"end":{"line":113,"column":62}},"33":{"start":{"line":114,"column":8},"end":{"line":114,"column":63}},"34":{"start":{"line":116,"column":8},"end":{"line":116,"column":32}},"35":{"start":{"line":117,"column":8},"end":{"line":117,"column":38}},"36":{"start":{"line":119,"column":8},"end":{"line":119,"column":48}},"37":{"start":{"line":121,"column":8},"end":{"line":121,"column":3096}},"38":{"start":{"line":122,"column":12},"end":{"line":122,"column":27}},"39":{"start":{"line":125,"column":8},"end":{"line":125,"column":69}},"40":{"start":{"line":126,"column":8},"end":{"line":126,"column":44}},"41":{"start":{"line":134,"column":8},"end":{"line":134,"column":20}},"42":{"start":{"line":135,"column":8},"end":{"line":135,"column":50}},"43":{"start":{"line":136,"column":8},"end":{"line":136,"column":24}},"44":{"start":{"line":137,"column":8},"end":{"line":137,"column":23}},"45":{"start":{"line":138,"column":8},"end":{"line":138,"column":29}},"46":{"start":{"line":145,"column":8},"end":{"line":145,"column":3801}},"47":{"start":{"line":146,"column":12},"end":{"line":146,"column":32}},"48":{"start":{"line":147,"column":12},"end":{"line":147,"column":63}},"49":{"start":{"line":148,"column":12},"end":{"line":148,"column":40}},"50":{"start":{"line":149,"column":12},"end":{"line":149,"column":34}},"51":{"start":{"line":150,"column":12},"end":{"line":150,"column":32}},"52":{"start":{"line":152,"column":12},"end":{"line":152,"column":42}},"53":{"start":{"line":152,"column":22},"end":{"line":152,"column":41}},"54":{"start":{"line":153,"column":12},"end":{"line":153,"column":42}},"55":{"start":{"line":153,"column":22},"end":{"line":153,"column":41}},"56":{"start":{"line":154,"column":12},"end":{"line":154,"column":4162}},"57":{"start":{"line":155,"column":16},"end":{"line":155,"column":36}},"58":{"start":{"line":157,"column":16},"end":{"line":157,"column":36}},"59":{"start":{"line":161,"column":8},"end":{"line":161,"column":18}}},"branchMap":{"1":{"line":39,"type":"if","locations":[{"start":{"line":39,"column":8},"end":{"line":39,"column":8}},{"start":{"line":39,"column":8},"end":{"line":39,"column":8}}]},"2":{"line":48,"type":"if","locations":[{"start":{"line":48,"column":8},"end":{"line":48,"column":8}},{"start":{"line":48,"column":8},"end":{"line":48,"column":8}}]},"3":{"line":56,"type":"if","locations":[{"start":{"line":56,"column":8},"end":{"line":56,"column":8}},{"start":{"line":56,"column":8},"end":{"line":56,"column":8}}]},"4":{"line":68,"type":"if","locations":[{"start":{"line":68,"column":8},"end":{"line":68,"column":8}},{"start":{"line":68,"column":8},"end":{"line":68,"column":8}}]},"5":{"line":70,"type":"if","locations":[{"start":{"line":70,"column":8},"end":{"line":70,"column":8}},{"start":{"line":70,"column":8},"end":{"line":70,"column":8}}]},"6":{"line":79,"type":"if","locations":[{"start":{"line":79,"column":8},"end":{"line":79,"column":8}},{"start":{"line":79,"column":8},"end":{"line":79,"column":8}}]},"7":{"line":81,"type":"if","locations":[{"start":{"line":81,"column":8},"end":{"line":81,"column":8}},{"start":{"line":81,"column":8},"end":{"line":81,"column":8}}]},"8":{"line":83,"type":"if","locations":[{"start":{"line":83,"column":8},"end":{"line":83,"column":8}},{"start":{"line":83,"column":8},"end":{"line":83,"column":8}}]},"9":{"line":99,"type":"if","locations":[{"start":{"line":99,"column":12},"end":{"line":99,"column":12}},{"start":{"line":99,"column":12},"end":{"line":99,"column":12}}]},"10":{"line":113,"type":"if","locations":[{"start":{"line":113,"column":8},"end":{"line":113,"column":8}},{"start":{"line":113,"column":8},"end":{"line":113,"column":8}}]},"11":{"line":114,"type":"if","locations":[{"start":{"line":114,"column":8},"end":{"line":114,"column":8}},{"start":{"line":114,"column":8},"end":{"line":114,"column":8}}]},"12":{"line":121,"type":"if","locations":[{"start":{"line":121,"column":8},"end":{"line":121,"column":8}},{"start":{"line":121,"column":8},"end":{"line":121,"column":8}}]},"13":{"line":150,"type":"if","locations":[{"start":{"line":150,"column":12},"end":{"line":150,"column":12}},{"start":{"line":150,"column":12},"end":{"line":150,"column":12}}]},"14":{"line":152,"type":"if","locations":[{"start":{"line":152,"column":12},"end":{"line":152,"column":12}},{"start":{"line":152,"column":12},"end":{"line":152,"column":12}}]},"15":{"line":153,"type":"if","locations":[{"start":{"line":153,"column":12},"end":{"line":153,"column":12}},{"start":{"line":153,"column":12},"end":{"line":153,"column":12}}]},"16":{"line":154,"type":"if","locations":[{"start":{"line":154,"column":12},"end":{"line":154,"column":12}},{"start":{"line":154,"column":12},"end":{"line":154,"column":12}}]}}},"contracts/pools/balancer/BPool.sol":{"l":{"72":11,"73":11,"74":11,"75":11,"79":0,"80":0,"107":0,"137":2,"138":2,"139":2,"140":2,"141":2,"142":2,"164":2,"165":2,"166":2,"169":2,"170":2,"171":2,"172":2,"173":2,"174":2,"175":2,"176":2,"177":2,"178":2,"179":2,"191":2,"192":2,"196":2,"204":2,"205":2,"213":2,"214":2,"221":2,"228":0,"232":3,"236":0,"240":0,"249":0,"258":0,"259":0,"263":0,"264":0,"265":0,"266":0,"267":0,"268":0,"274":0,"276":0,"277":0,"278":0,"279":0,"280":0,"285":0,"286":0,"295":0,"296":0,"305":0,"314":0,"315":0,"316":0,"325":0,"326":0,"330":0,"334":2,"338":2,"342":2,"346":0,"347":0,"348":0,"349":0,"350":0,"370":2,"371":2,"373":2,"374":2,"382":4,"383":4,"384":4,"386":4,"388":4,"394":4,"395":4,"403":4,"404":4,"405":4,"408":4,"409":4,"410":4,"411":4,"413":0,"415":4,"418":4,"419":4,"420":4,"421":4,"424":0,"425":0,"426":0,"431":0,"475":0,"476":0,"477":0,"478":0,"479":0,"516":1,"519":1,"520":1,"521":1,"522":1,"523":2,"524":2,"525":2,"526":2,"527":2,"528":2,"529":2,"530":2,"532":1,"533":1,"534":1,"542":1,"545":1,"546":1,"547":1,"548":1,"549":1,"551":1,"552":1,"553":1,"555":1,"556":2,"557":2,"558":2,"559":2,"560":2,"561":2,"562":2,"563":2,"574":2,"576":2,"577":2,"579":2,"580":2,"582":2,"587":2,"596":2,"597":2,"598":2,"604":2,"612":2,"614":2,"615":2,"617":2,"627":2,"628":2,"634":2,"640":2,"649":2,"650":2,"652":2,"662":1,"663":1,"664":1,"666":1,"667":1,"669":1,"674":1,"682":1,"684":1,"685":1,"692":1,"701":1,"703":1,"704":1,"706":1,"714":1,"715":1,"716":1,"721":1,"730":1,"731":1,"733":1,"745":1,"746":1,"747":1,"752":1,"753":1,"754":1,"756":1,"757":0,"766":1,"767":1,"778":1,"780":1,"789":1,"791":1,"793":1,"794":1,"795":1,"796":1,"798":1,"803":1,"812":1,"820":1,"823":1,"824":1,"830":1,"831":1,"832":1,"833":1,"835":1,"847":1,"848":1,"850":1,"852":1,"862":1,"863":1,"864":1,"866":1,"867":0,"876":1,"877":1,"888":1,"889":1,"891":1,"896":1,"898":1,"899":1,"900":1,"901":1,"902":1,"906":1,"914":1,"919":1,"921":1,"922":1,"928":1,"929":1,"930":1,"932":1,"941":2,"942":2,"944":2,"946":2,"955":2,"957":2,"962":2,"963":2,"964":2,"965":1,"968":1,"969":1,"974":2,"976":2,"978":2,"979":2,"981":2,"983":2,"984":2,"985":2,"989":2,"998":2,"1005":1,"1006":1,"1007":1,"1013":1,"1014":1,"1015":1,"1016":1,"1018":1,"1020":2,"1032":2,"1033":2,"1034":2,"1039":2,"1040":2,"1041":2,"1042":2,"1043":1,"1052":1,"1053":1,"1063":2,"1065":2,"1074":2,"1075":2,"1077":2,"1079":2,"1081":2,"1082":2,"1083":2,"1084":2,"1085":2,"1086":2,"1090":2,"1098":2,"1105":1,"1106":1,"1107":1,"1113":1,"1114":1,"1115":1,"1116":1,"1118":1,"1120":2,"1133":13,"1136":13,"1144":11,"1145":11,"1149":7,"1153":14,"1157":7,"1161":7},"path":"/home/andrea/ocean/v4Hardhat/contracts/pools/balancer/BPool.sol","s":{"1":11,"2":11,"3":11,"4":0,"5":0,"6":2,"7":2,"8":2,"9":2,"10":2,"11":2,"12":2,"13":2,"14":2,"15":2,"16":2,"17":2,"18":2,"19":2,"20":2,"21":2,"22":2,"23":2,"24":2,"25":2,"26":2,"27":2,"28":2,"29":2,"30":2,"31":2,"32":2,"33":2,"34":0,"35":3,"36":0,"37":0,"38":0,"39":0,"40":0,"41":0,"42":0,"43":0,"44":0,"45":0,"46":0,"47":0,"48":0,"49":0,"50":0,"51":0,"52":0,"53":0,"54":0,"55":0,"56":0,"57":0,"58":0,"59":0,"60":0,"61":0,"62":0,"63":0,"64":2,"65":2,"66":2,"67":0,"68":0,"69":0,"70":0,"71":0,"72":2,"73":2,"74":2,"75":2,"76":4,"77":4,"78":4,"79":4,"80":4,"81":4,"82":4,"83":4,"84":4,"85":4,"86":4,"87":4,"88":4,"89":4,"90":0,"91":0,"92":4,"93":4,"94":4,"95":4,"96":4,"97":0,"98":0,"99":0,"100":0,"101":0,"102":0,"103":0,"104":0,"105":0,"106":0,"107":1,"108":1,"109":1,"110":1,"111":1,"112":2,"113":2,"114":2,"115":2,"116":2,"117":2,"118":2,"119":2,"120":1,"121":1,"122":1,"123":1,"124":1,"125":1,"126":1,"127":1,"128":1,"129":1,"130":1,"131":1,"132":1,"133":2,"134":2,"135":2,"136":2,"137":2,"138":2,"139":2,"140":2,"141":2,"142":2,"143":2,"144":2,"145":2,"146":2,"147":2,"148":2,"149":2,"150":2,"151":2,"152":2,"153":2,"154":2,"155":2,"156":2,"157":2,"158":2,"159":2,"160":2,"161":2,"162":2,"163":1,"164":1,"165":1,"166":1,"167":1,"168":1,"169":1,"170":1,"171":1,"172":1,"173":1,"174":1,"175":1,"176":1,"177":1,"178":1,"179":1,"180":1,"181":1,"182":1,"183":1,"184":1,"185":1,"186":1,"187":1,"188":1,"189":1,"190":1,"191":1,"192":0,"193":1,"194":1,"195":1,"196":1,"197":1,"198":1,"199":1,"200":1,"201":1,"202":1,"203":1,"204":1,"205":1,"206":1,"207":1,"208":1,"209":1,"210":1,"211":1,"212":1,"213":1,"214":1,"215":1,"216":1,"217":1,"218":1,"219":1,"220":1,"221":1,"222":0,"223":1,"224":1,"225":1,"226":1,"227":1,"228":1,"229":1,"230":1,"231":1,"232":1,"233":1,"234":1,"235":1,"236":1,"237":1,"238":1,"239":1,"240":1,"241":1,"242":1,"243":2,"244":2,"245":2,"246":2,"247":2,"248":2,"249":2,"250":2,"251":2,"252":1,"253":1,"254":1,"255":2,"256":2,"257":2,"258":2,"259":2,"260":2,"261":2,"262":2,"263":2,"264":2,"265":1,"266":1,"267":1,"268":1,"269":1,"270":1,"271":1,"272":1,"273":2,"274":2,"275":2,"276":2,"277":2,"278":2,"279":2,"280":2,"281":1,"282":1,"283":1,"284":2,"285":2,"286":2,"287":2,"288":2,"289":2,"290":2,"291":2,"292":2,"293":2,"294":2,"295":2,"296":2,"297":2,"298":1,"299":1,"300":1,"301":1,"302":1,"303":1,"304":1,"305":1,"306":2,"307":13,"308":13,"309":11,"310":11,"311":7,"312":14,"313":7,"314":7},"b":{"1":[11,0],"2":[0,0],"3":[2,0],"4":[2,0],"5":[2,0],"6":[2,0],"7":[2,0],"8":[2,0],"9":[2,0],"10":[2,0],"11":[0,0],"12":[0,0],"13":[0,0],"14":[0,0],"15":[0,0],"16":[0,0],"17":[0,0],"18":[0,0],"19":[0,0],"20":[0,0],"21":[0,0],"22":[4,0],"23":[4,0],"24":[4,0],"25":[4,0],"26":[4,0],"27":[4,0],"28":[4,0],"29":[4,0],"30":[4,0],"31":[0,0],"32":[4,0],"33":[0,0],"34":[0,0],"35":[0,0],"36":[1,0],"37":[1,0],"38":[2,0],"39":[2,0],"40":[1,0],"41":[1,0],"42":[2,0],"43":[2,0],"44":[2,0],"45":[2,0],"46":[2,0],"47":[2,0],"48":[2,0],"49":[2,0],"50":[2,0],"51":[2,0],"52":[2,0],"53":[1,0],"54":[1,0],"55":[1,0],"56":[1,0],"57":[1,0],"58":[1,0],"59":[1,0],"60":[1,0],"61":[1,0],"62":[1,0],"63":[1,0],"64":[1,0],"65":[0,1],"66":[1,0],"67":[1,0],"68":[1,0],"69":[1,0],"70":[0,1],"71":[1,0],"72":[1,0],"73":[1,0],"74":[1,0],"75":[2,0],"76":[2,0],"77":[2,0],"78":[2,0],"79":[1,1],"80":[1,1],"81":[2,0],"82":[2,0],"83":[2,0],"84":[1,1],"85":[2,0],"86":[2,0],"87":[1,1],"88":[13,0],"89":[11,0]},"f":{"1":11,"2":0,"3":0,"4":2,"5":2,"6":2,"7":0,"8":3,"9":0,"10":0,"11":0,"12":0,"13":0,"14":0,"15":0,"16":0,"17":0,"18":0,"19":0,"20":0,"21":2,"22":2,"23":2,"24":0,"25":2,"26":4,"27":4,"28":0,"29":1,"30":1,"31":2,"32":1,"33":1,"34":1,"35":2,"36":2,"37":13,"38":11,"39":7,"40":14,"41":7,"42":7},"fnMap":{"1":{"name":"_lock_","line":71,"loc":{"start":{"line":71,"column":4},"end":{"line":76,"column":4}}},"2":{"name":"_viewlock_","line":78,"loc":{"start":{"line":78,"column":4},"end":{"line":81,"column":4}}},"3":{"name":"isInitialized","line":106,"loc":{"start":{"line":106,"column":4},"end":{"line":108,"column":4}}},"4":{"name":"initialize","line":127,"loc":{"start":{"line":127,"column":4},"end":{"line":152,"column":4}}},"5":{"name":"_initialize","line":155,"loc":{"start":{"line":155,"column":4},"end":{"line":180,"column":4}}},"6":{"name":"setup","line":183,"loc":{"start":{"line":183,"column":4},"end":{"line":222,"column":4}}},"7":{"name":"isPublicSwap","line":227,"loc":{"start":{"line":227,"column":4},"end":{"line":229,"column":4}}},"8":{"name":"isFinalized","line":231,"loc":{"start":{"line":231,"column":4},"end":{"line":233,"column":4}}},"9":{"name":"isBound","line":235,"loc":{"start":{"line":235,"column":4},"end":{"line":237,"column":4}}},"10":{"name":"getNumTokens","line":239,"loc":{"start":{"line":239,"column":4},"end":{"line":241,"column":4}}},"11":{"name":"getCurrentTokens","line":246,"loc":{"start":{"line":243,"column":4},"end":{"line":250,"column":4}}},"12":{"name":"getFinalTokens","line":255,"loc":{"start":{"line":252,"column":4},"end":{"line":260,"column":4}}},"13":{"name":"collectOPF","line":262,"loc":{"start":{"line":262,"column":4},"end":{"line":270,"column":4}}},"14":{"name":"collectMarketFee","line":272,"loc":{"start":{"line":272,"column":4},"end":{"line":282,"column":4}}},"15":{"name":"updateMarketFeeCollector","line":284,"loc":{"start":{"line":284,"column":4},"end":{"line":287,"column":4}}},"16":{"name":"getDenormalizedWeight","line":292,"loc":{"start":{"line":289,"column":4},"end":{"line":297,"column":4}}},"17":{"name":"getTotalDenormalizedWeight","line":302,"loc":{"start":{"line":299,"column":4},"end":{"line":306,"column":4}}},"18":{"name":"getNormalizedWeight","line":311,"loc":{"start":{"line":308,"column":4},"end":{"line":317,"column":4}}},"19":{"name":"getBalance","line":322,"loc":{"start":{"line":319,"column":4},"end":{"line":327,"column":4}}},"20":{"name":"getSwapFee","line":329,"loc":{"start":{"line":329,"column":4},"end":{"line":331,"column":4}}},"21":{"name":"getController","line":333,"loc":{"start":{"line":333,"column":4},"end":{"line":335,"column":4}}},"22":{"name":"getDataTokenAddress","line":337,"loc":{"start":{"line":337,"column":4},"end":{"line":339,"column":4}}},"23":{"name":"getBaseTokenAddress","line":341,"loc":{"start":{"line":341,"column":4},"end":{"line":343,"column":4}}},"24":{"name":"setSwapFee","line":345,"loc":{"start":{"line":345,"column":4},"end":{"line":351,"column":4}}},"25":{"name":"finalize","line":365,"loc":{"start":{"line":365,"column":4},"end":{"line":375,"column":4}}},"26":{"name":"bind","line":377,"loc":{"start":{"line":377,"column":4},"end":{"line":396,"column":4}}},"27":{"name":"rebind","line":398,"loc":{"start":{"line":398,"column":4},"end":{"line":433,"column":4}}},"28":{"name":"getSpotPrice","line":472,"loc":{"start":{"line":469,"column":4},"end":{"line":487,"column":4}}},"29":{"name":"joinPool","line":510,"loc":{"start":{"line":508,"column":4},"end":{"line":535,"column":4}}},"30":{"name":"exitPool","line":539,"loc":{"start":{"line":537,"column":4},"end":{"line":565,"column":4}}},"31":{"name":"swapExactAmountIn","line":573,"loc":{"start":{"line":567,"column":4},"end":{"line":653,"column":4}}},"32":{"name":"swapExactAmountOut","line":661,"loc":{"start":{"line":655,"column":4},"end":{"line":734,"column":4}}},"33":{"name":"joinswapExternAmountIn","line":740,"loc":{"start":{"line":736,"column":4},"end":{"line":836,"column":4}}},"34":{"name":"joinswapPoolAmountOut","line":842,"loc":{"start":{"line":838,"column":4},"end":{"line":933,"column":4}}},"35":{"name":"exitswapPoolAmountIn","line":939,"loc":{"start":{"line":935,"column":4},"end":{"line":1021,"column":4}}},"36":{"name":"exitswapExternAmountOut","line":1027,"loc":{"start":{"line":1023,"column":4},"end":{"line":1121,"column":4}}},"37":{"name":"_pullUnderlying","line":1127,"loc":{"start":{"line":1127,"column":4},"end":{"line":1137,"column":4}}},"38":{"name":"_pushUnderlying","line":1139,"loc":{"start":{"line":1139,"column":4},"end":{"line":1146,"column":4}}},"39":{"name":"_pullPoolShare","line":1148,"loc":{"start":{"line":1148,"column":4},"end":{"line":1150,"column":4}}},"40":{"name":"_pushPoolShare","line":1152,"loc":{"start":{"line":1152,"column":4},"end":{"line":1154,"column":4}}},"41":{"name":"_mintPoolShare","line":1156,"loc":{"start":{"line":1156,"column":4},"end":{"line":1158,"column":4}}},"42":{"name":"_burnPoolShare","line":1160,"loc":{"start":{"line":1160,"column":4},"end":{"line":1162,"column":4}}}},"statementMap":{"1":{"start":{"line":72,"column":8},"end":{"line":72,"column":38}},"2":{"start":{"line":73,"column":8},"end":{"line":73,"column":20}},"3":{"start":{"line":75,"column":8},"end":{"line":75,"column":21}},"4":{"start":{"line":79,"column":8},"end":{"line":79,"column":38}},"5":{"start":{"line":107,"column":8},"end":{"line":107,"column":26}},"6":{"start":{"line":137,"column":8},"end":{"line":137,"column":55}},"7":{"start":{"line":138,"column":8},"end":{"line":138,"column":74}},"8":{"start":{"line":139,"column":8},"end":{"line":139,"column":68}},"9":{"start":{"line":140,"column":8},"end":{"line":140,"column":53}},"10":{"start":{"line":141,"column":8},"end":{"line":141,"column":53}},"11":{"start":{"line":142,"column":8},"end":{"line":142,"column":4313}},"12":{"start":{"line":164,"column":8},"end":{"line":164,"column":31}},"13":{"start":{"line":165,"column":8},"end":{"line":165,"column":25}},"14":{"start":{"line":166,"column":8},"end":{"line":166,"column":29}},"15":{"start":{"line":169,"column":8},"end":{"line":169,"column":35}},"16":{"start":{"line":170,"column":9},"end":{"line":170,"column":35}},"17":{"start":{"line":171,"column":8},"end":{"line":171,"column":31}},"18":{"start":{"line":172,"column":8},"end":{"line":172,"column":29}},"19":{"start":{"line":173,"column":8},"end":{"line":173,"column":36}},"20":{"start":{"line":174,"column":8},"end":{"line":174,"column":36}},"21":{"start":{"line":175,"column":8},"end":{"line":175,"column":42}},"22":{"start":{"line":176,"column":8},"end":{"line":176,"column":39}},"23":{"start":{"line":177,"column":8},"end":{"line":177,"column":25}},"24":{"start":{"line":178,"column":8},"end":{"line":178,"column":45}},"25":{"start":{"line":179,"column":8},"end":{"line":179,"column":26}},"26":{"start":{"line":191,"column":8},"end":{"line":191,"column":67}},"27":{"start":{"line":192,"column":8},"end":{"line":192,"column":5829}},"28":{"start":{"line":196,"column":8},"end":{"line":196,"column":5952}},"29":{"start":{"line":204,"column":8},"end":{"line":204,"column":63}},"30":{"start":{"line":205,"column":8},"end":{"line":205,"column":6301}},"31":{"start":{"line":213,"column":8},"end":{"line":213,"column":63}},"32":{"start":{"line":214,"column":8},"end":{"line":214,"column":6540}},"33":{"start":{"line":221,"column":8},"end":{"line":221,"column":17}},"34":{"start":{"line":228,"column":8},"end":{"line":228,"column":26}},"35":{"start":{"line":232,"column":8},"end":{"line":232,"column":25}},"36":{"start":{"line":236,"column":8},"end":{"line":236,"column":32}},"37":{"start":{"line":240,"column":8},"end":{"line":240,"column":29}},"38":{"start":{"line":249,"column":8},"end":{"line":249,"column":22}},"39":{"start":{"line":258,"column":8},"end":{"line":258,"column":47}},"40":{"start":{"line":259,"column":8},"end":{"line":259,"column":22}},"41":{"start":{"line":263,"column":8},"end":{"line":263,"column":55}},"42":{"start":{"line":264,"column":8},"end":{"line":264,"column":50}},"43":{"start":{"line":265,"column":8},"end":{"line":265,"column":7763}},"44":{"start":{"line":266,"column":12},"end":{"line":266,"column":53}},"45":{"start":{"line":267,"column":12},"end":{"line":267,"column":39}},"46":{"start":{"line":268,"column":12},"end":{"line":268,"column":49}},"47":{"start":{"line":274,"column":8},"end":{"line":274,"column":71}},"48":{"start":{"line":276,"column":8},"end":{"line":276,"column":50}},"49":{"start":{"line":277,"column":8},"end":{"line":277,"column":8203}},"50":{"start":{"line":278,"column":12},"end":{"line":278,"column":50}},"51":{"start":{"line":279,"column":12},"end":{"line":279,"column":36}},"52":{"start":{"line":280,"column":12},"end":{"line":280,"column":49}},"53":{"start":{"line":285,"column":8},"end":{"line":285,"column":71}},"54":{"start":{"line":286,"column":8},"end":{"line":286,"column":39}},"55":{"start":{"line":295,"column":8},"end":{"line":295,"column":54}},"56":{"start":{"line":296,"column":8},"end":{"line":296,"column":37}},"57":{"start":{"line":305,"column":8},"end":{"line":305,"column":27}},"58":{"start":{"line":314,"column":8},"end":{"line":314,"column":54}},"59":{"start":{"line":315,"column":8},"end":{"line":315,"column":47}},"60":{"start":{"line":316,"column":8},"end":{"line":316,"column":41}},"61":{"start":{"line":325,"column":8},"end":{"line":325,"column":54}},"62":{"start":{"line":326,"column":8},"end":{"line":326,"column":38}},"63":{"start":{"line":330,"column":8},"end":{"line":330,"column":23}},"64":{"start":{"line":334,"column":8},"end":{"line":334,"column":26}},"65":{"start":{"line":338,"column":8},"end":{"line":338,"column":32}},"66":{"start":{"line":342,"column":8},"end":{"line":342,"column":32}},"67":{"start":{"line":346,"column":8},"end":{"line":346,"column":47}},"68":{"start":{"line":347,"column":8},"end":{"line":347,"column":63}},"69":{"start":{"line":348,"column":8},"end":{"line":348,"column":49}},"70":{"start":{"line":349,"column":8},"end":{"line":349,"column":49}},"71":{"start":{"line":350,"column":8},"end":{"line":350,"column":25}},"72":{"start":{"line":370,"column":8},"end":{"line":370,"column":24}},"73":{"start":{"line":371,"column":8},"end":{"line":371,"column":25}},"74":{"start":{"line":373,"column":8},"end":{"line":373,"column":39}},"75":{"start":{"line":374,"column":8},"end":{"line":374,"column":51}},"76":{"start":{"line":382,"column":8},"end":{"line":382,"column":63}},"77":{"start":{"line":383,"column":8},"end":{"line":383,"column":54}},"78":{"start":{"line":384,"column":8},"end":{"line":384,"column":47}},"79":{"start":{"line":386,"column":8},"end":{"line":386,"column":67}},"80":{"start":{"line":388,"column":8},"end":{"line":388,"column":11436}},"81":{"start":{"line":394,"column":8},"end":{"line":394,"column":26}},"82":{"start":{"line":395,"column":8},"end":{"line":395,"column":37}},"83":{"start":{"line":403,"column":8},"end":{"line":403,"column":54}},"84":{"start":{"line":404,"column":8},"end":{"line":404,"column":54}},"85":{"start":{"line":405,"column":8},"end":{"line":405,"column":57}},"86":{"start":{"line":408,"column":8},"end":{"line":408,"column":50}},"87":{"start":{"line":409,"column":8},"end":{"line":409,"column":12108}},"88":{"start":{"line":410,"column":12},"end":{"line":410,"column":69}},"89":{"start":{"line":411,"column":12},"end":{"line":411,"column":76}},"90":{"start":{"line":412,"column":15},"end":{"line":412,"column":12300}},"91":{"start":{"line":413,"column":12},"end":{"line":413,"column":69}},"92":{"start":{"line":415,"column":8},"end":{"line":415,"column":38}},"93":{"start":{"line":418,"column":8},"end":{"line":418,"column":52}},"94":{"start":{"line":419,"column":8},"end":{"line":419,"column":40}},"95":{"start":{"line":420,"column":8},"end":{"line":420,"column":12617}},"96":{"start":{"line":421,"column":12},"end":{"line":421,"column":72}},"97":{"start":{"line":422,"column":15},"end":{"line":422,"column":12735}},"98":{"start":{"line":424,"column":12},"end":{"line":424,"column":69}},"99":{"start":{"line":425,"column":12},"end":{"line":425,"column":72}},"100":{"start":{"line":426,"column":12},"end":{"line":426,"column":13001}},"101":{"start":{"line":431,"column":12},"end":{"line":431,"column":57}},"102":{"start":{"line":475,"column":8},"end":{"line":475,"column":56}},"103":{"start":{"line":476,"column":8},"end":{"line":476,"column":57}},"104":{"start":{"line":477,"column":8},"end":{"line":477,"column":51}},"105":{"start":{"line":478,"column":8},"end":{"line":478,"column":53}},"106":{"start":{"line":479,"column":8},"end":{"line":479,"column":14945}},"107":{"start":{"line":516,"column":8},"end":{"line":516,"column":47}},"108":{"start":{"line":519,"column":8},"end":{"line":519,"column":41}},"109":{"start":{"line":520,"column":8},"end":{"line":520,"column":54}},"110":{"start":{"line":521,"column":8},"end":{"line":521,"column":45}},"111":{"start":{"line":522,"column":8},"end":{"line":522,"column":16322}},"112":{"start":{"line":523,"column":12},"end":{"line":523,"column":34}},"113":{"start":{"line":524,"column":12},"end":{"line":524,"column":45}},"114":{"start":{"line":525,"column":12},"end":{"line":525,"column":52}},"115":{"start":{"line":526,"column":12},"end":{"line":526,"column":57}},"116":{"start":{"line":527,"column":12},"end":{"line":527,"column":68}},"117":{"start":{"line":528,"column":12},"end":{"line":528,"column":73}},"118":{"start":{"line":529,"column":12},"end":{"line":529,"column":72}},"119":{"start":{"line":530,"column":12},"end":{"line":530,"column":56}},"120":{"start":{"line":532,"column":8},"end":{"line":532,"column":36}},"121":{"start":{"line":533,"column":8},"end":{"line":533,"column":48}},"122":{"start":{"line":534,"column":8},"end":{"line":534,"column":35}},"123":{"start":{"line":542,"column":8},"end":{"line":542,"column":47}},"124":{"start":{"line":545,"column":8},"end":{"line":545,"column":41}},"125":{"start":{"line":546,"column":8},"end":{"line":546,"column":54}},"126":{"start":{"line":547,"column":8},"end":{"line":547,"column":61}},"127":{"start":{"line":548,"column":8},"end":{"line":548,"column":56}},"128":{"start":{"line":549,"column":8},"end":{"line":549,"column":45}},"129":{"start":{"line":551,"column":8},"end":{"line":551,"column":47}},"130":{"start":{"line":552,"column":8},"end":{"line":552,"column":40}},"131":{"start":{"line":553,"column":8},"end":{"line":553,"column":38}},"132":{"start":{"line":555,"column":8},"end":{"line":555,"column":17573}},"133":{"start":{"line":556,"column":12},"end":{"line":556,"column":34}},"134":{"start":{"line":557,"column":12},"end":{"line":557,"column":45}},"135":{"start":{"line":558,"column":12},"end":{"line":558,"column":53}},"136":{"start":{"line":559,"column":12},"end":{"line":559,"column":58}},"137":{"start":{"line":560,"column":12},"end":{"line":560,"column":71}},"138":{"start":{"line":561,"column":12},"end":{"line":561,"column":74}},"139":{"start":{"line":562,"column":12},"end":{"line":562,"column":73}},"140":{"start":{"line":563,"column":12},"end":{"line":563,"column":57}},"141":{"start":{"line":574,"column":8},"end":{"line":574,"column":47}},"142":{"start":{"line":576,"column":8},"end":{"line":576,"column":56}},"143":{"start":{"line":577,"column":8},"end":{"line":577,"column":57}},"144":{"start":{"line":579,"column":8},"end":{"line":579,"column":60}},"145":{"start":{"line":580,"column":8},"end":{"line":580,"column":62}},"146":{"start":{"line":582,"column":8},"end":{"line":582,"column":18733}},"147":{"start":{"line":587,"column":8},"end":{"line":587,"column":18861}},"148":{"start":{"line":596,"column":8},"end":{"line":596,"column":66}},"149":{"start":{"line":597,"column":8},"end":{"line":597,"column":30}},"150":{"start":{"line":598,"column":8},"end":{"line":598,"column":19239}},"151":{"start":{"line":604,"column":8},"end":{"line":604,"column":19403}},"152":{"start":{"line":612,"column":8},"end":{"line":612,"column":63}},"153":{"start":{"line":614,"column":8},"end":{"line":614,"column":64}},"154":{"start":{"line":615,"column":8},"end":{"line":615,"column":66}},"155":{"start":{"line":617,"column":8},"end":{"line":617,"column":19919}},"156":{"start":{"line":627,"column":8},"end":{"line":627,"column":68}},"157":{"start":{"line":628,"column":8},"end":{"line":628,"column":61}},"158":{"start":{"line":634,"column":8},"end":{"line":634,"column":20682}},"159":{"start":{"line":640,"column":8},"end":{"line":640,"column":20838}},"160":{"start":{"line":649,"column":8},"end":{"line":649,"column":58}},"161":{"start":{"line":650,"column":8},"end":{"line":650,"column":60}},"162":{"start":{"line":652,"column":8},"end":{"line":652,"column":47}},"163":{"start":{"line":662,"column":8},"end":{"line":662,"column":47}},"164":{"start":{"line":663,"column":8},"end":{"line":663,"column":56}},"165":{"start":{"line":664,"column":8},"end":{"line":664,"column":57}},"166":{"start":{"line":666,"column":8},"end":{"line":666,"column":60}},"167":{"start":{"line":667,"column":8},"end":{"line":667,"column":62}},"168":{"start":{"line":669,"column":8},"end":{"line":669,"column":21812}},"169":{"start":{"line":674,"column":8},"end":{"line":674,"column":21944}},"170":{"start":{"line":682,"column":8},"end":{"line":682,"column":66}},"171":{"start":{"line":684,"column":8},"end":{"line":684,"column":28}},"172":{"start":{"line":685,"column":8},"end":{"line":685,"column":22434}},"173":{"start":{"line":692,"column":8},"end":{"line":692,"column":22599}},"174":{"start":{"line":701,"column":8},"end":{"line":701,"column":60}},"175":{"start":{"line":703,"column":8},"end":{"line":703,"column":62}},"176":{"start":{"line":704,"column":8},"end":{"line":704,"column":66}},"177":{"start":{"line":706,"column":8},"end":{"line":706,"column":23131}},"178":{"start":{"line":714,"column":8},"end":{"line":714,"column":68}},"179":{"start":{"line":715,"column":8},"end":{"line":715,"column":61}},"180":{"start":{"line":716,"column":8},"end":{"line":716,"column":23470}},"181":{"start":{"line":721,"column":8},"end":{"line":721,"column":23598}},"182":{"start":{"line":730,"column":8},"end":{"line":730,"column":58}},"183":{"start":{"line":731,"column":8},"end":{"line":731,"column":60}},"184":{"start":{"line":733,"column":8},"end":{"line":733,"column":46}},"185":{"start":{"line":745,"column":8},"end":{"line":745,"column":47}},"186":{"start":{"line":746,"column":8},"end":{"line":746,"column":56}},"187":{"start":{"line":747,"column":8},"end":{"line":747,"column":24455}},"188":{"start":{"line":752,"column":8},"end":{"line":752,"column":20}},"189":{"start":{"line":753,"column":8},"end":{"line":753,"column":63}},"190":{"start":{"line":754,"column":8},"end":{"line":754,"column":28}},"191":{"start":{"line":756,"column":8},"end":{"line":756,"column":24733}},"192":{"start":{"line":757,"column":12},"end":{"line":757,"column":43}},"193":{"start":{"line":766,"column":12},"end":{"line":766,"column":51}},"194":{"start":{"line":767,"column":12},"end":{"line":767,"column":43}},"195":{"start":{"line":778,"column":8},"end":{"line":778,"column":51}},"196":{"start":{"line":780,"column":8},"end":{"line":780,"column":25525}},"197":{"start":{"line":789,"column":8},"end":{"line":789,"column":66}},"198":{"start":{"line":791,"column":8},"end":{"line":791,"column":63}},"199":{"start":{"line":793,"column":8},"end":{"line":793,"column":74}},"200":{"start":{"line":794,"column":8},"end":{"line":794,"column":35}},"201":{"start":{"line":795,"column":8},"end":{"line":795,"column":36}},"202":{"start":{"line":796,"column":8},"end":{"line":796,"column":48}},"203":{"start":{"line":798,"column":8},"end":{"line":798,"column":58}},"204":{"start":{"line":803,"column":8},"end":{"line":803,"column":26249}},"205":{"start":{"line":812,"column":8},"end":{"line":812,"column":26579}},"206":{"start":{"line":820,"column":12},"end":{"line":820,"column":72}},"207":{"start":{"line":823,"column":12},"end":{"line":823,"column":68}},"208":{"start":{"line":824,"column":12},"end":{"line":824,"column":27107}},"209":{"start":{"line":830,"column":12},"end":{"line":830,"column":39}},"210":{"start":{"line":831,"column":12},"end":{"line":831,"column":40}},"211":{"start":{"line":832,"column":12},"end":{"line":832,"column":53}},"212":{"start":{"line":833,"column":12},"end":{"line":833,"column":65}},"213":{"start":{"line":835,"column":8},"end":{"line":835,"column":28}},"214":{"start":{"line":847,"column":8},"end":{"line":847,"column":47}},"215":{"start":{"line":848,"column":8},"end":{"line":848,"column":56}},"216":{"start":{"line":850,"column":8},"end":{"line":850,"column":51}},"217":{"start":{"line":852,"column":8},"end":{"line":852,"column":28056}},"218":{"start":{"line":862,"column":8},"end":{"line":862,"column":20}},"219":{"start":{"line":863,"column":8},"end":{"line":863,"column":63}},"220":{"start":{"line":864,"column":8},"end":{"line":864,"column":28}},"221":{"start":{"line":866,"column":8},"end":{"line":866,"column":28421}},"222":{"start":{"line":867,"column":12},"end":{"line":867,"column":43}},"223":{"start":{"line":876,"column":12},"end":{"line":876,"column":51}},"224":{"start":{"line":877,"column":12},"end":{"line":877,"column":43}},"225":{"start":{"line":888,"column":8},"end":{"line":888,"column":53}},"226":{"start":{"line":889,"column":8},"end":{"line":889,"column":60}},"227":{"start":{"line":891,"column":8},"end":{"line":891,"column":29279}},"228":{"start":{"line":896,"column":8},"end":{"line":896,"column":63}},"229":{"start":{"line":898,"column":8},"end":{"line":898,"column":74}},"230":{"start":{"line":899,"column":8},"end":{"line":899,"column":35}},"231":{"start":{"line":900,"column":8},"end":{"line":900,"column":36}},"232":{"start":{"line":901,"column":8},"end":{"line":901,"column":48}},"233":{"start":{"line":902,"column":8},"end":{"line":902,"column":58}},"234":{"start":{"line":906,"column":8},"end":{"line":906,"column":29844}},"235":{"start":{"line":914,"column":8},"end":{"line":914,"column":30073}},"236":{"start":{"line":919,"column":12},"end":{"line":919,"column":72}},"237":{"start":{"line":921,"column":12},"end":{"line":921,"column":68}},"238":{"start":{"line":922,"column":12},"end":{"line":922,"column":30420}},"239":{"start":{"line":928,"column":12},"end":{"line":928,"column":40}},"240":{"start":{"line":929,"column":12},"end":{"line":929,"column":53}},"241":{"start":{"line":930,"column":12},"end":{"line":930,"column":65}},"242":{"start":{"line":932,"column":8},"end":{"line":932,"column":28}},"243":{"start":{"line":941,"column":8},"end":{"line":941,"column":47}},"244":{"start":{"line":942,"column":8},"end":{"line":942,"column":57}},"245":{"start":{"line":944,"column":8},"end":{"line":944,"column":53}},"246":{"start":{"line":946,"column":8},"end":{"line":946,"column":31136}},"247":{"start":{"line":955,"column":8},"end":{"line":955,"column":63}},"248":{"start":{"line":957,"column":8},"end":{"line":957,"column":31428}},"249":{"start":{"line":962,"column":8},"end":{"line":962,"column":28}},"250":{"start":{"line":963,"column":8},"end":{"line":963,"column":64}},"251":{"start":{"line":964,"column":8},"end":{"line":964,"column":31667}},"252":{"start":{"line":965,"column":12},"end":{"line":965,"column":43}},"253":{"start":{"line":968,"column":12},"end":{"line":968,"column":43}},"254":{"start":{"line":969,"column":12},"end":{"line":969,"column":52}},"255":{"start":{"line":974,"column":8},"end":{"line":974,"column":66}},"256":{"start":{"line":976,"column":8},"end":{"line":976,"column":54}},"257":{"start":{"line":978,"column":8},"end":{"line":978,"column":76}},"258":{"start":{"line":979,"column":8},"end":{"line":979,"column":34}},"259":{"start":{"line":981,"column":8},"end":{"line":981,"column":47}},"260":{"start":{"line":983,"column":8},"end":{"line":983,"column":50}},"261":{"start":{"line":984,"column":8},"end":{"line":984,"column":40}},"262":{"start":{"line":985,"column":8},"end":{"line":985,"column":60}},"263":{"start":{"line":989,"column":8},"end":{"line":989,"column":32499}},"264":{"start":{"line":998,"column":8},"end":{"line":998,"column":32732}},"265":{"start":{"line":1005,"column":12},"end":{"line":1005,"column":71}},"266":{"start":{"line":1006,"column":12},"end":{"line":1006,"column":49}},"267":{"start":{"line":1007,"column":12},"end":{"line":1007,"column":33043}},"268":{"start":{"line":1013,"column":12},"end":{"line":1013,"column":52}},"269":{"start":{"line":1014,"column":12},"end":{"line":1014,"column":54}},"270":{"start":{"line":1015,"column":12},"end":{"line":1015,"column":44}},"271":{"start":{"line":1016,"column":12},"end":{"line":1016,"column":66}},"272":{"start":{"line":1018,"column":12},"end":{"line":1018,"column":75}},"273":{"start":{"line":1020,"column":8},"end":{"line":1020,"column":29}},"274":{"start":{"line":1032,"column":8},"end":{"line":1032,"column":47}},"275":{"start":{"line":1033,"column":8},"end":{"line":1033,"column":57}},"276":{"start":{"line":1034,"column":8},"end":{"line":1034,"column":34107}},"277":{"start":{"line":1039,"column":8},"end":{"line":1039,"column":20}},"278":{"start":{"line":1040,"column":8},"end":{"line":1040,"column":28}},"279":{"start":{"line":1041,"column":8},"end":{"line":1041,"column":64}},"280":{"start":{"line":1042,"column":8},"end":{"line":1042,"column":34389}},"281":{"start":{"line":1043,"column":12},"end":{"line":1043,"column":43}},"282":{"start":{"line":1052,"column":12},"end":{"line":1052,"column":43}},"283":{"start":{"line":1053,"column":12},"end":{"line":1053,"column":52}},"284":{"start":{"line":1063,"column":8},"end":{"line":1063,"column":53}},"285":{"start":{"line":1065,"column":8},"end":{"line":1065,"column":35190}},"286":{"start":{"line":1074,"column":8},"end":{"line":1074,"column":52}},"287":{"start":{"line":1075,"column":8},"end":{"line":1075,"column":63}},"288":{"start":{"line":1077,"column":8},"end":{"line":1077,"column":66}},"289":{"start":{"line":1079,"column":8},"end":{"line":1079,"column":54}},"290":{"start":{"line":1081,"column":8},"end":{"line":1081,"column":76}},"291":{"start":{"line":1082,"column":8},"end":{"line":1082,"column":34}},"292":{"start":{"line":1083,"column":8},"end":{"line":1083,"column":47}},"293":{"start":{"line":1084,"column":8},"end":{"line":1084,"column":50}},"294":{"start":{"line":1085,"column":8},"end":{"line":1085,"column":40}},"295":{"start":{"line":1086,"column":8},"end":{"line":1086,"column":60}},"296":{"start":{"line":1090,"column":8},"end":{"line":1090,"column":36088}},"297":{"start":{"line":1098,"column":8},"end":{"line":1098,"column":36319}},"298":{"start":{"line":1105,"column":12},"end":{"line":1105,"column":71}},"299":{"start":{"line":1106,"column":12},"end":{"line":1106,"column":49}},"300":{"start":{"line":1107,"column":12},"end":{"line":1107,"column":36629}},"301":{"start":{"line":1113,"column":12},"end":{"line":1113,"column":52}},"302":{"start":{"line":1114,"column":12},"end":{"line":1114,"column":54}},"303":{"start":{"line":1115,"column":12},"end":{"line":1115,"column":44}},"304":{"start":{"line":1116,"column":12},"end":{"line":1116,"column":66}},"305":{"start":{"line":1118,"column":12},"end":{"line":1118,"column":75}},"306":{"start":{"line":1120,"column":8},"end":{"line":1120,"column":27}},"307":{"start":{"line":1133,"column":8},"end":{"line":1133,"column":75}},"308":{"start":{"line":1136,"column":8},"end":{"line":1136,"column":39}},"309":{"start":{"line":1144,"column":8},"end":{"line":1144,"column":54}},"310":{"start":{"line":1145,"column":8},"end":{"line":1145,"column":39}},"311":{"start":{"line":1149,"column":8},"end":{"line":1149,"column":26}},"312":{"start":{"line":1153,"column":8},"end":{"line":1153,"column":24}},"313":{"start":{"line":1157,"column":8},"end":{"line":1157,"column":20}},"314":{"start":{"line":1161,"column":8},"end":{"line":1161,"column":20}}},"branchMap":{"1":{"line":72,"type":"if","locations":[{"start":{"line":72,"column":8},"end":{"line":72,"column":8}},{"start":{"line":72,"column":8},"end":{"line":72,"column":8}}]},"2":{"line":79,"type":"if","locations":[{"start":{"line":79,"column":8},"end":{"line":79,"column":8}},{"start":{"line":79,"column":8},"end":{"line":79,"column":8}}]},"3":{"line":137,"type":"if","locations":[{"start":{"line":137,"column":8},"end":{"line":137,"column":8}},{"start":{"line":137,"column":8},"end":{"line":137,"column":8}}]},"4":{"line":138,"type":"if","locations":[{"start":{"line":138,"column":8},"end":{"line":138,"column":8}},{"start":{"line":138,"column":8},"end":{"line":138,"column":8}}]},"5":{"line":139,"type":"if","locations":[{"start":{"line":139,"column":8},"end":{"line":139,"column":8}},{"start":{"line":139,"column":8},"end":{"line":139,"column":8}}]},"6":{"line":140,"type":"if","locations":[{"start":{"line":140,"column":8},"end":{"line":140,"column":8}},{"start":{"line":140,"column":8},"end":{"line":140,"column":8}}]},"7":{"line":141,"type":"if","locations":[{"start":{"line":141,"column":8},"end":{"line":141,"column":8}},{"start":{"line":141,"column":8},"end":{"line":141,"column":8}}]},"8":{"line":191,"type":"if","locations":[{"start":{"line":191,"column":8},"end":{"line":191,"column":8}},{"start":{"line":191,"column":8},"end":{"line":191,"column":8}}]},"9":{"line":192,"type":"if","locations":[{"start":{"line":192,"column":8},"end":{"line":192,"column":8}},{"start":{"line":192,"column":8},"end":{"line":192,"column":8}}]},"10":{"line":196,"type":"if","locations":[{"start":{"line":196,"column":8},"end":{"line":196,"column":8}},{"start":{"line":196,"column":8},"end":{"line":196,"column":8}}]},"11":{"line":258,"type":"if","locations":[{"start":{"line":258,"column":8},"end":{"line":258,"column":8}},{"start":{"line":258,"column":8},"end":{"line":258,"column":8}}]},"12":{"line":263,"type":"if","locations":[{"start":{"line":263,"column":8},"end":{"line":263,"column":8}},{"start":{"line":263,"column":8},"end":{"line":263,"column":8}}]},"13":{"line":274,"type":"if","locations":[{"start":{"line":274,"column":8},"end":{"line":274,"column":8}},{"start":{"line":274,"column":8},"end":{"line":274,"column":8}}]},"14":{"line":285,"type":"if","locations":[{"start":{"line":285,"column":8},"end":{"line":285,"column":8}},{"start":{"line":285,"column":8},"end":{"line":285,"column":8}}]},"15":{"line":295,"type":"if","locations":[{"start":{"line":295,"column":8},"end":{"line":295,"column":8}},{"start":{"line":295,"column":8},"end":{"line":295,"column":8}}]},"16":{"line":314,"type":"if","locations":[{"start":{"line":314,"column":8},"end":{"line":314,"column":8}},{"start":{"line":314,"column":8},"end":{"line":314,"column":8}}]},"17":{"line":325,"type":"if","locations":[{"start":{"line":325,"column":8},"end":{"line":325,"column":8}},{"start":{"line":325,"column":8},"end":{"line":325,"column":8}}]},"18":{"line":346,"type":"if","locations":[{"start":{"line":346,"column":8},"end":{"line":346,"column":8}},{"start":{"line":346,"column":8},"end":{"line":346,"column":8}}]},"19":{"line":347,"type":"if","locations":[{"start":{"line":347,"column":8},"end":{"line":347,"column":8}},{"start":{"line":347,"column":8},"end":{"line":347,"column":8}}]},"20":{"line":348,"type":"if","locations":[{"start":{"line":348,"column":8},"end":{"line":348,"column":8}},{"start":{"line":348,"column":8},"end":{"line":348,"column":8}}]},"21":{"line":349,"type":"if","locations":[{"start":{"line":349,"column":8},"end":{"line":349,"column":8}},{"start":{"line":349,"column":8},"end":{"line":349,"column":8}}]},"22":{"line":382,"type":"if","locations":[{"start":{"line":382,"column":8},"end":{"line":382,"column":8}},{"start":{"line":382,"column":8},"end":{"line":382,"column":8}}]},"23":{"line":383,"type":"if","locations":[{"start":{"line":383,"column":8},"end":{"line":383,"column":8}},{"start":{"line":383,"column":8},"end":{"line":383,"column":8}}]},"24":{"line":384,"type":"if","locations":[{"start":{"line":384,"column":8},"end":{"line":384,"column":8}},{"start":{"line":384,"column":8},"end":{"line":384,"column":8}}]},"25":{"line":386,"type":"if","locations":[{"start":{"line":386,"column":8},"end":{"line":386,"column":8}},{"start":{"line":386,"column":8},"end":{"line":386,"column":8}}]},"26":{"line":403,"type":"if","locations":[{"start":{"line":403,"column":8},"end":{"line":403,"column":8}},{"start":{"line":403,"column":8},"end":{"line":403,"column":8}}]},"27":{"line":404,"type":"if","locations":[{"start":{"line":404,"column":8},"end":{"line":404,"column":8}},{"start":{"line":404,"column":8},"end":{"line":404,"column":8}}]},"28":{"line":405,"type":"if","locations":[{"start":{"line":405,"column":8},"end":{"line":405,"column":8}},{"start":{"line":405,"column":8},"end":{"line":405,"column":8}}]},"29":{"line":409,"type":"if","locations":[{"start":{"line":409,"column":8},"end":{"line":409,"column":8}},{"start":{"line":409,"column":8},"end":{"line":409,"column":8}}]},"30":{"line":411,"type":"if","locations":[{"start":{"line":411,"column":12},"end":{"line":411,"column":12}},{"start":{"line":411,"column":12},"end":{"line":411,"column":12}}]},"31":{"line":412,"type":"if","locations":[{"start":{"line":412,"column":15},"end":{"line":412,"column":15}},{"start":{"line":412,"column":15},"end":{"line":412,"column":15}}]},"32":{"line":420,"type":"if","locations":[{"start":{"line":420,"column":8},"end":{"line":420,"column":8}},{"start":{"line":420,"column":8},"end":{"line":420,"column":8}}]},"33":{"line":422,"type":"if","locations":[{"start":{"line":422,"column":15},"end":{"line":422,"column":15}},{"start":{"line":422,"column":15},"end":{"line":422,"column":15}}]},"34":{"line":475,"type":"if","locations":[{"start":{"line":475,"column":8},"end":{"line":475,"column":8}},{"start":{"line":475,"column":8},"end":{"line":475,"column":8}}]},"35":{"line":476,"type":"if","locations":[{"start":{"line":476,"column":8},"end":{"line":476,"column":8}},{"start":{"line":476,"column":8},"end":{"line":476,"column":8}}]},"36":{"line":516,"type":"if","locations":[{"start":{"line":516,"column":8},"end":{"line":516,"column":8}},{"start":{"line":516,"column":8},"end":{"line":516,"column":8}}]},"37":{"line":521,"type":"if","locations":[{"start":{"line":521,"column":8},"end":{"line":521,"column":8}},{"start":{"line":521,"column":8},"end":{"line":521,"column":8}}]},"38":{"line":526,"type":"if","locations":[{"start":{"line":526,"column":12},"end":{"line":526,"column":12}},{"start":{"line":526,"column":12},"end":{"line":526,"column":12}}]},"39":{"line":527,"type":"if","locations":[{"start":{"line":527,"column":12},"end":{"line":527,"column":12}},{"start":{"line":527,"column":12},"end":{"line":527,"column":12}}]},"40":{"line":542,"type":"if","locations":[{"start":{"line
[...]
:44}},"3":{"start":{"line":75,"column":8},"end":{"line":75,"column":42}},"4":{"start":{"line":76,"column":8},"end":{"line":76,"column":60}},"5":{"start":{"line":77,"column":8},"end":{"line":77,"column":50}},"6":{"start":{"line":78,"column":8},"end":{"line":78,"column":52}},"7":{"start":{"line":79,"column":8},"end":{"line":79,"column":72}},"8":{"start":{"line":80,"column":8},"end":{"line":80,"column":55}},"9":{"start":{"line":81,"column":8},"end":{"line":81,"column":59}},"10":{"start":{"line":93,"column":8},"end":{"line":93,"column":3357}},"11":{"start":{"line":97,"column":8},"end":{"line":97,"column":3467}},"12":{"start":{"line":101,"column":8},"end":{"line":101,"column":72}},"13":{"start":{"line":102,"column":8},"end":{"line":102,"column":3711}},"14":{"start":{"line":106,"column":8},"end":{"line":106,"column":42}},"15":{"start":{"line":107,"column":8},"end":{"line":107,"column":47}},"16":{"start":{"line":108,"column":8},"end":{"line":108,"column":50}},"17":{"start":{"line":109,"column":8},"end":{"line":109,"column":52}},"18":{"start":{"line":110,"column":8},"end":{"line":110,"column":51}},"19":{"start":{"line":111,"column":8},"end":{"line":111,"column":37}},"20":{"start":{"line":112,"column":8},"end":{"line":112,"column":33}},"21":{"start":{"line":121,"column":8},"end":{"line":121,"column":4367}},"22":{"start":{"line":125,"column":8},"end":{"line":125,"column":4477}},"23":{"start":{"line":129,"column":8},"end":{"line":129,"column":43}},"24":{"start":{"line":130,"column":8},"end":{"line":130,"column":35}},"25":{"start":{"line":139,"column":8},"end":{"line":139,"column":4962}},"26":{"start":{"line":143,"column":8},"end":{"line":143,"column":72}},"27":{"start":{"line":144,"column":8},"end":{"line":144,"column":36}},"28":{"start":{"line":145,"column":8},"end":{"line":145,"column":5185}},"29":{"start":{"line":149,"column":8},"end":{"line":149,"column":50}},"30":{"start":{"line":150,"column":8},"end":{"line":150,"column":38}},"31":{"start":{"line":158,"column":8},"end":{"line":158,"column":5677}},"32":{"start":{"line":162,"column":8},"end":{"line":162,"column":5787}},"33":{"start":{"line":166,"column":8},"end":{"line":166,"column":72}},"34":{"start":{"line":167,"column":8},"end":{"line":167,"column":5986}},"35":{"start":{"line":171,"column":8},"end":{"line":171,"column":63}},"36":{"start":{"line":172,"column":8},"end":{"line":172,"column":51}},"37":{"start":{"line":173,"column":8},"end":{"line":173,"column":37}},"38":{"start":{"line":183,"column":8},"end":{"line":183,"column":6656}},"39":{"start":{"line":187,"column":8},"end":{"line":187,"column":6766}},"40":{"start":{"line":191,"column":8},"end":{"line":191,"column":6879}},"41":{"start":{"line":195,"column":8},"end":{"line":195,"column":6965}},"42":{"start":{"line":199,"column":8},"end":{"line":199,"column":72}},"43":{"start":{"line":200,"column":8},"end":{"line":200,"column":67}},"44":{"start":{"line":201,"column":8},"end":{"line":201,"column":7221}},"45":{"start":{"line":205,"column":8},"end":{"line":205,"column":67}},"46":{"start":{"line":206,"column":8},"end":{"line":206,"column":7416}},"47":{"start":{"line":208,"column":12},"end":{"line":208,"column":64}},"48":{"start":{"line":209,"column":12},"end":{"line":209,"column":62}},"49":{"start":{"line":211,"column":8},"end":{"line":211,"column":7686}},"50":{"start":{"line":215,"column":8},"end":{"line":215,"column":48}},"51":{"start":{"line":216,"column":8},"end":{"line":216,"column":59}},"52":{"start":{"line":225,"column":8},"end":{"line":225,"column":8127}},"53":{"start":{"line":229,"column":8},"end":{"line":229,"column":8237}},"54":{"start":{"line":233,"column":8},"end":{"line":233,"column":72}},"55":{"start":{"line":234,"column":8},"end":{"line":234,"column":67}},"56":{"start":{"line":235,"column":8},"end":{"line":235,"column":8491}},"57":{"start":{"line":236,"column":12},"end":{"line":236,"column":56}},"58":{"start":{"line":237,"column":12},"end":{"line":237,"column":67}}},"branchMap":{"1":{"line":70,"type":"if","locations":[{"start":{"line":70,"column":8},"end":{"line":70,"column":8}},{"start":{"line":70,"column":8},"end":{"line":70,"column":8}}]},"2":{"line":93,"type":"if","locations":[{"start":{"line":93,"column":8},"end":{"line":93,"column":8}},{"start":{"line":93,"column":8},"end":{"line":93,"column":8}}]},"3":{"line":97,"type":"if","locations":[{"start":{"line":97,"column":8},"end":{"line":97,"column":8}},{"start":{"line":97,"column":8},"end":{"line":97,"column":8}}]},"4":{"line":102,"type":"if","locations":[{"start":{"line":102,"column":8},"end":{"line":102,"column":8}},{"start":{"line":102,"column":8},"end":{"line":102,"column":8}}]},"5":{"line":121,"type":"if","locations":[{"start":{"line":121,"column":8},"end":{"line":121,"column":8}},{"start":{"line":121,"column":8},"end":{"line":121,"column":8}}]},"6":{"line":125,"type":"if","locations":[{"start":{"line":125,"column":8},"end":{"line":125,"column":8}},{"start":{"line":125,"column":8},"end":{"line":125,"column":8}}]},"7":{"line":139,"type":"if","locations":[{"start":{"line":139,"column":8},"end":{"line":139,"column":8}},{"start":{"line":139,"column":8},"end":{"line":139,"column":8}}]},"8":{"line":145,"type":"if","locations":[{"start":{"line":145,"column":8},"end":{"line":145,"column":8}},{"start":{"line":145,"column":8},"end":{"line":145,"column":8}}]},"9":{"line":158,"type":"if","locations":[{"start":{"line":158,"column":8},"end":{"line":158,"column":8}},{"start":{"line":158,"column":8},"end":{"line":158,"column":8}}]},"10":{"line":162,"type":"if","locations":[{"start":{"line":162,"column":8},"end":{"line":162,"column":8}},{"start":{"line":162,"column":8},"end":{"line":162,"column":8}}]},"11":{"line":167,"type":"if","locations":[{"start":{"line":167,"column":8},"end":{"line":167,"column":8}},{"start":{"line":167,"column":8},"end":{"line":167,"column":8}}]},"12":{"line":183,"type":"if","locations":[{"start":{"line":183,"column":8},"end":{"line":183,"column":8}},{"start":{"line":183,"column":8},"end":{"line":183,"column":8}}]},"13":{"line":187,"type":"if","locations":[{"start":{"line":187,"column":8},"end":{"line":187,"column":8}},{"start":{"line":187,"column":8},"end":{"line":187,"column":8}}]},"14":{"line":191,"type":"if","locations":[{"start":{"line":191,"column":8},"end":{"line":191,"column":8}},{"start":{"line":191,"column":8},"end":{"line":191,"column":8}}]},"15":{"line":195,"type":"if","locations":[{"start":{"line":195,"column":8},"end":{"line":195,"column":8}},{"start":{"line":195,"column":8},"end":{"line":195,"column":8}}]},"16":{"line":201,"type":"if","locations":[{"start":{"line":201,"column":8},"end":{"line":201,"column":8}},{"start":{"line":201,"column":8},"end":{"line":201,"column":8}}]},"17":{"line":206,"type":"if","locations":[{"start":{"line":206,"column":8},"end":{"line":206,"column":8}},{"start":{"line":206,"column":8},"end":{"line":206,"column":8}}]},"18":{"line":211,"type":"if","locations":[{"start":{"line":211,"column":8},"end":{"line":211,"column":8}},{"start":{"line":211,"column":8},"end":{"line":211,"column":8}}]},"19":{"line":225,"type":"if","locations":[{"start":{"line":225,"column":8},"end":{"line":225,"column":8}},{"start":{"line":225,"column":8},"end":{"line":225,"column":8}}]},"20":{"line":229,"type":"if","locations":[{"start":{"line":229,"column":8},"end":{"line":229,"column":8}},{"start":{"line":229,"column":8},"end":{"line":229,"column":8}}]},"21":{"line":235,"type":"if","locations":[{"start":{"line":235,"column":8},"end":{"line":235,"column":8}},{"start":{"line":235,"column":8},"end":{"line":235,"column":8}}]}}},"contracts/v3/IDataTokenTemplate.sol":{"l":{},"path":"/home/andrea/ocean/v4Hardhat/contracts/v3/IDataTokenTemplate.sol","s":{},"b":{},"f":{},"fnMap":{},"statementMap":{},"branchMap":{}},"contracts/v3/V3DataTokenTemplate.sol":{"l":{"63":0,"67":0,"71":0,"75":0,"98":0,"131":0,"162":0,"167":0,"172":0,"177":0,"181":0,"182":0,"183":0,"184":0,"185":0,"186":0,"187":0,"188":0,"205":0,"209":0,"228":0,"229":0,"233":0,"234":0,"235":0,"239":0,"241":0,"242":0,"243":0,"273":0,"274":0,"279":0,"300":0,"301":0,"315":0,"319":0,"323":0,"324":0,"333":0,"342":0,"352":0,"361":0,"370":0,"380":0,"392":0,"401":0,"419":0,"420":0,"421":0},"path":"/home/andrea/ocean/v4Hardhat/contracts/v3/V3DataTokenTemplate.sol","s":{"1":0,"2":0,"3":0,"4":0,"5":0,"6":0,"7":0,"8":0,"9":0,"10":0,"11":0,"12":0,"13":0,"14":0,"15":0,"16":0,"17":0,"18":0,"19":0,"20":0,"21":0,"22":0,"23":0,"24":0,"25":0,"26":0,"27":0,"28":0,"29":0,"30":0,"31":0,"32":0,"33":0,"34":0,"35":0,"36":0,"37":0,"38":0,"39":0,"40":0,"41":0,"42":0,"43":0,"44":0,"45":0,"46":0,"47":0,"48":0,"49":0},"b":{"1":[0,0],"2":[0,0],"3":[0,0],"4":[0,0],"5":[0,0],"6":[0,0],"7":[0,0],"8":[0,0],"9":[0,0],"10":[0,0],"11":[0,0],"12":[0,0],"13":[0,0]},"f":{"1":0,"2":0,"3":0,"4":0,"5":0,"6":0,"7":0,"8":0,"9":0,"10":0,"11":0,"12":0,"13":0,"14":0,"15":0,"16":0,"17":0,"18":0,"19":0},"fnMap":{"1":{"name":"onlyNotInitialized","line":62,"loc":{"start":{"line":62,"column":4},"end":{"line":68,"column":4}}},"2":{"name":"onlyMinter","line":70,"loc":{"start":{"line":70,"column":4},"end":{"line":76,"column":4}}},"3":{"name":"constructor","line":88,"loc":{"start":{"line":88,"column":4},"end":{"line":106,"column":4}}},"4":{"name":"initialize","line":128,"loc":{"start":{"line":119,"column":4},"end":{"line":139,"column":4}}},"5":{"name":"_initialize","line":151,"loc":{"start":{"line":151,"column":4},"end":{"line":189,"column":4}}},"6":{"name":"mint","line":203,"loc":{"start":{"line":198,"column":4},"end":{"line":210,"column":4}}},"7":{"name":"startOrder","line":220,"loc":{"start":{"line":220,"column":4},"end":{"line":253,"column":4}}},"8":{"name":"finishOrder","line":265,"loc":{"start":{"line":265,"column":4},"end":{"line":288,"column":4}}},"9":{"name":"proposeMinter","line":298,"loc":{"start":{"line":296,"column":4},"end":{"line":305,"column":4}}},"10":{"name":"approveMinter","line":312,"loc":{"start":{"line":312,"column":4},"end":{"line":325,"column":4}}},"11":{"name":"name","line":332,"loc":{"start":{"line":332,"column":4},"end":{"line":334,"column":4}}},"12":{"name":"symbol","line":341,"loc":{"start":{"line":341,"column":4},"end":{"line":343,"column":4}}},"13":{"name":"decimals","line":351,"loc":{"start":{"line":351,"column":4},"end":{"line":353,"column":4}}},"14":{"name":"cap","line":360,"loc":{"start":{"line":360,"column":4},"end":{"line":362,"column":4}}},"15":{"name":"blob","line":369,"loc":{"start":{"line":369,"column":4},"end":{"line":371,"column":4}}},"16":{"name":"isMinter","line":379,"loc":{"start":{"line":379,"column":4},"end":{"line":381,"column":4}}},"17":{"name":"minter","line":387,"loc":{"start":{"line":387,"column":4},"end":{"line":393,"column":4}}},"18":{"name":"isInitialized","line":400,"loc":{"start":{"line":400,"column":4},"end":{"line":402,"column":4}}},"19":{"name":"calculateFee","line":411,"loc":{"start":{"line":411,"column":4},"end":{"line":422,"column":4}}}},"statementMap":{"1":{"start":{"line":63,"column":8},"end":{"line":63,"column":1863}},"2":{"start":{"line":71,"column":8},"end":{"line":71,"column":2035}},"3":{"start":{"line":98,"column":8},"end":{"line":98,"column":2825}},"4":{"start":{"line":131,"column":8},"end":{"line":131,"column":3838}},"5":{"start":{"line":162,"column":8},"end":{"line":162,"column":4711}},"6":{"start":{"line":167,"column":8},"end":{"line":167,"column":4845}},"7":{"start":{"line":172,"column":8},"end":{"line":172,"column":4972}},"8":{"start":{"line":177,"column":8},"end":{"line":177,"column":5120}},"9":{"start":{"line":181,"column":8},"end":{"line":181,"column":17}},"10":{"start":{"line":182,"column":8},"end":{"line":182,"column":19}},"11":{"start":{"line":183,"column":8},"end":{"line":183,"column":19}},"12":{"start":{"line":184,"column":8},"end":{"line":184,"column":23}},"13":{"start":{"line":185,"column":8},"end":{"line":185,"column":30}},"14":{"start":{"line":186,"column":8},"end":{"line":186,"column":44}},"15":{"start":{"line":187,"column":8},"end":{"line":187,"column":25}},"16":{"start":{"line":188,"column":8},"end":{"line":188,"column":26}},"17":{"start":{"line":205,"column":8},"end":{"line":205,"column":5883}},"18":{"start":{"line":209,"column":8},"end":{"line":209,"column":28}},"19":{"start":{"line":228,"column":8},"end":{"line":228,"column":29}},"20":{"start":{"line":229,"column":8},"end":{"line":229,"column":6641}},"21":{"start":{"line":233,"column":8},"end":{"line":233,"column":53}},"22":{"start":{"line":234,"column":8},"end":{"line":234,"column":6815}},"23":{"start":{"line":235,"column":12},"end":{"line":235,"column":6867}},"24":{"start":{"line":239,"column":12},"end":{"line":239,"column":48}},"25":{"start":{"line":241,"column":8},"end":{"line":241,"column":54}},"26":{"start":{"line":242,"column":8},"end":{"line":242,"column":46}},"27":{"start":{"line":243,"column":8},"end":{"line":243,"column":7147}},"28":{"start":{"line":273,"column":8},"end":{"line":273,"column":8062}},"29":{"start":{"line":274,"column":12},"end":{"line":274,"column":8094}},"30":{"start":{"line":279,"column":8},"end":{"line":279,"column":8236}},"31":{"start":{"line":300,"column":8},"end":{"line":300,"column":34}},"32":{"start":{"line":301,"column":8},"end":{"line":301,"column":8802}},"33":{"start":{"line":315,"column":8},"end":{"line":315,"column":9095}},"34":{"start":{"line":319,"column":8},"end":{"line":319,"column":9232}},"35":{"start":{"line":323,"column":8},"end":{"line":323,"column":32}},"36":{"start":{"line":324,"column":8},"end":{"line":324,"column":35}},"37":{"start":{"line":333,"column":8},"end":{"line":333,"column":20}},"38":{"start":{"line":342,"column":8},"end":{"line":342,"column":22}},"39":{"start":{"line":352,"column":8},"end":{"line":352,"column":24}},"40":{"start":{"line":361,"column":8},"end":{"line":361,"column":19}},"41":{"start":{"line":370,"column":8},"end":{"line":370,"column":20}},"42":{"start":{"line":380,"column":8},"end":{"line":380,"column":35}},"43":{"start":{"line":392,"column":8},"end":{"line":392,"column":22}},"44":{"start":{"line":401,"column":8},"end":{"line":401,"column":26}},"45":{"start":{"line":419,"column":8},"end":{"line":419,"column":32}},"46":{"start":{"line":419,"column":24},"end":{"line":419,"column":32}},"47":{"start":{"line":420,"column":8},"end":{"line":420,"column":39}},"48":{"start":{"line":420,"column":31},"end":{"line":420,"column":39}},"49":{"start":{"line":421,"column":8},"end":{"line":421,"column":50}}},"branchMap":{"1":{"line":63,"type":"if","locations":[{"start":{"line":63,"column":8},"end":{"line":63,"column":8}},{"start":{"line":63,"column":8},"end":{"line":63,"column":8}}]},"2":{"line":71,"type":"if","locations":[{"start":{"line":71,"column":8},"end":{"line":71,"column":8}},{"start":{"line":71,"column":8},"end":{"line":71,"column":8}}]},"3":{"line":162,"type":"if","locations":[{"start":{"line":162,"column":8},"end":{"line":162,"column":8}},{"start":{"line":162,"column":8},"end":{"line":162,"column":8}}]},"4":{"line":167,"type":"if","locations":[{"start":{"line":167,"column":8},"end":{"line":167,"column":8}},{"start":{"line":167,"column":8},"end":{"line":167,"column":8}}]},"5":{"line":172,"type":"if","locations":[{"start":{"line":172,"column":8},"end":{"line":172,"column":8}},{"start":{"line":172,"column":8},"end":{"line":172,"column":8}}]},"6":{"line":177,"type":"if","locations":[{"start":{"line":177,"column":8},"end":{"line":177,"column":8}},{"start":{"line":177,"column":8},"end":{"line":177,"column":8}}]},"7":{"line":205,"type":"if","locations":[{"start":{"line":205,"column":8},"end":{"line":205,"column":8}},{"start":{"line":205,"column":8},"end":{"line":205,"column":8}}]},"8":{"line":234,"type":"if","locations":[{"start":{"line":234,"column":8},"end":{"line":234,"column":8}},{"start":{"line":234,"column":8},"end":{"line":234,"column":8}}]},"9":{"line":273,"type":"if","locations":[{"start":{"line":273,"column":8},"end":{"line":273,"column":8}},{"start":{"line":273,"column":8},"end":{"line":273,"column":8}}]},"10":{"line":274,"type":"if","locations":[{"start":{"line":274,"column":12},"end":{"line":274,"column":12}},{"start":{"line":274,"column":12},"end":{"line":274,"column":12}}]},"11":{"line":315,"type":"if","locations":[{"start":{"line":315,"column":8},"end":{"line":315,"column":8}},{"start":{"line":315,"column":8},"end":{"line":315,"column":8}}]},"12":{"line":419,"type":"if","locations":[{"start":{"line":419,"column":8},"end":{"line":419,"column":8}},{"start":{"line":419,"column":8},"end":{"line":419,"column":8}}]},"13":{"line":420,"type":"if","locations":[{"start":{"line":420,"column":8},"end":{"line":420,"column":8}},{"start":{"line":420,"column":8},"end":{"line":420,"column":8}}]}}},"contracts/v3/V3DTFactory.sol":{"l":{"49":0,"54":0,"55":0,"76":0,"81":0,"83":0,"87":0,"88":0,"99":0,"100":0,"108":0,"116":0,"124":0},"path":"/home/andrea/ocean/v4Hardhat/contracts/v3/V3DTFactory.sol","s":{"1":0,"2":0,"3":0,"4":0,"5":0,"6":0,"7":0,"8":0,"9":0,"10":0,"11":0,"12":0,"13":0},"b":{"1":[0,0],"2":[0,0],"3":[0,0],"4":[0,0]},"f":{"1":0,"2":0,"3":0,"4":0},"fnMap":{"1":{"name":"constructor","line":45,"loc":{"start":{"line":45,"column":4},"end":{"line":56,"column":4}}},"2":{"name":"createToken","line":67,"loc":{"start":{"line":67,"column":4},"end":{"line":109,"column":4}}},"3":{"name":"getCurrentTokenCount","line":115,"loc":{"start":{"line":115,"column":4},"end":{"line":117,"column":4}}},"4":{"name":"getTokenTemplate","line":123,"loc":{"start":{"line":123,"column":4},"end":{"line":125,"column":4}}}},"statementMap":{"1":{"start":{"line":49,"column":8},"end":{"line":49,"column":1535}},"2":{"start":{"line":54,"column":8},"end":{"line":54,"column":32}},"3":{"start":{"line":55,"column":8},"end":{"line":55,"column":41}},"4":{"start":{"line":76,"column":8},"end":{"line":76,"column":2372}},"5":{"start":{"line":81,"column":8},"end":{"line":81,"column":36}},"6":{"start":{"line":83,"column":8},"end":{"line":83,"column":2512}},"7":{"start":{"line":87,"column":8},"end":{"line":87,"column":68}},"8":{"start":{"line":88,"column":8},"end":{"line":88,"column":2716}},"9":{"start":{"line":99,"column":8},"end":{"line":99,"column":53}},"10":{"start":{"line":100,"column":8},"end":{"line":100,"column":3069}},"11":{"start":{"line":108,"column":8},"end":{"line":108,"column":29}},"12":{"start":{"line":116,"column":8},"end":{"line":116,"column":32}},"13":{"start":{"line":124,"column":8},"end":{"line":124,"column":28}}},"branchMap":{"1":{"line":49,"type":"if","locations":[{"start":{"line":49,"column":8},"end":{"line":49,"column":8}},{"start":{"line":49,"column":8},"end":{"line":49,"column":8}}]},"2":{"line":76,"type":"if","locations":[{"start":{"line":76,"column":8},"end":{"line":76,"column":8}},{"start":{"line":76,"column":8},"end":{"line":76,"column":8}}]},"3":{"line":83,"type":"if","locations":[{"start":{"line":83,"column":8},"end":{"line":83,"column":8}},{"start":{"line":83,"column":8},"end":{"line":83,"column":8}}]},"4":{"line":88,"type":"if","locations":[{"start":{"line":88,"column":8},"end":{"line":88,"column":8}},{"start":{"line":88,"column":8},"end":{"line":88,"column":8}}]}}},"contracts/v3/V3MetaData.sol":{"l":{"34":0,"35":0,"39":0,"57":0,"80":0},"path":"/home/andrea/ocean/v4Hardhat/contracts/v3/V3MetaData.sol","s":{"1":0,"2":0,"3":0,"4":0},"b":{"1":[0,0]},"f":{"1":0,"2":0,"3":0},"fnMap":{"1":{"name":"onlyDataTokenMinter","line":32,"loc":{"start":{"line":32,"column":4},"end":{"line":40,"column":4}}},"2":{"name":"create","line":55,"loc":{"start":{"line":49,"column":4},"end":{"line":63,"column":4}}},"3":{"name":"update","line":78,"loc":{"start":{"line":72,"column":4},"end":{"line":86,"column":4}}}},"statementMap":{"1":{"start":{"line":34,"column":8},"end":{"line":34,"column":64}},"2":{"start":{"line":35,"column":8},"end":{"line":35,"column":965}},"3":{"start":{"line":57,"column":8},"end":{"line":57,"column":1542}},"4":{"start":{"line":80,"column":8},"end":{"line":80,"column":2124}}},"branchMap":{"1":{"line":35,"type":"if","locations":[{"start":{"line":35,"column":8},"end":{"line":35,"column":8}},{"start":{"line":35,"column":8},"end":{"line":35,"column":8}}]}}}}