{
"contracts/Factory.sol":{"l":{"54":0,"58":0,"73":0,"75":0,"80":0,"84":0,"86":0,"87":0,"95":0,"100":0,"106":0,"116":0},"path":"/Users/ahmedali/Desktop/work/Ocean/ocean-contracts/contracts/Factory.sol","s":{"1":0,"2":0,"3":0,"4":0,"5":0,"6":0,"7":0,"8":0,"9":0,"10":0,"11":0,"12":0},"b":{"1":[0,0],"2":[0,0],"3":[0,0]},"f":{"1":0,"2":0},"fnMap":{"1":{"name":"constructor","line":49,"loc":{"start":{"line":49,"column":4},"end":{"line":53,"column":5}}},"2":{"name":"createToken","line":66,"loc":{"start":{"line":66,"column":4},"end":{"line":71,"column":5}}}},"statementMap":{"1":{"start":{"line":54,"column":8},"end":{"line":54,"column":1666}},"2":{"start":{"line":58,"column":8},"end":{"line":58,"column":32}},"3":{"start":{"line":73,"column":8},"end":{"line":73,"column":36}},"4":{"start":{"line":75,"column":8},"end":{"line":75,"column":2185}},"5":{"start":{"line":80,"column":8},"end":{"line":80,"column":2327}},"6":{"start":{"line":84,"column":8},"end":{"line":84,"column":35}},"7":{"start":{"line":86,"column":8},"end":{"line":86,"column":60}},"8":{"start":{"line":87,"column":8},"end":{"line":87,"column":2563}},"9":{"start":{"line":95,"column":8},"end":{"line":95,"column":2705}},"10":{"start":{"line":100,"column":8},"end":{"line":100,"column":2837}},"11":{"start":{"line":106,"column":8},"end":{"line":106,"column":2940}},"12":{"start":{"line":116,"column":8},"end":{"line":116,"column":29}}},"branchMap":{"1":{"line":54,"type":"if","locations":[{"start":{"line":54,"column":8},"end":{"line":54,"column":8}},{"start":{"line":54,"column":8},"end":{"line":54,"column":8}}]},"2":{"line":75,"type":"if","locations":[{"start":{"line":75,"column":8},"end":{"line":75,"column":8}},{"start":{"line":75,"column":8},"end":{"line":75,"column":8}}]},"3":{"line":95,"type":"if","locations":[{"start":{"line":95,"column":8},"end":{"line":95,"column":8}},{"start":{"line":95,"column":8},"end":{"line":95,"column":8}}]}}},
"contracts/interfaces/IERC20Template.sol":{"l":{},"path":"/Users/ahmedali/Desktop/work/Ocean/ocean-contracts/contracts/interfaces/IERC20Template.sol","s":{},"b":{},"f":{},"fnMap":{},"statementMap":{},"branchMap":{}},
"contracts/templates/DataTokenTemplate.sol":{"l":{"27":0,"31":0,"35":0,"39":0,"58":0,"86":0,"112":0,"117":0,"122":0,"127":0,"128":0,"129":0,"130":0,"131":0,"132":0,"133":0,"134":0,"153":0,"157":0,"167":0,"177":0,"188":0,"197":0,"206":0,"215":0,"225":0,"234":0,"244":0,"253":0,"262":0},"path":"/Users/ahmedali/Desktop/work/Ocean/ocean-contracts/contracts/templates/DataTokenTemplate.sol","s":{"1":0,"2":0,"3":0,"4":0,"5":0,"6":0,"7":0,"8":0,"9":0,"10":0,"11":0,"12":0,"13":0,"14":0,"15":0,"16":0,"17":0,"18":0,"19":0,"20":0,"21":0,"22":0,"23":0,"24":0,"25":0,"26":0,"27":0,"28":0},"b":{"1":[0,0],"2":[0,0],"3":[0,0],"4":[0,0],"5":[0,0],"6":[0,0]},"f":{"1":0,"2":0,"3":0,"4":0,"5":0,"6":0,"7":0,"8":0,"9":0,"10":0,"11":0,"12":0,"13":0,"14":0,"15":0,"16":0,"17":0},"fnMap":{"1":{"name":"onlyNotInitialized","line":26,"loc":{"start":{"line":26,"column":4},"end":{"line":26,"column":31}}},"2":{"name":"onlyMinter","line":34,"loc":{"start":{"line":34,"column":4},"end":{"line":34,"column":23}}},"3":{"name":"constructor","line":49,"loc":{"start":{"line":49,"column":4},"end":{"line":57,"column":5}}},"4":{"name":"initialize","line":83,"loc":{"start":{"line":83,"column":25},"end":{"line":85,"column":5}}},"5":{"name":"_initialize","line":102,"loc":{"start":{"line":102,"column":4},"end":{"line":111,"column":5}}},"6":{"name":"mint","line":151,"loc":{"start":{"line":151,"column":13},"end":{"line":152,"column":5}}},"7":{"name":"pause","line":166,"loc":{"start":{"line":166,"column":51},"end":{"line":166,"column":3}}},"8":{"name":"unpause","line":176,"loc":{"start":{"line":176,"column":50},"end":{"line":176,"column":3}}},"9":{"name":"setMinter","line":187,"loc":{"start":{"line":187,"column":69},"end":{"line":187,"column":3}}},"10":{"name":"name","line":196,"loc":{"start":{"line":196,"column":4},"end":{"line":196,"column":52}}},"11":{"name":"symbol","line":205,"loc":{"start":{"line":205,"column":4},"end":{"line":205,"column":54}}},"12":{"name":"blob","line":214,"loc":{"start":{"line":214,"column":4},"end":{"line":214,"column":52}}},"13":{"name":"decimals","line":224,"loc":{"start":{"line":224,"column":4},"end":{"line":224,"column":50}}},"14":{"name":"cap","line":233,"loc":{"start":{"line":233,"column":4},"end":{"line":233,"column":46}}},"15":{"name":"isMinter","line":243,"loc":{"start":{"line":243,"column":4},"end":{"line":243,"column":62}}},"16":{"name":"isInitialized","line":252,"loc":{"start":{"line":252,"column":4},"end":{"line":252,"column":52}}},"17":{"name":"isPaused","line":261,"loc":{"start":{"line":261,"column":4},"end":{"line":261,"column":47}}}},"statementMap":{"1":{"start":{"line":27,"column":8},"end":{"line":27,"column":826}},"2":{"start":{"line":35,"column":8},"end":{"line":35,"column":998}},"3":{"start":{"line":58,"column":8},"end":{"line":58,"column":1564}},"4":{"start":{"line":86,"column":8},"end":{"line":86,"column":2312}},"5":{"start":{"line":112,"column":8},"end":{"line":112,"column":2928}},"6":{"start":{"line":117,"column":8},"end":{"line":117,"column":3055}},"7":{"start":{"line":122,"column":8},"end":{"line":122,"column":3182}},"8":{"start":{"line":127,"column":8},"end":{"line":127,"column":20}},"9":{"start":{"line":128,"column":8},"end":{"line":128,"column":17}},"10":{"start":{"line":129,"column":8},"end":{"line":129,"column":19}},"11":{"start":{"line":130,"column":8},"end":{"line":130,"column":19}},"12":{"start":{"line":131,"column":8},"end":{"line":131,"column":23}},"13":{"start":{"line":132,"column":8},"end":{"line":132,"column":23}},"14":{"start":{"line":133,"column":8},"end":{"line":133,"column":25}},"15":{"start":{"line":134,"column":8},"end":{"line":134,"column":26}},"16":{"start":{"line":153,"column":8},"end":{"line":153,"column":3943}},"17":{"start":{"line":157,"column":8},"end":{"line":157,"column":28}},"18":{"start":{"line":167,"column":8},"end":{"line":167,"column":20}},"19":{"start":{"line":177,"column":8},"end":{"line":177,"column":21}},"20":{"start":{"line":188,"column":8},"end":{"line":188,"column":23}},"21":{"start":{"line":197,"column":8},"end":{"line":197,"column":20}},"22":{"start":{"line":206,"column":8},"end":{"line":206,"column":22}},"23":{"start":{"line":215,"column":8},"end":{"line":215,"column":20}},"24":{"start":{"line":225,"column":8},"end":{"line":225,"column":24}},"25":{"start":{"line":234,"column":8},"end":{"line":234,"column":19}},"26":{"start":{"line":244,"column":8},"end":{"line":244,"column":35}},"27":{"start":{"line":253,"column":8},"end":{"line":253,"column":26}},"28":{"start":{"line":262,"column":8},"end":{"line":262,"column":21}}},"branchMap":{"1":{"line":27,"type":"if","locations":[{"start":{"line":27,"column":8},"end":{"line":27,"column":8}},{"start":{"line":27,"column":8},"end":{"line":27,"column":8}}]},"2":{"line":35,"type":"if","locations":[{"start":{"line":35,"column":8},"end":{"line":35,"column":8}},{"start":{"line":35,"column":8},"end":{"line":35,"column":8}}]},"3":{"line":112,"type":"if","locations":[{"start":{"line":112,"column":8},"end":{"line":112,"column":8}},{"start":{"line":112,"column":8},"end":{"line":112,"column":8}}]},"4":{"line":117,"type":"if","locations":[{"start":{"line":117,"column":8},"end":{"line":117,"column":8}},{"start":{"line":117,"column":8},"end":{"line":117,"column":8}}]},"5":{"line":122,"type":"if","locations":[{"start":{"line":122,"column":8},"end":{"line":122,"column":8}},{"start":{"line":122,"column":8},"end":{"line":122,"column":8}}]},"6":{"line":153,"type":"if","locations":[{"start":{"line":153,"column":8},"end":{"line":153,"column":8}},{"start":{"line":153,"column":8},"end":{"line":153,"column":8}}]}}},
"contracts/templates/token/ERC20Pausable.sol":{"l":{"19":0,"23":0,"27":0,"31":0,"50":0,"71":0,"90":0,"109":0,"128":0},"path":"/Users/ahmedali/Desktop/work/Ocean/ocean-contracts/contracts/templates/token/ERC20Pausable.sol","s":{"1":0,"2":0,"3":0,"4":0,"5":0,"6":0,"7":0},"b":{"1":[0,0],"2":[0,0]},"f":{"1":0,"2":0,"3":0,"4":0,"5":0,"6":0,"7":0},"fnMap":{"1":{"name":"onlyNotPaused","line":18,"loc":{"start":{"line":18,"column":4},"end":{"line":18,"column":26}}},"2":{"name":"onlyPaused","line":26,"loc":{"start":{"line":26,"column":4},"end":{"line":26,"column":23}}},"3":{"name":"transfer","line":47,"loc":{"start":{"line":47,"column":20},"end":{"line":49,"column":5}}},"4":{"name":"transferFrom","line":68,"loc":{"start":{"line":68,"column":20},"end":{"line":70,"column":5}}},"5":{"name":"approve","line":87,"loc":{"start":{"line":87,"column":20},"end":{"line":89,"column":5}}},"6":{"name":"increaseAllowance","line":106,"loc":{"start":{"line":106,"column":20},"end":{"line":108,"column":5}}},"7":{"name":"decreaseAllowance","line":125,"loc":{"start":{"line":125,"column":20},"end":{"line":127,"column":5}}}},"statementMap":{"1":{"start":{"line":19,"column":8},"end":{"line":19,"column":548}},"2":{"start":{"line":27,"column":8},"end":{"line":27,"column":703}},"3":{"start":{"line":50,"column":8},"end":{"line":50,"column":40}},"4":{"start":{"line":71,"column":8},"end":{"line":71,"column":50}},"5":{"start":{"line":90,"column":8},"end":{"line":90,"column":44}},"6":{"start":{"line":109,"column":8},"end":{"line":109,"column":59}},"7":{"start":{"line":128,"column":8},"end":{"line":128,"column":64}}},"branchMap":{"1":{"line":19,"type":"if","locations":[{"start":{"line":19,"column":8},"end":{"line":19,"column":8}},{"start":{"line":19,"column":8},"end":{"line":19,"column":8}}]},"2":{"line":27,"type":"if","locations":[{"start":{"line":27,"column":8},"end":{"line":27,"column":8}},{"start":{"line":27,"column":8},"end":{"line":27,"column":8}}]}}},
"contracts/utils/Converter.sol":{"l":{"29":0,"30":0,"32":0,"33":0,"34":0,"35":0,"36":0,"39":0,"40":0,"41":0,"42":0,"43":0,"44":0,"46":0,"64":0},"path":"/Users/ahmedali/Desktop/work/Ocean/ocean-contracts/contracts/utils/Converter.sol","s":{"1":0,"2":0,"3":0,"4":0,"5":0,"6":0,"7":0,"8":0,"9":0,"10":0,"11":0,"12":0,"13":0,"14":0},"b":{"1":[0,0]},"f":{"1":0,"2":0},"fnMap":{"1":{"name":"uintToString","line":21,"loc":{"start":{"line":21,"column":4},"end":{"line":28,"column":5}}},"2":{"name":"concatenateStrings","line":56,"loc":{"start":{"line":56,"column":4},"end":{"line":63,"column":5}}}},"statementMap":{"1":{"start":{"line":29,"column":8},"end":{"line":29,"column":733}},"2":{"start":{"line":30,"column":12},"end":{"line":30,"column":22}},"3":{"start":{"line":32,"column":8},"end":{"line":32,"column":29}},"4":{"start":{"line":33,"column":8},"end":{"line":33,"column":16}},"5":{"start":{"line":34,"column":8},"end":{"line":34,"column":843}},"6":{"start":{"line":36,"column":12},"end":{"line":36,"column":25}},"7":{"start":{"line":39,"column":8},"end":{"line":39,"column":42}},"8":{"start":{"line":40,"column":8},"end":{"line":40,"column":24}},"9":{"start":{"line":41,"column":8},"end":{"line":41,"column":23}},"10":{"start":{"line":42,"column":8},"end":{"line":42,"column":1038}},"11":{"start":{"line":43,"column":12},"end":{"line":43,"column":54}},"12":{"start":{"line":44,"column":12},"end":{"line":44,"column":25}},"13":{"start":{"line":46,"column":8},"end":{"line":46,"column":27}},"14":{"start":{"line":64,"column":8},"end":{"line":64,"column":51}}},"branchMap":{"1":{"line":29,"type":"if","locations":[{"start":{"line":29,"column":8},"end":{"line":29,"column":8}},{"start":{"line":29,"column":8},"end":{"line":29,"column":8}}]}}},
"contracts/utils/Deployer.sol":{"l":{"33":0,"35":0,"42":0},"path":"/Users/ahmedali/Desktop/work/Ocean/ocean-contracts/contracts/utils/Deployer.sol","s":{"1":0,"2":0},"b":{},"f":{"1":0},"fnMap":{"1":{"name":"deploy","line":27,"loc":{"start":{"line":27,"column":4},"end":{"line":32,"column":5}}}},"statementMap":{"1":{"start":{"line":33,"column":8},"end":{"line":33,"column":45}},"2":{"start":{"line":42,"column":8},"end":{"line":42,"column":48}}},"branchMap":{}}}
