TN:
SF:/Users/ahmedali/Desktop/work/Ocean/ocean-contracts/contracts/Factory.sol
FN:49,constructor
FN:66,createToken
FNF:2
FNH:0
FNDA:0,constructor
FNDA:0,createToken
DA:54,0
DA:58,0
DA:73,0
DA:75,0
DA:80,0
DA:84,0
DA:86,0
DA:87,0
DA:95,0
DA:100,0
DA:106,0
DA:116,0
LF:12
LH:0
BRDA:54,1,0,0
BRDA:54,1,1,0
BRDA:75,2,0,0
BRDA:75,2,1,0
BRDA:95,3,0,0
BRDA:95,3,1,0
BRF:6
BRH:0
end_of_record
TN:
SF:/Users/ahmedali/Desktop/work/Ocean/ocean-contracts/contracts/interfaces/IERC20Template.sol
FNF:0
FNH:0
LF:0
LH:0
BRF:0
BRH:0
end_of_record
TN:
SF:/Users/ahmedali/Desktop/work/Ocean/ocean-contracts/contracts/templates/DataTokenTemplate.sol
FN:26,onlyNotInitialized
FN:34,onlyMinter
FN:49,constructor
FN:83,initialize
FN:102,_initialize
FN:151,mint
FN:166,pause
FN:176,unpause
FN:187,setMinter
FN:196,name
FN:205,symbol
FN:214,blob
FN:224,decimals
FN:233,cap
FN:243,isMinter
FN:252,isInitialized
FN:261,isPaused
FNF:17
FNH:0
FNDA:0,onlyNotInitialized
FNDA:0,onlyMinter
FNDA:0,constructor
FNDA:0,initialize
FNDA:0,_initialize
FNDA:0,mint
FNDA:0,pause
FNDA:0,unpause
FNDA:0,setMinter
FNDA:0,name
FNDA:0,symbol
FNDA:0,blob
FNDA:0,decimals
FNDA:0,cap
FNDA:0,isMinter
FNDA:0,isInitialized
FNDA:0,isPaused
DA:27,0
DA:31,0
DA:35,0
DA:39,0
DA:58,0
DA:86,0
DA:112,0
DA:117,0
DA:122,0
DA:127,0
DA:128,0
DA:129,0
DA:130,0
DA:131,0
DA:132,0
DA:133,0
DA:134,0
DA:153,0
DA:157,0
DA:167,0
DA:177,0
DA:188,0
DA:197,0
DA:206,0
DA:215,0
DA:225,0
DA:234,0
DA:244,0
DA:253,0
DA:262,0
LF:30
LH:0
BRDA:27,1,0,0
BRDA:27,1,1,0
BRDA:35,2,0,0
BRDA:35,2,1,0
BRDA:112,3,0,0
BRDA:112,3,1,0
BRDA:117,4,0,0
BRDA:117,4,1,0
BRDA:122,5,0,0
BRDA:122,5,1,0
BRDA:153,6,0,0
BRDA:153,6,1,0
BRF:12
BRH:0
end_of_record
TN:
SF:/Users/ahmedali/Desktop/work/Ocean/ocean-contracts/contracts/templates/token/ERC20Pausable.sol
FN:18,onlyNotPaused
FN:26,onlyPaused
FN:47,transfer
FN:68,transferFrom
FN:87,approve
FN:106,increaseAllowance
FN:125,decreaseAllowance
FNF:7
FNH:0
FNDA:0,onlyNotPaused
FNDA:0,onlyPaused
FNDA:0,transfer
FNDA:0,transferFrom
FNDA:0,approve
FNDA:0,increaseAllowance
FNDA:0,decreaseAllowance
DA:19,0
DA:23,0
DA:27,0
DA:31,0
DA:50,0
DA:71,0
DA:90,0
DA:109,0
DA:128,0
LF:9
LH:0
BRDA:19,1,0,0
BRDA:19,1,1,0
BRDA:27,2,0,0
BRDA:27,2,1,0
BRF:4
BRH:0
end_of_record
TN:
SF:/Users/ahmedali/Desktop/work/Ocean/ocean-contracts/contracts/utils/Converter.sol
FN:21,uintToString
FN:56,concatenateStrings
FNF:2
FNH:0
FNDA:0,uintToString
FNDA:0,concatenateStrings
DA:29,0
DA:30,0
DA:32,0
DA:33,0
DA:34,0
DA:35,0
DA:36,0
DA:39,0
DA:40,0
DA:41,0
DA:42,0
DA:43,0
DA:44,0
DA:46,0
DA:64,0
LF:15
LH:0
BRDA:29,1,0,0
BRDA:29,1,1,0
BRF:2
BRH:0
end_of_record
TN:
SF:/Users/ahmedali/Desktop/work/Ocean/ocean-contracts/contracts/utils/Deployer.sol
FN:27,deploy
FNF:1
FNH:0
FNDA:0,deploy
DA:33,0
DA:35,0
DA:42,0
LF:3
LH:0
BRF:0
BRH:0
end_of_record
