TN:
SF:/home/andrea/ocean/v4Hardhat/contracts/communityFee/OPFCommunityFeeCollector.sol
FN:30,constructor
FN:45,
FN:51,withdrawETH
FN:63,withdrawToken
FN:91,changeCollector
FNF:5
FNH:0
FNDA:0,constructor
FNDA:0,
FNDA:0,withdrawETH
FNDA:0,withdrawToken
FNDA:0,changeCollector
DA:32,0
DA:37,0
DA:38,0
DA:55,0
DA:68,0
DA:73,0
DA:93,0
DA:97,0
LF:8
LH:0
BRDA:32,1,0,0
BRDA:32,1,1,0
BRDA:68,2,0,0
BRDA:68,2,1,0
BRDA:73,3,0,0
BRDA:73,3,1,0
BRDA:93,4,0,0
BRDA:93,4,1,0
BRF:8
BRH:0
end_of_record
TN:
SF:/home/andrea/ocean/v4Hardhat/contracts/ERC721Factory.sol
FN:70,constructor
FN:102,deployERC721Contract
FN:158,getCurrentNFTCount
FN:167,getNFTTemplate
FN:185,add721TokenTemplate
FN:205,reactivate721TokenTemplate
FN:219,disable721TokenTemplate
FN:228,getCurrentNFTTemplateCount
FN:249,isContract
FN:293,createToken
FN:354,getCurrentTokenCount
FN:364,getTokenTemplate
FN:387,addTokenTemplate
FN:407,disableTokenTemplate
FN:420,reactivateTokenTemplate
FN:430,getCurrentTemplateCount
FNF:16
FNH:6
FNDA:18,constructor
FNDA:6,deployERC721Contract
FNDA:0,getCurrentNFTCount
FNDA:0,getNFTTemplate
FNDA:18,add721TokenTemplate
FNDA:0,reactivate721TokenTemplate
FNDA:0,disable721TokenTemplate
FNDA:0,getCurrentNFTTemplateCount
FNDA:36,isContract
FNDA:15,createToken
FNDA:0,getCurrentTokenCount
FNDA:0,getTokenTemplate
FNDA:18,addTokenTemplate
FNDA:0,disableTokenTemplate
FNDA:0,reactivateTokenTemplate
FNDA:0,getCurrentTemplateCount
DA:77,18
DA:84,18
DA:85,18
DA:86,18
DA:87,18
DA:88,18
DA:109,6
DA:113,6
DA:115,6
DA:120,6
DA:122,6
DA:127,6
DA:129,6
DA:130,6
DA:143,6
DA:151,6
DA:159,0
DA:172,0
DA:173,0
DA:188,18
DA:192,18
DA:193,18
DA:194,18
DA:195,18
DA:196,18
DA:206,0
DA:210,0
DA:211,0
DA:220,0
DA:224,0
DA:225,0
DA:229,0
DA:254,36
DA:256,36
DA:259,36
DA:301,15
DA:306,15
DA:307,15
DA:311,15
DA:313,15
DA:318,15
DA:320,15
DA:322,15
DA:327,15
DA:331,15
DA:344,15
DA:345,15
DA:347,15
DA:355,0
DA:369,0
DA:370,0
DA:374,0
DA:390,18
DA:394,18
DA:395,18
DA:396,18
DA:397,18
DA:398,18
DA:408,0
DA:409,0
DA:421,0
DA:425,0
DA:426,0
DA:431,0
LF:64
LH:44
BRDA:77,1,0,18
BRDA:77,1,1,0
BRDA:109,2,0,6
BRDA:109,2,1,0
BRDA:115,3,0,6
BRDA:115,3,1,0
BRDA:122,4,0,6
BRDA:122,4,1,0
BRDA:130,5,0,6
BRDA:130,5,1,0
BRDA:188,6,0,18
BRDA:188,6,1,0
BRDA:192,7,0,18
BRDA:192,7,1,0
BRDA:206,8,0,0
BRDA:206,8,1,0
BRDA:220,9,0,0
BRDA:220,9,1,0
BRDA:301,10,0,15
BRDA:301,10,1,0
BRDA:306,11,0,15
BRDA:306,11,1,0
BRDA:307,12,0,15
BRDA:307,12,1,0
BRDA:313,13,0,15
BRDA:313,13,1,0
BRDA:322,14,0,15
BRDA:322,14,1,0
BRDA:331,15,0,15
BRDA:331,15,1,0
BRDA:370,16,0,0
BRDA:370,16,1,0
BRDA:390,17,0,18
BRDA:390,17,1,0
BRDA:394,18,0,18
BRDA:394,18,1,0
BRDA:421,19,0,0
BRDA:421,19,1,0
BRF:38
BRH:15
end_of_record
TN:
SF:/home/andrea/ocean/v4Hardhat/contracts/interfaces/IERC1271.sol
FNF:0
FNH:0
LF:0
LH:0
BRF:0
BRH:0
end_of_record
TN:
SF:/home/andrea/ocean/v4Hardhat/contracts/interfaces/IERC20.sol
FNF:0
FNH:0
LF:0
LH:0
BRF:0
BRH:0
end_of_record
TN:
SF:/home/andrea/ocean/v4Hardhat/contracts/interfaces/IERC20Template.sol
FNF:0
FNH:0
LF:0
LH:0
BRF:0
BRH:0
end_of_record
TN:
SF:/home/andrea/ocean/v4Hardhat/contracts/interfaces/IERC721Template.sol
FNF:0
FNH:0
LF:0
LH:0
BRF:0
BRH:0
end_of_record
TN:
SF:/home/andrea/ocean/v4Hardhat/contracts/interfaces/IERC725X.sol
FNF:0
FNH:0
LF:0
LH:0
BRF:0
BRH:0
end_of_record
TN:
SF:/home/andrea/ocean/v4Hardhat/contracts/interfaces/IERC725Y.sol
FNF:0
FNH:0
LF:0
LH:0
BRF:0
BRH:0
end_of_record
TN:
SF:/home/andrea/ocean/v4Hardhat/contracts/interfaces/IFactory.sol
FNF:0
FNH:0
LF:0
LH:0
BRF:0
BRH:0
end_of_record
TN:
SF:/home/andrea/ocean/v4Hardhat/contracts/interfaces/IFactoryRouter.sol
FNF:0
FNH:0
LF:0
LH:0
BRF:0
BRH:0
end_of_record
TN:
SF:/home/andrea/ocean/v4Hardhat/contracts/interfaces/IFixedRateExchange.sol
FNF:0
FNH:0
LF:0
LH:0
BRF:0
BRH:0
end_of_record
TN:
SF:/home/andrea/ocean/v4Hardhat/contracts/interfaces/IMetadata.sol
FNF:0
FNH:0
LF:0
LH:0
BRF:0
BRH:0
end_of_record
TN:
SF:/home/andrea/ocean/v4Hardhat/contracts/interfaces/IPool.sol
FNF:0
FNH:0
LF:0
LH:0
BRF:0
BRH:0
end_of_record
TN:
SF:/home/andrea/ocean/v4Hardhat/contracts/interfaces/IssFixedRate.sol
FNF:0
FNH:0
LF:0
LH:0
BRF:0
BRH:0
end_of_record
TN:
SF:/home/andrea/ocean/v4Hardhat/contracts/interfaces/IV3ERC20.sol
FNF:0
FNH:0
LF:0
LH:0
BRF:0
BRH:0
end_of_record
TN:
SF:/home/andrea/ocean/v4Hardhat/contracts/interfaces/IV3Factory.sol
FNF:0
FNH:0
LF:0
LH:0
BRF:0
BRH:0
end_of_record
TN:
SF:/home/andrea/ocean/v4Hardhat/contracts/metadata/Metadata.sol
FN:36,constructor
FN:40,onlyDataTokenMinter
FN:48,onlyFactoryUpdater
FN:64,create
FN:79,update
FN:91,addTokenFactory
FNF:6
FNH:6
FNDA:18,constructor
FNDA:8,onlyDataTokenMinter
FNDA:6,onlyFactoryUpdater
FNDA:6,create
FNDA:2,update
FNDA:6,addTokenFactory
DA:37,18
DA:41,8
DA:45,8
DA:49,6
DA:50,6
DA:65,6
DA:80,2
DA:92,6
DA:93,6
DA:94,6
LF:10
LH:10
BRDA:41,1,0,8
BRDA:41,1,1,0
BRDA:49,2,0,6
BRDA:49,2,1,0
BRDA:92,3,0,6
BRDA:92,3,1,0
BRDA:93,4,0,6
BRDA:93,4,1,0
BRF:8
BRH:4
end_of_record
TN:
SF:/home/andrea/ocean/v4Hardhat/contracts/Migrations.sol
FN:8,restricted
FN:16,setCompleted
FNF:2
FNH:0
FNDA:0,restricted
FNDA:0,setCompleted
DA:9,0
DA:13,0
DA:17,0
LF:3
LH:0
BRDA:9,1,0,0
BRDA:9,1,1,0
BRF:2
BRH:0
end_of_record
TN:
SF:/home/andrea/ocean/v4Hardhat/contracts/pools/balancer/BConst.sol
FNF:0
FNH:0
LF:0
LH:0
BRF:0
BRH:0
end_of_record
TN:
SF:/home/andrea/ocean/v4Hardhat/contracts/pools/balancer/BFactory.sol
FN:41,constructor
FN:73,newBPool
FNF:2
FNH:2
FNDA:18,constructor
FNDA:5,newBPool
DA:43,18
DA:47,18
DA:51,18
DA:52,18
DA:54,18
DA:55,0
DA:56,0
DA:83,5
DA:85,5
DA:88,5
DA:92,5
DA:94,5
DA:111,5
DA:118,5
LF:14
LH:12
BRDA:43,1,0,18
BRDA:43,1,1,0
BRDA:47,2,0,18
BRDA:47,2,1,0
BRDA:54,3,0,0
BRDA:54,3,1,18
BRDA:88,4,0,5
BRDA:88,4,1,0
BRDA:94,5,0,5
BRDA:94,5,1,0
BRF:10
BRH:5
end_of_record
TN:
SF:/home/andrea/ocean/v4Hardhat/contracts/pools/balancer/BMath.sol
FN:42,calcSpotPrice
FN:86,calcOutGivenInSwap
FN:140,calcOutGivenIn
FN:183,calcInGivenOut
FN:216,calcInGivenOutSwap
FN:262,calcPoolOutGivenSingleIn
FN:303,calcSingleInGivenPoolOut
FN:342,calcSingleOutGivenPoolIn
FN:390,calcPoolInGivenSingleOut
FNF:9
FNH:7
FNDA:34,calcSpotPrice
FNDA:8,calcOutGivenInSwap
FNDA:0,calcOutGivenIn
FNDA:0,calcInGivenOut
FNDA:7,calcInGivenOutSwap
FNDA:6,calcPoolOutGivenSingleIn
FNDA:14,calcSingleInGivenPoolOut
FNDA:24,calcSingleOutGivenPoolIn
FNDA:8,calcPoolInGivenSingleOut
DA:58,34
DA:59,34
DA:60,34
DA:65,34
DA:67,34
DA:99,8
DA:101,8
DA:103,8
DA:105,8
DA:107,8
DA:109,8
DA:113,8
DA:115,8
DA:116,8
DA:117,8
DA:118,8
DA:119,8
DA:125,8
DA:127,8
DA:151,0
DA:153,0
DA:154,0
DA:157,0
DA:160,0
DA:162,0
DA:164,0
DA:165,0
DA:166,0
DA:168,0
DA:170,0
DA:194,0
DA:195,0
DA:196,0
DA:197,0
DA:198,0
DA:199,0
DA:201,0
DA:202,0
DA:203,0
DA:229,7
DA:230,7
DA:231,7
DA:232,7
DA:233,7
DA:234,7
DA:237,7
DA:238,7
DA:239,7
DA:240,7
DA:244,7
DA:246,7
DA:248,7
DA:249,7
DA:279,6
DA:280,6
DA:281,6
DA:283,6
DA:284,6
DA:287,6
DA:288,6
DA:289,6
DA:290,6
DA:314,14
DA:315,14
DA:316,14
DA:319,14
DA:320,14
DA:321,14
DA:322,14
DA:326,14
DA:327,14
DA:328,14
DA:353,24
DA:356,24
DA:360,24
DA:361,24
DA:364,24
DA:365,24
DA:367,24
DA:374,24
DA:375,24
DA:376,24
DA:403,8
DA:405,8
DA:406,8
DA:407,8
DA:412,8
DA:416,8
DA:419,8
DA:420,8
DA:421,8
DA:425,8
DA:426,8
LF:93
LH:73
BRF:0
BRH:0
end_of_record
TN:
SF:/home/andrea/ocean/v4Hardhat/contracts/pools/balancer/BNum.sol
FN:20,btoi
FN:27,bfloor
FN:34,badd
FN:43,bsub
FN:52,bsubSign
FN:63,bmul
FN:75,bdiv
FN:89,bpowi
FN:109,bpow
FN:129,bpowApprox
FNF:10
FNH:10
FNDA:134,btoi
FNDA:67,bfloor
FNDA:274,badd
FNDA:804,bsub
FNDA:883,bsubSign
FNDA:572,bmul
FNDA:440,bdiv
FNDA:67,bpowi
FNDA:67,bpow
FNDA:14,bpowApprox
DA:24,134
DA:31,67
DA:38,274
DA:39,274
DA:40,274
DA:47,804
DA:48,804
DA:49,804
DA:56,883
DA:57,824
DA:59,59
DA:67,572
DA:68,572
DA:69,572
DA:70,572
DA:71,572
DA:72,572
DA:79,440
DA:80,440
DA:81,440
DA:82,440
DA:83,440
DA:84,440
DA:85,440
DA:93,67
DA:94,67
DA:96,67
DA:97,38
DA:99,38
DA:100,38
DA:103,67
DA:113,67
DA:114,67
DA:116,67
DA:117,67
DA:119,67
DA:121,67
DA:122,53
DA:125,14
DA:126,14
DA:134,14
DA:135,14
DA:136,14
DA:137,14
DA:138,14
DA:145,14
DA:146,65
DA:147,65
DA:148,65
DA:149,65
DA:150,65
DA:152,65
DA:153,65
DA:154,65
DA:155,41
DA:157,24
DA:161,14
LF:57
LH:57
BRDA:39,1,0,274
BRDA:39,1,1,0
BRDA:48,2,0,804
BRDA:48,2,1,0
BRDA:56,3,0,824
BRDA:56,3,1,59
BRDA:68,4,0,572
BRDA:68,4,1,0
BRDA:70,5,0,572
BRDA:70,5,1,0
BRDA:79,6,0,440
BRDA:79,6,1,0
BRDA:81,7,0,440
BRDA:81,7,1,0
BRDA:83,8,0,440
BRDA:83,8,1,0
BRDA:99,9,0,38
BRDA:99,9,1,0
BRDA:113,10,0,67
BRDA:113,10,1,0
BRDA:114,11,0,67
BRDA:114,11,1,0
BRDA:121,12,0,53
BRDA:121,12,1,14
BRDA:150,13,0,0
BRDA:150,13,1,65
BRDA:152,14,0,22
BRDA:152,14,1,43
BRDA:153,15,0,51
BRDA:153,15,1,14
BRDA:154,16,0,41
BRDA:154,16,1,24
BRF:32
BRH:21
end_of_record
TN:
SF:/home/andrea/ocean/v4Hardhat/contracts/pools/balancer/BPool.sol
FN:71,_lock_
FN:78,_viewlock_
FN:106,isInitialized
FN:127,initialize
FN:155,_initialize
FN:183,setup
FN:227,isPublicSwap
FN:231,isFinalized
FN:235,isBound
FN:239,getNumTokens
FN:246,getCurrentTokens
FN:255,getFinalTokens
FN:262,collectOPF
FN:272,collectMarketFee
FN:284,updateMarketFeeCollector
FN:292,getDenormalizedWeight
FN:302,getTotalDenormalizedWeight
FN:311,getNormalizedWeight
FN:322,getBalance
FN:329,getSwapFee
FN:333,getController
FN:337,getDataTokenAddress
FN:341,getBaseTokenAddress
FN:345,setSwapFee
FN:365,finalize
FN:377,bind
FN:398,rebind
FN:472,getSpotPrice
FN:510,joinPool
FN:539,exitPool
FN:573,swapExactAmountIn
FN:661,swapExactAmountOut
FN:740,joinswapExternAmountIn
FN:842,joinswapPoolAmountOut
FN:939,exitswapPoolAmountIn
FN:1027,exitswapExternAmountOut
FN:1127,_pullUnderlying
FN:1139,_pushUnderlying
FN:1148,_pullPoolShare
FN:1152,_pushPoolShare
FN:1156,_mintPoolShare
FN:1160,_burnPoolShare
FNF:42
FNH:32
FNDA:49,_lock_
FNDA:13,_viewlock_
FNDA:0,isInitialized
FNDA:5,initialize
FNDA:5,_initialize
FNDA:5,setup
FNDA:0,isPublicSwap
FNDA:11,isFinalized
FNDA:0,isBound
FNDA:0,getNumTokens
FNDA:0,getCurrentTokens
FNDA:5,getFinalTokens
FNDA:4,collectOPF
FNDA:6,collectMarketFee
FNDA:0,updateMarketFeeCollector
FNDA:0,getDenormalizedWeight
FNDA:0,getTotalDenormalizedWeight
FNDA:0,getNormalizedWeight
FNDA:4,getBalance
FNDA:2,getSwapFee
FNDA:5,getController
FNDA:5,getDataTokenAddress
FNDA:5,getBaseTokenAddress
FNDA:0,setSwapFee
FNDA:5,finalize
FNDA:10,bind
FNDA:10,rebind
FNDA:4,getSpotPrice
FNDA:4,joinPool
FNDA:4,exitPool
FNDA:8,swapExactAmountIn
FNDA:7,swapExactAmountOut
FNDA:6,joinswapExternAmountIn
FNDA:4,joinswapPoolAmountOut
FNDA:8,exitswapPoolAmountIn
FNDA:8,exitswapExternAmountOut
FNDA:52,_pullUnderlying
FNDA:47,_pushUnderlying
FNDA:28,_pullPoolShare
FNDA:56,_pushPoolShare
FNDA:28,_mintPoolShare
FNDA:28,_burnPoolShare
DA:72,49
DA:73,49
DA:74,49
DA:75,49
DA:79,13
DA:80,13
DA:107,0
DA:137,5
DA:138,5
DA:139,5
DA:140,5
DA:141,5
DA:142,5
DA:164,5
DA:165,5
DA:166,5
DA:169,5
DA:170,5
DA:171,5
DA:172,5
DA:173,5
DA:174,5
DA:175,5
DA:176,5
DA:177,5
DA:178,5
DA:179,5
DA:191,5
DA:192,5
DA:196,5
DA:204,5
DA:205,5
DA:213,5
DA:214,5
DA:221,5
DA:228,0
DA:232,11
DA:236,0
DA:240,0
DA:249,0
DA:258,5
DA:259,5
DA:263,4
DA:264,2
DA:265,2
DA:266,4
DA:267,4
DA:268,4
DA:274,6
DA:276,3
DA:277,3
DA:278,6
DA:279,6
DA:280,6
DA:285,0
DA:286,0
DA:295,0
DA:296,0
DA:305,0
DA:314,0
DA:315,0
DA:316,0
DA:325,4
DA:326,4
DA:330,2
DA:334,5
DA:338,5
DA:342,5
DA:346,0
DA:347,0
DA:348,0
DA:349,0
DA:350,0
DA:370,5
DA:371,5
DA:373,5
DA:374,5
DA:382,10
DA:383,10
DA:384,10
DA:386,10
DA:388,10
DA:394,10
DA:395,10
DA:403,10
DA:404,10
DA:405,10
DA:408,10
DA:409,10
DA:410,10
DA:411,10
DA:413,0
DA:415,10
DA:418,10
DA:419,10
DA:420,10
DA:421,10
DA:424,0
DA:425,0
DA:426,0
DA:431,0
DA:475,4
DA:476,4
DA:477,4
DA:478,4
DA:479,4
DA:516,4
DA:519,4
DA:520,4
DA:521,4
DA:522,4
DA:523,8
DA:524,8
DA:525,8
DA:526,8
DA:527,8
DA:528,8
DA:529,8
DA:530,8
DA:532,4
DA:533,4
DA:534,4
DA:542,4
DA:545,4
DA:546,4
DA:547,4
DA:548,4
DA:549,4
DA:551,4
DA:552,4
DA:553,4
DA:555,4
DA:556,8
DA:557,8
DA:558,8
DA:559,8
DA:560,8
DA:561,8
DA:562,8
DA:563,8
DA:574,8
DA:576,8
DA:577,8
DA:579,8
DA:580,8
DA:582,8
DA:587,8
DA:596,8
DA:597,8
DA:598,8
DA:604,8
DA:612,8
DA:614,8
DA:615,8
DA:617,8
DA:627,8
DA:628,8
DA:634,8
DA:640,8
DA:649,8
DA:650,8
DA:652,8
DA:662,7
DA:663,7
DA:664,7
DA:666,7
DA:667,7
DA:669,7
DA:674,7
DA:682,7
DA:684,7
DA:685,7
DA:692,7
DA:701,7
DA:703,7
DA:704,7
DA:706,7
DA:714,7
DA:715,7
DA:716,7
DA:721,7
DA:730,7
DA:731,7
DA:733,7
DA:745,6
DA:746,6
DA:747,6
DA:752,6
DA:753,6
DA:754,6
DA:756,6
DA:757,0
DA:766,6
DA:767,6
DA:778,6
DA:780,6
DA:789,6
DA:791,6
DA:793,6
DA:794,6
DA:795,6
DA:796,6
DA:798,6
DA:803,6
DA:812,6
DA:820,5
DA:823,5
DA:824,5
DA:830,5
DA:831,5
DA:832,5
DA:833,5
DA:835,6
DA:847,4
DA:848,4
DA:850,4
DA:852,4
DA:862,4
DA:863,4
DA:864,4
DA:866,4
DA:867,0
DA:876,4
DA:877,4
DA:888,4
DA:889,4
DA:891,4
DA:896,4
DA:898,4
DA:899,4
DA:900,4
DA:901,4
DA:902,4
DA:906,4
DA:914,4
DA:919,4
DA:921,4
DA:922,4
DA:928,4
DA:929,4
DA:930,4
DA:932,4
DA:941,8
DA:942,8
DA:944,8
DA:946,8
DA:955,8
DA:957,8
DA:962,8
DA:963,8
DA:964,8
DA:965,4
DA:968,4
DA:969,4
DA:974,8
DA:976,8
DA:978,8
DA:979,8
DA:981,8
DA:983,8
DA:984,8
DA:985,8
DA:989,8
DA:998,8
DA:1005,4
DA:1006,4
DA:1007,4
DA:1013,4
DA:1014,4
DA:1015,4
DA:1016,4
DA:1018,4
DA:1020,8
DA:1032,8
DA:1033,8
DA:1034,8
DA:1039,8
DA:1040,8
DA:1041,8
DA:1042,8
DA:1043,4
DA:1052,4
DA:1053,4
DA:1063,8
DA:1065,8
DA:1074,8
DA:1075,8
DA:1077,8
DA:1079,8
DA:1081,8
DA:1082,8
DA:1083,8
DA:1084,8
DA:1085,8
DA:1086,8
DA:1090,8
DA:1098,8
DA:1105,4
DA:1106,4
DA:1107,4
DA:1113,4
DA:1114,4
DA:1115,4
DA:1116,4
DA:1118,4
DA:1120,8
DA:1133,52
DA:1136,52
DA:1144,47
DA:1145,47
DA:1149,28
DA:1153,56
DA:1157,28
DA:1161,28
LF:314
LH:289
BRDA:72,1,0,49
BRDA:72,1,1,0
BRDA:79,2,0,13
BRDA:79,2,1,0
BRDA:137,3,0,5
BRDA:137,3,1,0
BRDA:138,4,0,5
BRDA:138,4,1,0
BRDA:139,5,0,5
BRDA:139,5,1,0
BRDA:140,6,0,5
BRDA:140,6,1,0
BRDA:141,7,0,5
BRDA:141,7,1,0
BRDA:191,8,0,5
BRDA:191,8,1,0
BRDA:192,9,0,5
BRDA:192,9,1,0
BRDA:196,10,0,5
BRDA:196,10,1,0
BRDA:258,11,0,5
BRDA:258,11,1,0
BRDA:263,12,0,2
BRDA:263,12,1,2
BRDA:274,13,0,3
BRDA:274,13,1,3
BRDA:285,14,0,0
BRDA:285,14,1,0
BRDA:295,15,0,0
BRDA:295,15,1,0
BRDA:314,16,0,0
BRDA:314,16,1,0
BRDA:325,17,0,4
BRDA:325,17,1,0
BRDA:346,18,0,0
BRDA:346,18,1,0
BRDA:347,19,0,0
BRDA:347,19,1,0
BRDA:348,20,0,0
BRDA:348,20,1,0
BRDA:349,21,0,0
BRDA:349,21,1,0
BRDA:382,22,0,10
BRDA:382,22,1,0
BRDA:383,23,0,10
BRDA:383,23,1,0
BRDA:384,24,0,10
BRDA:384,24,1,0
BRDA:386,25,0,10
BRDA:386,25,1,0
BRDA:403,26,0,10
BRDA:403,26,1,0
BRDA:404,27,0,10
BRDA:404,27,1,0
BRDA:405,28,0,10
BRDA:405,28,1,0
BRDA:409,29,0,10
BRDA:409,29,1,0
BRDA:411,30,0,10
BRDA:411,30,1,0
BRDA:412,31,0,0
BRDA:412,31,1,0
BRDA:420,32,0,10
BRDA:420,32,1,0
BRDA:422,33,0,0
BRDA:422,33,1,0
BRDA:475,34,0,4
BRDA:475,34,1,0
BRDA:476,35,0,4
BRDA:476,35,1,0
BRDA:516,36,0,4
BRDA:516,36,1,0
BRDA:521,37,0,4
BRDA:521,37,1,0
BRDA:526,38,0,8
BRDA:526,38,1,0
BRDA:527,39,0,8
BRDA:527,39,1,0
BRDA:542,40,0,4
BRDA:542,40,1,0
BRDA:549,41,0,4
BRDA:549,41,1,0
BRDA:559,42,0,8
BRDA:559,42,1,0
BRDA:560,43,0,8
BRDA:560,43,1,0
BRDA:574,44,0,8
BRDA:574,44,1,0
BRDA:576,45,0,8
BRDA:576,45,1,0
BRDA:577,46,0,8
BRDA:577,46,1,0
BRDA:582,47,0,8
BRDA:582,47,1,0
BRDA:596,48,0,8
BRDA:596,48,1,0
BRDA:612,49,0,8
BRDA:612,49,1,0
BRDA:627,50,0,8
BRDA:627,50,1,0
BRDA:628,51,0,8
BRDA:628,51,1,0
BRDA:634,52,0,8
BRDA:634,52,1,0
BRDA:662,53,0,7
BRDA:662,53,1,0
BRDA:663,54,0,7
BRDA:663,54,1,0
BRDA:664,55,0,7
BRDA:664,55,1,0
BRDA:669,56,0,7
BRDA:669,56,1,0
BRDA:682,57,0,7
BRDA:682,57,1,0
BRDA:701,58,0,7
BRDA:701,58,1,0
BRDA:714,59,0,7
BRDA:714,59,1,0
BRDA:715,60,0,7
BRDA:715,60,1,0
BRDA:716,61,0,7
BRDA:716,61,1,0
BRDA:745,62,0,6
BRDA:745,62,1,0
BRDA:746,63,0,6
BRDA:746,63,1,0
BRDA:747,64,0,6
BRDA:747,64,1,0
BRDA:756,65,0,0
BRDA:756,65,1,6
BRDA:789,66,0,6
BRDA:789,66,1,0
BRDA:812,67,0,5
BRDA:812,67,1,1
BRDA:847,68,0,4
BRDA:847,68,1,0
BRDA:848,69,0,4
BRDA:848,69,1,0
BRDA:866,70,0,0
BRDA:866,70,1,4
BRDA:888,71,0,4
BRDA:888,71,1,0
BRDA:889,72,0,4
BRDA:889,72,1,0
BRDA:891,73,0,4
BRDA:891,73,1,0
BRDA:914,74,0,4
BRDA:914,74,1,0
BRDA:941,75,0,8
BRDA:941,75,1,0
BRDA:942,76,0,8
BRDA:942,76,1,0
BRDA:955,77,0,8
BRDA:955,77,1,0
BRDA:957,78,0,8
BRDA:957,78,1,0
BRDA:964,79,0,4
BRDA:964,79,1,4
BRDA:998,80,0,4
BRDA:998,80,1,4
BRDA:1032,81,0,8
BRDA:1032,81,1,0
BRDA:1033,82,0,8
BRDA:1033,82,1,0
BRDA:1034,83,0,8
BRDA:1034,83,1,0
BRDA:1042,84,0,4
BRDA:1042,84,1,4
BRDA:1074,85,0,8
BRDA:1074,85,1,0
BRDA:1075,86,0,8
BRDA:1075,86,1,0
BRDA:1098,87,0,4
BRDA:1098,87,1,4
BRDA:1136,88,0,52
BRDA:1136,88,1,0
BRDA:1145,89,0,47
BRDA:1145,89,1,0
BRF:178
BRH:87
end_of_record
TN:
SF:/home/andrea/ocean/v4Hardhat/contracts/pools/balancer/BToken.sol
FN:45,_mint
FN:51,_burn
FN:61,_move
FN:68,_push
FN:72,_pull
FN:83,name
FN:87,symbol
FN:91,decimals
FN:95,allowance
FN:99,balanceOf
FN:103,totalSupply
FN:107,approve
FN:113,increaseApproval
FN:119,decreaseApproval
FN:130,transfer
FN:135,transferFrom
FNF:16
FNH:7
FNDA:28,_mint
FNDA:28,_burn
FNDA:84,_move
FNDA:56,_push
FNDA:28,_pull
FNDA:0,name
FNDA:0,symbol
FNDA:0,decimals
FNDA:0,allowance
FNDA:143,balanceOf
FNDA:8,totalSupply
FNDA:0,approve
FNDA:0,increaseApproval
FNDA:0,decreaseApproval
FNDA:0,transfer
FNDA:0,transferFrom
DA:46,28
DA:47,28
DA:48,28
DA:52,28
DA:56,28
DA:57,28
DA:58,28
DA:62,84
DA:63,84
DA:64,84
DA:65,84
DA:69,56
DA:73,28
DA:84,0
DA:88,0
DA:92,0
DA:96,0
DA:100,143
DA:104,8
DA:108,0
DA:109,0
DA:110,0
DA:114,0
DA:115,0
DA:116,0
DA:120,0
DA:121,0
DA:122,0
DA:124,0
DA:126,0
DA:127,0
DA:131,0
DA:132,0
DA:143,0
DA:147,0
DA:148,0
DA:149,0
DA:150,0
DA:152,0
LF:39
LH:15
BRDA:52,1,0,28
BRDA:52,1,1,0
BRDA:62,2,0,84
BRDA:62,2,1,0
BRDA:121,3,0,0
BRDA:121,3,1,0
BRDA:143,4,0,0
BRDA:143,4,1,0
BRDA:148,5,0,0
BRDA:148,5,1,0
BRF:10
BRH:2
end_of_record
TN:
SF:/home/andrea/ocean/v4Hardhat/contracts/pools/FactoryRouter.sol
FN:25,onlyRouterOwner
FN:36,constructor
FN:42,addOceanToken
FN:46,addSSContract
FN:50,addFactory
FN:55,addFixedRateContract
FN:73,deployPool
FN:136,getLength
FN:154,deployFixedRate
FNF:9
FNH:8
FNDA:33,onlyRouterOwner
FNDA:18,constructor
FNDA:18,addOceanToken
FNDA:5,addSSContract
FNDA:6,addFactory
FNDA:4,addFixedRateContract
FNDA:5,deployPool
FNDA:0,getLength
FNDA:6,deployFixedRate
DA:26,33
DA:27,33
DA:37,18
DA:38,18
DA:39,18
DA:43,18
DA:47,5
DA:51,6
DA:52,6
DA:56,4
DA:82,5
DA:86,5
DA:90,5
DA:92,5
DA:93,5
DA:95,5
DA:96,3
DA:99,5
DA:100,5
DA:102,5
DA:103,5
DA:104,5
DA:107,5
DA:108,3
DA:109,3
DA:118,2
DA:119,2
DA:129,5
DA:131,5
DA:133,5
DA:137,0
DA:162,6
DA:167,6
DA:169,6
DA:170,4
DA:173,6
LF:36
LH:35
BRDA:26,1,0,33
BRDA:26,1,1,0
BRDA:51,2,0,6
BRDA:51,2,1,0
BRDA:82,3,0,5
BRDA:82,3,1,0
BRDA:86,4,0,5
BRDA:86,4,1,0
BRDA:90,5,0,5
BRDA:90,5,1,0
BRDA:95,6,0,3
BRDA:95,6,1,2
BRDA:107,7,0,3
BRDA:107,7,1,2
BRDA:129,8,0,5
BRDA:129,8,1,0
BRDA:162,9,0,6
BRDA:162,9,1,0
BRDA:169,10,0,4
BRDA:169,10,1,2
BRF:20
BRH:13
end_of_record
TN:
SF:/home/andrea/ocean/v4Hardhat/contracts/pools/fixedRate/FixedRateExchange.sol
FN:48,onlyActiveExchange
FN:57,onlyExchangeOwner
FN:65,onlyRouter
FN:122,constructor
FN:216,createWithDecimals
FN:275,generateExchangeId
FN:292,calcBaseInGivenOutDT
FN:335,calcBaseOutGivenInDT
FN:378,buyDT
FN:448,sellDT
FN:512,collectBT
FN:531,collectDT
FN:548,collectMarketFee
FN:563,collectOceanFee
FN:578,updateMarketFeeCollector
FN:594,getNumberOfExchanges
FN:606,setRate
FN:621,toggleExchangeState
FN:638,getRate
FN:649,getDTSupply
FN:673,getBTSupply
FN:699,getExchange
FN:730,getFeesInfo
FN:754,getExchanges
FN:764,isActive
FNF:25
FNH:20
FNDA:84,onlyActiveExchange
FNDA:12,onlyExchangeOwner
FNDA:6,onlyRouter
FNDA:12,constructor
FNDA:6,createWithDecimals
FNDA:6,generateExchangeId
FNDA:30,calcBaseInGivenOutDT
FNDA:12,calcBaseOutGivenInDT
FNDA:30,buyDT
FNDA:12,sellDT
FNDA:6,collectBT
FNDA:0,collectDT
FNDA:12,collectMarketFee
FNDA:2,collectOceanFee
FNDA:12,updateMarketFeeCollector
FNDA:0,getNumberOfExchanges
FNDA:0,setRate
FNDA:0,toggleExchangeState
FNDA:6,getRate
FNDA:90,getDTSupply
FNDA:90,getBTSupply
FNDA:90,getExchange
FNDA:34,getFeesInfo
FNDA:0,getExchanges
FNDA:6,isActive
DA:49,84
DA:54,84
DA:58,12
DA:62,6
DA:66,6
DA:67,6
DA:123,12
DA:124,12
DA:125,12
DA:126,12
DA:217,6
DA:221,6
DA:225,6
DA:229,6
DA:233,6
DA:234,6
DA:238,6
DA:255,6
DA:257,6
DA:265,6
DA:280,6
DA:300,30
DA:307,30
DA:308,30
DA:309,20
DA:313,30
DA:314,30
DA:318,30
DA:319,30
DA:322,30
DA:323,30
DA:343,12
DA:350,12
DA:351,12
DA:352,8
DA:356,12
DA:357,12
DA:361,12
DA:362,12
DA:365,12
DA:366,12
DA:380,30
DA:384,30
DA:392,30
DA:395,30
DA:398,30
DA:407,30
DA:411,30
DA:412,18
DA:421,12
DA:423,12
DA:429,24
DA:450,12
DA:454,12
DA:462,12
DA:465,12
DA:468,12
DA:477,12
DA:481,12
DA:482,0
DA:491,12
DA:493,12
DA:499,12
DA:514,6
DA:515,6
DA:516,6
DA:521,6
DA:533,0
DA:534,0
DA:535,0
DA:540,0
DA:550,12
DA:551,12
DA:552,12
DA:556,12
DA:565,2
DA:566,2
DA:567,2
DA:571,2
DA:582,12
DA:586,6
DA:595,0
DA:608,0
DA:610,0
DA:611,0
DA:623,0
DA:624,0
DA:625,0
DA:627,0
DA:628,0
DA:639,6
DA:654,90
DA:656,90
DA:658,90
DA:660,90
DA:661,0
DA:678,90
DA:680,90
DA:682,90
DA:684,90
DA:685,0
DA:716,90
DA:717,90
DA:718,90
DA:719,90
DA:720,90
DA:721,90
DA:722,90
DA:723,90
DA:724,90
DA:725,90
DA:726,90
DA:727,90
DA:741,34
DA:742,34
DA:743,34
DA:744,34
DA:745,34
DA:746,34
DA:755,0
DA:765,6
LF:121
LH:104
BRDA:49,1,0,84
BRDA:49,1,1,0
BRDA:58,2,0,6
BRDA:58,2,1,6
BRDA:66,3,0,6
BRDA:66,3,1,0
BRDA:123,4,0,12
BRDA:123,4,1,0
BRDA:124,5,0,12
BRDA:124,5,1,0
BRDA:217,6,0,6
BRDA:217,6,1,0
BRDA:221,7,0,6
BRDA:221,7,1,0
BRDA:225,8,0,6
BRDA:225,8,1,0
BRDA:229,9,0,6
BRDA:229,9,1,0
BRDA:234,10,0,6
BRDA:234,10,1,0
BRDA:308,11,0,20
BRDA:308,11,1,10
BRDA:351,12,0,8
BRDA:351,12,1,4
BRDA:380,13,0,30
BRDA:380,13,1,0
BRDA:398,14,0,30
BRDA:398,14,1,0
BRDA:411,15,0,18
BRDA:411,15,1,12
BRDA:412,16,0,12
BRDA:412,16,1,6
BRDA:450,17,0,12
BRDA:450,17,1,0
BRDA:468,18,0,12
BRDA:468,18,1,0
BRDA:481,19,0,0
BRDA:481,19,1,12
BRDA:482,20,0,0
BRDA:482,20,1,0
BRDA:582,21,0,6
BRDA:582,21,1,6
BRDA:608,22,0,0
BRDA:608,22,1,0
BRDA:623,23,0,0
BRDA:623,23,1,0
BRDA:654,24,0,0
BRDA:654,24,1,90
BRDA:660,25,0,0
BRDA:660,25,1,90
BRDA:678,26,0,0
BRDA:678,26,1,90
BRDA:684,27,0,0
BRDA:684,27,1,90
BRF:54
BRH:30
end_of_record
TN:
SF:/home/andrea/ocean/v4Hardhat/contracts/pools/ssContracts/ssFixedRate.sol
FN:53,onlyRouter
FN:61,constructor
FN:82,newDataTokenCreated
FN:135,getDataTokenCirculatingSupply
FN:145,getPublisherAddress
FN:154,getBaseTokenAddress
FN:163,getPoolAddress
FN:172,getBaseTokenBalance
FN:181,getDataTokenBalance
FN:190,getvestingEndBlock
FN:199,getvestingAmount
FN:208,getvestingLastBlock
FN:217,getvestingAmountSoFar
FN:227,canStake
FN:249,Stake
FN:267,canUnStake
FN:290,UnStake
FN:306,notifyFinalize
FN:356,getVesting
FNF:19
FNH:11
FNDA:5,onlyRouter
FNDA:18,constructor
FNDA:5,newDataTokenCreated
FNDA:0,getDataTokenCirculatingSupply
FNDA:0,getPublisherAddress
FNDA:0,getBaseTokenAddress
FNDA:0,getPoolAddress
FNDA:0,getBaseTokenBalance
FNDA:4,getDataTokenBalance
FNDA:0,getvestingEndBlock
FNDA:2,getvestingAmount
FNDA:0,getvestingLastBlock
FNDA:0,getvestingAmountSoFar
FNDA:19,canStake
FNDA:9,Stake
FNDA:24,canUnStake
FNDA:8,UnStake
FNDA:5,notifyFinalize
FNDA:1,getVesting
DA:54,5
DA:55,5
DA:62,18
DA:84,5
DA:85,5
DA:86,5
DA:91,5
DA:95,5
DA:100,5
DA:101,5
DA:106,5
DA:108,5
DA:109,5
DA:111,5
DA:129,5
DA:131,5
DA:140,0
DA:141,0
DA:150,0
DA:151,0
DA:159,0
DA:160,0
DA:168,0
DA:169,0
DA:177,0
DA:178,0
DA:186,4
DA:187,4
DA:195,0
DA:196,0
DA:204,2
DA:205,2
DA:213,0
DA:214,0
DA:222,0
DA:223,0
DA:233,19
DA:234,19
DA:238,19
DA:239,19
DA:240,0
DA:243,19
DA:244,18
DA:245,1
DA:254,9
DA:255,9
DA:259,9
DA:260,9
DA:261,9
DA:262,9
DA:263,9
DA:273,24
DA:274,24
DA:279,24
DA:280,8
DA:283,16
DA:284,16
DA:286,0
DA:295,8
DA:296,8
DA:300,8
DA:301,8
DA:302,8
DA:309,5
DA:311,5
DA:312,5
DA:313,5
DA:314,5
DA:315,5
DA:317,5
DA:320,5
DA:325,5
DA:328,5
DA:329,5
DA:330,5
DA:333,5
DA:339,5
DA:340,5
DA:349,5
DA:350,5
DA:357,1
DA:365,1
DA:367,1
DA:368,1
DA:372,0
DA:377,1
DA:381,1
DA:382,1
DA:383,1
DA:387,1
DA:388,1
DA:389,1
DA:390,1
DA:391,1
LF:94
LH:75
BRDA:54,1,0,5
BRDA:54,1,1,0
BRDA:84,2,0,5
BRDA:84,2,1,0
BRDA:86,3,0,5
BRDA:86,3,1,0
BRDA:91,4,0,5
BRDA:91,4,1,0
BRDA:95,5,0,5
BRDA:95,5,1,0
BRDA:101,6,0,5
BRDA:101,6,1,0
BRDA:108,7,0,5
BRDA:108,7,1,0
BRDA:109,8,0,5
BRDA:109,8,1,0
BRDA:140,9,0,0
BRDA:140,9,1,0
BRDA:150,10,0,0
BRDA:150,10,1,0
BRDA:159,11,0,0
BRDA:159,11,1,0
BRDA:168,12,0,0
BRDA:168,12,1,0
BRDA:177,13,0,0
BRDA:177,13,1,0
BRDA:186,14,0,0
BRDA:186,14,1,4
BRDA:195,15,0,0
BRDA:195,15,1,0
BRDA:204,16,0,0
BRDA:204,16,1,2
BRDA:213,17,0,0
BRDA:213,17,1,0
BRDA:222,18,0,0
BRDA:222,18,1,0
BRDA:234,19,0,19
BRDA:234,19,1,0
BRDA:238,20,0,0
BRDA:238,20,1,19
BRDA:239,21,0,0
BRDA:239,21,1,19
BRDA:243,22,0,18
BRDA:243,22,1,1
BRDA:254,23,0,0
BRDA:254,23,1,9
BRDA:255,24,0,9
BRDA:255,24,1,0
BRDA:260,25,0,0
BRDA:260,25,1,9
BRDA:273,26,0,0
BRDA:273,26,1,24
BRDA:274,27,0,24
BRDA:274,27,1,0
BRDA:279,28,0,8
BRDA:279,28,1,16
BRDA:283,29,0,16
BRDA:283,29,1,0
BRDA:295,30,0,0
BRDA:295,30,1,8
BRDA:296,31,0,8
BRDA:296,31,1,0
BRDA:301,32,0,0
BRDA:301,32,1,8
BRDA:309,33,0,0
BRDA:309,33,1,5
BRDA:311,34,0,0
BRDA:311,34,1,5
BRDA:357,35,0,1
BRDA:357,35,1,0
BRDA:367,36,0,1
BRDA:367,36,1,0
BRDA:381,37,0,0
BRDA:381,37,1,1
BRDA:383,38,0,1
BRDA:383,38,1,0
BRF:76
BRH:32
end_of_record
TN:
SF:/home/andrea/ocean/v4Hardhat/contracts/templates/ERC20Template.sol
FN:81,onlyNotInitialized
FN:88,onlyNFTOwner
FN:96,onlyERC20Deployer
FN:128,initialize
FN:154,_initialize
FN:225,deployPool
FN:263,createFixedRate
FN:283,mint
FN:305,startOrder
FN:358,startMultipleOrder
FN:424,finishOrder
FN:457,finishMultipleOrder
FN:494,addMinter
FN:505,removeMinter
FN:516,addFeeManager
FN:527,removeFeeManager
FN:538,setData
FN:550,cleanPermissions
FN:562,cleanFrom721
FN:579,setFeeCollector
FN:587,getId
FN:596,name
FN:605,symbol
FN:615,decimals
FN:624,cap
FN:634,isInitialized
FN:646,calculateFee
FN:668,permit
FN:709,getAddressLength
FN:724,getUintLength
FN:739,getBytesLength
FN:753,getFeeCollector
FNF:32
FNH:11
FNDA:15,onlyNotInitialized
FNDA:0,onlyNFTOwner
FNDA:13,onlyERC20Deployer
FNDA:15,initialize
FNDA:15,_initialize
FNDA:5,deployPool
FNDA:6,createFixedRate
FNDA:24,mint
FNDA:0,startOrder
FNDA:0,startMultipleOrder
FNDA:0,finishOrder
FNDA:0,finishMultipleOrder
FNDA:1,addMinter
FNDA:0,removeMinter
FNDA:0,addFeeManager
FNDA:0,removeFeeManager
FNDA:1,setData
FNDA:0,cleanPermissions
FNDA:5,cleanFrom721
FNDA:0,setFeeCollector
FNDA:0,getId
FNDA:0,name
FNDA:0,symbol
FNDA:0,decimals
FNDA:10,cap
FNDA:0,isInitialized
FNDA:0,calculateFee
FNDA:0,permit
FNDA:0,getAddressLength
FNDA:0,getUintLength
FNDA:0,getBytesLength
FNDA:0,getFeeCollector
DA:82,15
DA:86,15
DA:89,0
DA:93,0
DA:97,13
DA:103,13
DA:129,15
DA:164,15
DA:169,15
DA:174,15
DA:175,15
DA:176,15
DA:177,15
DA:178,15
DA:179,15
DA:180,15
DA:181,15
DA:183,15
DA:184,15
DA:185,15
DA:186,15
DA:189,15
DA:201,15
DA:226,5
DA:227,5
DA:229,5
DA:230,5
DA:240,5
DA:264,6
DA:273,6
DA:284,24
DA:288,18
DA:292,16
DA:314,0
DA:315,0
DA:322,0
DA:324,0
DA:328,0
DA:329,0
DA:330,0
DA:331,0
DA:333,0
DA:334,0
DA:336,0
DA:366,0
DA:368,0
DA:369,0
DA:370,0
DA:374,0
DA:375,0
DA:377,0
DA:378,0
DA:379,0
DA:386,0
DA:387,0
DA:391,0
DA:392,0
DA:393,0
DA:397,0
DA:399,0
DA:400,0
DA:402,0
DA:430,0
DA:431,0
DA:436,0
DA:463,0
DA:465,0
DA:466,0
DA:467,0
DA:469,0
DA:470,0
DA:471,0
DA:476,0
DA:495,1
DA:506,0
DA:517,0
DA:528,0
DA:539,1
DA:540,1
DA:551,0
DA:552,0
DA:563,5
DA:567,5
DA:568,5
DA:580,0
DA:584,0
DA:588,0
DA:597,0
DA:606,0
DA:616,0
DA:625,10
DA:635,0
DA:651,0
DA:652,0
DA:653,0
DA:677,0
DA:678,0
DA:694,0
DA:695,0
DA:699,0
DA:714,0
DA:729,0
DA:744,0
DA:754,0
DA:755,0
DA:757,0
LF:106
LH:38
BRDA:82,1,0,15
BRDA:82,1,1,0
BRDA:89,2,0,0
BRDA:89,2,1,0
BRDA:97,3,0,13
BRDA:97,3,1,0
BRDA:164,4,0,15
BRDA:164,4,1,0
BRDA:169,5,0,15
BRDA:169,5,1,0
BRDA:174,6,0,15
BRDA:174,6,1,0
BRDA:226,7,0,5
BRDA:226,7,1,0
BRDA:284,8,0,18
BRDA:284,8,1,6
BRDA:288,9,0,16
BRDA:288,9,1,2
BRDA:314,10,0,0
BRDA:314,10,1,0
BRDA:329,11,0,0
BRDA:329,11,1,0
BRDA:368,12,0,0
BRDA:368,12,1,0
BRDA:369,13,0,0
BRDA:369,13,1,0
BRDA:370,14,0,0
BRDA:370,14,1,0
BRDA:374,15,0,0
BRDA:374,15,1,0
BRDA:375,16,0,0
BRDA:375,16,1,0
BRDA:378,17,0,0
BRDA:378,17,1,0
BRDA:392,18,0,0
BRDA:392,18,1,0
BRDA:430,19,0,0
BRDA:430,19,1,0
BRDA:431,20,0,0
BRDA:431,20,1,0
BRDA:465,21,0,0
BRDA:465,21,1,0
BRDA:466,22,0,0
BRDA:466,22,1,0
BRDA:467,23,0,0
BRDA:467,23,1,0
BRDA:470,24,0,0
BRDA:470,24,1,0
BRDA:471,25,0,0
BRDA:471,25,1,0
BRDA:563,26,0,5
BRDA:563,26,1,0
BRDA:580,27,0,0
BRDA:580,27,1,0
BRDA:651,28,0,0
BRDA:651,28,1,0
BRDA:652,29,0,0
BRDA:652,29,1,0
BRDA:677,30,0,0
BRDA:677,30,1,0
BRDA:695,31,0,0
BRDA:695,31,1,0
BRDA:754,32,0,0
BRDA:754,32,1,0
BRF:64
BRH:11
end_of_record
TN:
SF:/home/andrea/ocean/v4Hardhat/contracts/templates/ERC721Template.sol
FN:40,onlyNFTOwner
FN:60,initialize
FN:101,_initialize
FN:143,_createMetadata
FN:165,updateMetadata
FN:192,createERC20
FN:229,name
FN:238,symbol
FN:248,isInitialized
FN:259,addManager
FN:271,removeManager
FN:291,executeCall
FN:309,setNewData
FN:326,setDataERC20
FN:347,setDataV3
FN:373,cleanPermissions
FN:389,wrapV3DT
FN:405,mintV3DT
FN:426,addV3Minter
FN:438,removeV3Minter
FN:451,transferFrom
FN:472,safeTransferFrom
FN:488,getAddressLength
FN:502,_cleanERC20Permissions
FNF:24
FNH:16
FNDA:6,onlyNFTOwner
FNDA:6,initialize
FNDA:6,_initialize
FNDA:6,_createMetadata
FNDA:1,updateMetadata
FNDA:20,createERC20
FNDA:0,name
FNDA:0,symbol
FNDA:0,isInitialized
FNDA:5,addManager
FNDA:0,removeManager
FNDA:0,executeCall
FNDA:1,setNewData
FNDA:1,setDataERC20
FNDA:1,setDataV3
FNDA:0,cleanPermissions
FNDA:1,wrapV3DT
FNDA:3,mintV3DT
FNDA:2,addV3Minter
FNDA:0,removeV3Minter
FNDA:3,transferFrom
FNDA:0,safeTransferFrom
FNDA:3,getAddressLength
FNDA:3,_cleanERC20Permissions
DA:41,6
DA:42,6
DA:69,6
DA:73,6
DA:110,6
DA:114,6
DA:118,6
DA:120,6
DA:121,6
DA:122,6
DA:123,6
DA:124,6
DA:125,6
DA:126,6
DA:127,6
DA:144,6
DA:148,6
DA:150,6
DA:168,1
DA:172,1
DA:173,1
DA:200,20
DA:205,15
DA:214,15
DA:216,15
DA:219,15
DA:221,15
DA:230,0
DA:239,0
DA:249,0
DA:260,5
DA:272,0
DA:292,0
DA:310,1
DA:314,1
DA:327,1
DA:331,1
DA:353,1
DA:357,1
DA:359,1
DA:360,1
DA:361,1
DA:374,0
DA:391,1
DA:392,1
DA:410,3
DA:414,3
DA:415,3
DA:427,2
DA:439,0
DA:456,3
DA:457,3
DA:458,3
DA:459,3
DA:460,2
DA:473,0
DA:474,0
DA:475,0
DA:476,0
DA:477,0
DA:493,3
DA:503,3
DA:504,5
LF:63
LH:51
BRDA:41,1,0,6
BRDA:41,1,1,0
BRDA:69,2,0,6
BRDA:69,2,1,0
BRDA:110,3,0,6
BRDA:110,3,1,0
BRDA:114,4,0,6
BRDA:114,4,1,0
BRDA:144,5,0,6
BRDA:144,5,1,0
BRDA:168,6,0,1
BRDA:168,6,1,0
BRDA:200,7,0,15
BRDA:200,7,1,5
BRDA:310,8,0,1
BRDA:310,8,1,0
BRDA:327,9,0,1
BRDA:327,9,1,0
BRDA:353,10,0,1
BRDA:353,10,1,0
BRDA:410,11,0,3
BRDA:410,11,1,0
BRDA:456,12,0,3
BRDA:456,12,1,0
BRDA:473,13,0,0
BRDA:473,13,1,0
BRF:26
BRH:13
end_of_record
TN:
SF:/home/andrea/ocean/v4Hardhat/contracts/utils/Deployer.sol
FN:27,deploy
FNF:1
FNH:1
FNDA:26,deploy
DA:33,26
DA:37,26
DA:44,26
LF:3
LH:3
BRF:0
BRH:0
end_of_record
TN:
SF:/home/andrea/ocean/v4Hardhat/contracts/utils/ERC20Roles.sol
FN:17,_addMinter
FN:24,_removeMinter
FN:30,_addFeeManager
FN:37,_removeFeeManager
FN:50,_cleanPermissions
FNF:5
FNH:3
FNDA:21,_addMinter
FNDA:0,_removeMinter
FNDA:15,_addFeeManager
FNDA:0,_removeFeeManager
FNDA:5,_cleanPermissions
DA:18,21
DA:19,21
DA:20,21
DA:21,21
DA:25,0
DA:26,0
DA:31,15
DA:32,15
DA:33,15
DA:34,15
DA:38,0
DA:39,0
DA:52,5
DA:53,10
DA:54,10
DA:55,10
DA:59,5
LF:17
LH:13
BRDA:19,1,0,21
BRDA:19,1,1,0
BRDA:32,2,0,15
BRDA:32,2,1,0
BRF:4
BRH:2
end_of_record
TN:
SF:/home/andrea/ocean/v4Hardhat/contracts/utils/ERC721/Address.sol
FN:24,isContract
FN:51,sendValue
FN:77,functionCall
FN:87,functionCall
FN:102,functionCallWithValue
FN:112,functionCallWithValue
FN:127,functionStaticCall
FN:137,functionStaticCall
FN:151,functionDelegateCall
FN:161,functionDelegateCall
FN:169,_verifyCallResult
FNF:11
FNH:1
FNDA:8,isContract
FNDA:0,sendValue
FNDA:0,functionCall
FNDA:0,functionCall
FNDA:0,functionCallWithValue
FNDA:0,functionCallWithValue
FNDA:0,functionStaticCall
FNDA:0,functionStaticCall
FNDA:0,functionDelegateCall
FNDA:0,functionDelegateCall
FNDA:0,_verifyCallResult
DA:29,8
DA:31,8
DA:32,8
DA:52,0
DA:55,0
DA:56,0
DA:78,0
DA:88,0
DA:103,0
DA:113,0
DA:114,0
DA:117,0
DA:118,0
DA:128,0
DA:138,0
DA:141,0
DA:142,0
DA:152,0
DA:162,0
DA:165,0
DA:166,0
DA:170,0
DA:171,0
DA:174,0
DA:178,0
DA:183,0
LF:26
LH:3
BRDA:52,1,0,0
BRDA:52,1,1,0
BRDA:56,2,0,0
BRDA:56,2,1,0
BRDA:113,3,0,0
BRDA:113,3,1,0
BRDA:114,4,0,0
BRDA:114,4,1,0
BRDA:138,5,0,0
BRDA:138,5,1,0
BRDA:162,6,0,0
BRDA:162,6,1,0
BRDA:170,7,0,0
BRDA:170,7,1,0
BRDA:174,8,0,0
BRDA:174,8,1,0
BRF:16
BRH:0
end_of_record
TN:
SF:/home/andrea/ocean/v4Hardhat/contracts/utils/ERC721/Context.sol
FN:14,_msgSender
FN:18,_msgData
FNF:2
FNH:0
FNDA:0,_msgSender
FNDA:0,_msgData
DA:15,0
DA:19,0
DA:20,0
LF:3
LH:0
BRF:0
BRH:0
end_of_record
TN:
SF:/home/andrea/ocean/v4Hardhat/contracts/utils/ERC721/ERC721.sol
FN:39,constructor
FN:47,balanceOf
FN:55,ownerOf
FN:64,name
FN:71,symbol
FN:78,tokenURI
FN:91,_baseURI
FN:98,approve
FN:112,getApproved
FN:121,setApprovalForAll
FN:131,isApprovedForAll
FN:138,_transferFrom
FN:149,_safeTransferFrom
FN:156,safeTransferFrom
FN:179,_safeTransfer
FN:192,_exists
FN:203,_isApprovedOrOwner
FN:219,_safeMint
FN:227,_safeMint
FN:244,_mint
FN:266,_burn
FN:291,_transfer
FN:312,_approve
FN:327,_checkOnERC721Received
FN:363,_beforeTokenTransfer
FNF:25
FNH:17
FNDA:18,constructor
FNDA:8,balanceOf
FNDA:19,ownerOf
FNDA:0,name
FNDA:0,symbol
FNDA:0,tokenURI
FNDA:0,_baseURI
FNDA:0,approve
FNDA:1,getApproved
FNDA:0,setApprovalForAll
FNDA:1,isApprovedForAll
FNDA:3,_transferFrom
FNDA:0,_safeTransferFrom
FNDA:2,safeTransferFrom
FNDA:2,_safeTransfer
FNDA:12,_exists
FNDA:5,_isApprovedOrOwner
FNDA:6,_safeMint
FNDA:6,_safeMint
FNDA:6,_mint
FNDA:0,_burn
FNDA:2,_transfer
FNDA:2,_approve
FNDA:8,_checkOnERC721Received
FNDA:8,_beforeTokenTransfer
DA:40,18
DA:41,18
DA:48,8
DA:49,8
DA:56,19
DA:57,19
DA:58,19
DA:65,0
DA:72,0
DA:79,0
DA:81,0
DA:82,0
DA:92,0
DA:99,0
DA:100,0
DA:102,0
DA:106,0
DA:113,1
DA:115,1
DA:122,0
DA:124,0
DA:125,0
DA:132,1
DA:140,3
DA:142,2
DA:150,0
DA:157,2
DA:158,2
DA:180,2
DA:181,2
DA:193,12
DA:204,5
DA:205,5
DA:206,5
DA:220,6
DA:228,6
DA:229,6
DA:245,6
DA:246,6
DA:248,6
DA:250,6
DA:251,6
DA:253,6
DA:267,0
DA:269,0
DA:272,0
DA:274,0
DA:275,0
DA:277,0
DA:292,2
DA:293,2
DA:295,2
DA:298,2
DA:300,2
DA:301,2
DA:302,2
DA:304,2
DA:313,2
DA:314,2
DA:330,8
DA:331,0
DA:332,0
DA:334,0
DA:335,0
DA:338,0
DA:344,8
LF:66
LH:41
BRDA:48,1,0,8
BRDA:48,1,1,0
BRDA:57,2,0,19
BRDA:57,2,1,0
BRDA:79,3,0,0
BRDA:79,3,1,0
BRDA:100,4,0,0
BRDA:100,4,1,0
BRDA:102,5,0,0
BRDA:102,5,1,0
BRDA:113,6,0,1
BRDA:113,6,1,0
BRDA:122,7,0,0
BRDA:122,7,1,0
BRDA:140,8,0,2
BRDA:140,8,1,1
BRDA:157,9,0,2
BRDA:157,9,1,0
BRDA:181,10,0,2
BRDA:181,10,1,0
BRDA:204,11,0,5
BRDA:204,11,1,0
BRDA:229,12,0,6
BRDA:229,12,1,0
BRDA:245,13,0,6
BRDA:245,13,1,0
BRDA:246,14,0,6
BRDA:246,14,1,0
BRDA:292,15,0,2
BRDA:292,15,1,0
BRDA:293,16,0,2
BRDA:293,16,1,0
BRDA:330,17,0,0
BRDA:330,17,1,8
BRDA:334,18,0,0
BRDA:334,18,1,0
BRF:36
BRH:14
end_of_record
TN:
SF:/home/andrea/ocean/v4Hardhat/contracts/utils/ERC721/IERC721.sol
FNF:0
FNH:0
LF:0
LH:0
BRF:0
BRH:0
end_of_record
TN:
SF:/home/andrea/ocean/v4Hardhat/contracts/utils/ERC721/IERC721Enumerable.sol
FNF:0
FNH:0
LF:0
LH:0
BRF:0
BRH:0
end_of_record
TN:
SF:/home/andrea/ocean/v4Hardhat/contracts/utils/ERC721/IERC721Metadata.sol
FNF:0
FNH:0
LF:0
LH:0
BRF:0
BRH:0
end_of_record
TN:
SF:/home/andrea/ocean/v4Hardhat/contracts/utils/ERC721/IERC721Receiver.sol
FNF:0
FNH:0
LF:0
LH:0
BRF:0
BRH:0
end_of_record
TN:
SF:/home/andrea/ocean/v4Hardhat/contracts/utils/ERC721/Strings.sol
FN:15,toString
FN:40,toHexString
FN:56,toHexString
FNF:3
FNH:0
FNDA:0,toString
FNDA:0,toHexString
FNDA:0,toHexString
DA:19,0
DA:20,0
DA:22,0
DA:23,0
DA:24,0
DA:25,0
DA:26,0
DA:28,0
DA:29,0
DA:30,0
DA:31,0
DA:32,0
DA:34,0
DA:41,0
DA:42,0
DA:44,0
DA:45,0
DA:46,0
DA:47,0
DA:48,0
DA:50,0
DA:57,0
DA:58,0
DA:59,0
DA:60,0
DA:61,0
DA:62,0
DA:64,0
DA:65,0
LF:29
LH:0
BRDA:19,1,0,0
BRDA:19,1,1,0
BRDA:41,2,0,0
BRDA:41,2,1,0
BRDA:64,3,0,0
BRDA:64,3,1,0
BRF:6
BRH:0
end_of_record
TN:
SF:/home/andrea/ocean/v4Hardhat/contracts/utils/ERC721RolesAddress.sol
FN:18,getPermissions
FN:22,onlyManager
FN:30,addTo725StoreList
FN:38,removeFrom725StoreList
FN:44,addToCreateERC20List
FN:52,removeFromCreateERC20List
FN:58,addToMetadataList
FN:66,removeFromMetadataList
FN:72,_addManager
FN:78,_removeManager
FN:83,_addV3Minter
FN:89,_removeV3Minter
FN:94,_cleanPermissions
FNF:13
FNH:9
FNDA:44,getPermissions
FNDA:24,onlyManager
FNDA:7,addTo725StoreList
FNDA:0,removeFrom725StoreList
FNDA:7,addToCreateERC20List
FNDA:0,removeFromCreateERC20List
FNDA:7,addToMetadataList
FNDA:1,removeFromMetadataList
FNDA:13,_addManager
FNDA:0,_removeManager
FNDA:3,_addV3Minter
FNDA:0,_removeV3Minter
FNDA:3,_cleanPermissions
DA:19,44
DA:23,24
DA:27,24
DA:31,7
DA:32,7
DA:33,7
DA:40,0
DA:41,0
DA:45,7
DA:46,7
DA:47,7
DA:54,0
DA:55,0
DA:59,7
DA:60,7
DA:61,7
DA:68,1
DA:69,1
DA:73,13
DA:74,13
DA:75,13
DA:79,0
DA:80,0
DA:84,3
DA:85,3
DA:86,3
DA:90,0
DA:91,0
DA:95,3
DA:96,16
DA:97,16
DA:98,16
DA:99,16
DA:100,16
DA:101,16
DA:104,3
LF:36
LH:28
BRDA:23,1,0,24
BRDA:23,1,1,0
BRF:2
BRH:1
end_of_record
TN:
SF:/home/andrea/ocean/v4Hardhat/contracts/utils/ERC725/ERC725Ocean.sol
FN:39,constructor
FN:57,execute
FN:99,executeCall
FN:111,executeDelegateCall
FN:123,performCreate
FN:143,getData
FN:158,setData
FNF:7
FNH:3
FNDA:18,constructor
FNDA:0,execute
FNDA:0,executeCall
FNDA:0,executeDelegateCall
FNDA:0,performCreate
FNDA:7,getData
FNDA:10,setData
DA:42,18
DA:43,18
DA:61,0
DA:63,0
DA:66,0
DA:67,0
DA:79,0
DA:83,0
DA:84,0
DA:86,0
DA:88,0
DA:91,0
DA:104,0
DA:116,0
DA:128,0
DA:131,0
DA:132,0
DA:150,7
DA:162,10
DA:163,10
LF:20
LH:5
BRDA:66,1,0,0
BRDA:66,1,1,0
BRDA:78,2,0,0
BRDA:78,2,1,0
BRDA:82,3,0,0
BRDA:82,3,1,0
BRDA:131,4,0,0
BRDA:131,4,1,0
BRF:8
BRH:0
end_of_record
TN:
SF:/home/andrea/ocean/v4Hardhat/contracts/utils/mock/MockERC20.sol
FN:9,constructor
FNF:1
FNH:0
FNDA:0,constructor
DA:10,0
LF:1
LH:0
BRF:0
BRH:0
end_of_record
TN:
SF:/home/andrea/ocean/v4Hardhat/contracts/utils/mock/MockERC20Decimals.sol
FN:54,constructor
FN:64,name
FN:72,symbol
FN:89,decimals
FN:96,totalSupply
FN:103,balanceOf
FN:115,transfer
FN:123,allowance
FN:134,approve
FN:152,transferFrom
FN:180,increaseAllowance
FN:199,decreaseAllowance
FN:223,_transfer
FN:254,_mint
FN:277,_burn
FN:307,_approve
FN:333,_beforeTokenTransfer
FN:353,_afterTokenTransfer
FNF:18
FNH:0
FNDA:0,constructor
FNDA:0,name
FNDA:0,symbol
FNDA:0,decimals
FNDA:0,totalSupply
FNDA:0,balanceOf
FNDA:0,transfer
FNDA:0,allowance
FNDA:0,approve
FNDA:0,transferFrom
FNDA:0,increaseAllowance
FNDA:0,decreaseAllowance
FNDA:0,_transfer
FNDA:0,_mint
FNDA:0,_burn
FNDA:0,_approve
FNDA:0,_beforeTokenTransfer
FNDA:0,_afterTokenTransfer
DA:55,0
DA:56,0
DA:57,0
DA:58,0
DA:65,0
DA:73,0
DA:90,0
DA:97,0
DA:104,0
DA:116,0
DA:117,0
DA:124,0
DA:135,0
DA:136,0
DA:157,0
DA:159,0
DA:160,0
DA:161,0
DA:165,0
DA:181,0
DA:182,0
DA:200,0
DA:201,0
DA:202,0
DA:206,0
DA:228,0
DA:229,0
DA:231,0
DA:233,0
DA:234,0
DA:235,0
DA:238,0
DA:240,0
DA:242,0
DA:255,0
DA:257,0
DA:259,0
DA:260,0
DA:261,0
DA:263,0
DA:278,0
DA:280,0
DA:282,0
DA:283,0
DA:284,0
DA:287,0
DA:289,0
DA:291,0
DA:312,0
DA:313,0
DA:315,0
DA:316,0
LF:52
LH:0
BRDA:160,1,0,0
BRDA:160,1,1,0
BRDA:201,2,0,0
BRDA:201,2,1,0
BRDA:228,3,0,0
BRDA:228,3,1,0
BRDA:229,4,0,0
BRDA:229,4,1,0
BRDA:234,5,0,0
BRDA:234,5,1,0
BRDA:255,6,0,0
BRDA:255,6,1,0
BRDA:278,7,0,0
BRDA:278,7,1,0
BRDA:283,8,0,0
BRDA:283,8,1,0
BRDA:312,9,0,0
BRDA:312,9,1,0
BRDA:313,10,0,0
BRDA:313,10,1,0
BRF:20
BRH:0
end_of_record
TN:
SF:/home/andrea/ocean/v4Hardhat/contracts/utils/mock/MockExchange.sol
FN:10,depositWithPermit
FN:30,deposit
FNF:2
FNH:0
FNDA:0,depositWithPermit
FNDA:0,deposit
DA:18,0
DA:27,0
DA:31,0
LF:3
LH:0
BRF:0
BRH:0
end_of_record
TN:
SF:/home/andrea/ocean/v4Hardhat/contracts/utils/mock/MockOcean.sol
FN:9,constructor
FNF:1
FNH:0
FNDA:0,constructor
DA:10,0
LF:1
LH:0
BRF:0
BRH:0
end_of_record
TN:
SF:/home/andrea/ocean/v4Hardhat/contracts/utils/mock/MockOldDT.sol
FN:62,onlyNotInitialized
FN:70,onlyMinter
FN:78,constructor
FN:101,initialize
FN:115,_initialize
FN:161,mint
FN:170,startOrder
FN:206,finishOrder
FN:239,proposeMinter
FN:253,approveMinter
FN:275,blob
FN:285,cap
FN:295,isMinter
FN:303,minter
FN:316,isInitialized
FN:327,calculateFee
FNF:16
FNH:0
FNDA:0,onlyNotInitialized
FNDA:0,onlyMinter
FNDA:0,constructor
FNDA:0,initialize
FNDA:0,_initialize
FNDA:0,mint
FNDA:0,startOrder
FNDA:0,finishOrder
FNDA:0,proposeMinter
FNDA:0,approveMinter
FNDA:0,blob
FNDA:0,cap
FNDA:0,isMinter
FNDA:0,minter
FNDA:0,isInitialized
FNDA:0,calculateFee
DA:63,0
DA:67,0
DA:71,0
DA:75,0
DA:81,0
DA:104,0
DA:126,0
DA:131,0
DA:136,0
DA:141,0
DA:145,0
DA:146,0
DA:147,0
DA:148,0
DA:149,0
DA:150,0
DA:151,0
DA:152,0
DA:163,0
DA:167,0
DA:178,0
DA:179,0
DA:183,0
DA:184,0
DA:185,0
DA:189,0
DA:191,0
DA:192,0
DA:193,0
DA:214,0
DA:215,0
DA:220,0
DA:241,0
DA:242,0
DA:256,0
DA:260,0
DA:264,0
DA:265,0
DA:276,0
DA:286,0
DA:296,0
DA:308,0
DA:317,0
DA:335,0
DA:336,0
DA:337,0
LF:46
LH:0
BRDA:63,1,0,0
BRDA:63,1,1,0
BRDA:71,2,0,0
BRDA:71,2,1,0
BRDA:126,3,0,0
BRDA:126,3,1,0
BRDA:131,4,0,0
BRDA:131,4,1,0
BRDA:136,5,0,0
BRDA:136,5,1,0
BRDA:141,6,0,0
BRDA:141,6,1,0
BRDA:163,7,0,0
BRDA:163,7,1,0
BRDA:184,8,0,0
BRDA:184,8,1,0
BRDA:214,9,0,0
BRDA:214,9,1,0
BRDA:215,10,0,0
BRDA:215,10,1,0
BRDA:256,11,0,0
BRDA:256,11,1,0
BRDA:335,12,0,0
BRDA:335,12,1,0
BRDA:336,13,0,0
BRDA:336,13,1,0
BRF:26
BRH:0
end_of_record
TN:
SF:/home/andrea/ocean/v4Hardhat/contracts/utils/Ownable.sol
FN:26,constructor
FN:35,owner
FN:42,onlyOwner
FN:54,renounceOwnership
FN:63,transferOwnership
FNF:5
FNH:0
FNDA:0,constructor
FNDA:0,owner
FNDA:0,onlyOwner
FNDA:0,renounceOwnership
FNDA:0,transferOwnership
DA:27,0
DA:28,0
DA:29,0
DA:36,0
DA:43,0
DA:44,0
DA:55,0
DA:56,0
DA:64,0
DA:65,0
DA:66,0
LF:11
LH:0
BRDA:43,1,0,0
BRDA:43,1,1,0
BRDA:64,2,0,0
BRDA:64,2,1,0
BRF:4
BRH:0
end_of_record
TN:
SF:/home/andrea/ocean/v4Hardhat/contracts/utils/UtilsLib.sol
FN:20,isContract
FNF:1
FNH:0
FNDA:0,isContract
DA:22,0
LF:1
LH:0
BRF:0
BRH:0
end_of_record
TN:
SF:/home/andrea/ocean/v4Hardhat/contracts/utils/V3Integration.sol
FN:10,_wrap
FN:18,_checkV3DT
FNF:2
FNH:2
FNDA:1,_wrap
FNDA:4,_checkV3DT
DA:11,1
DA:12,1
DA:13,1
DA:14,1
DA:15,1
DA:19,4
LF:6
LH:6
BRDA:11,1,0,1
BRDA:11,1,1,0
BRDA:12,2,0,1
BRDA:12,2,1,0
BRDA:15,3,0,1
BRDA:15,3,1,0
BRDA:19,4,0,4
BRDA:19,4,1,0
BRF:8
BRH:4
end_of_record
TN:
SF:/home/andrea/ocean/v4Hardhat/contracts/v3/Dispenser.sol
FN:21,constructor
FN:66,status
FN:91,activate
FN:120,deactivate
FN:138,acceptMinter
FN:157,removeMinter
FN:182,dispense
FN:224,ownerWithdraw
FN:240,
FNF:9
FNH:0
FNDA:0,constructor
FNDA:0,status
FNDA:0,activate
FNDA:0,deactivate
FNDA:0,acceptMinter
FNDA:0,removeMinter
FNDA:0,dispense
FNDA:0,ownerWithdraw
FNDA:0,
DA:70,0
DA:74,0
DA:75,0
DA:76,0
DA:77,0
DA:78,0
DA:79,0
DA:80,0
DA:81,0
DA:93,0
DA:97,0
DA:101,0
DA:102,0
DA:106,0
DA:107,0
DA:108,0
DA:109,0
DA:110,0
DA:111,0
DA:112,0
DA:121,0
DA:125,0
DA:129,0
DA:130,0
DA:139,0
DA:143,0
DA:144,0
DA:145,0
DA:149,0
DA:150,0
DA:158,0
DA:162,0
DA:166,0
DA:167,0
DA:171,0
DA:172,0
DA:173,0
DA:183,0
DA:187,0
DA:191,0
DA:195,0
DA:199,0
DA:200,0
DA:201,0
DA:205,0
DA:206,0
DA:208,0
DA:209,0
DA:211,0
DA:215,0
DA:216,0
DA:225,0
DA:229,0
DA:233,0
DA:234,0
DA:235,0
DA:236,0
DA:237,0
LF:58
LH:0
BRDA:70,1,0,0
BRDA:70,1,1,0
BRDA:93,2,0,0
BRDA:93,2,1,0
BRDA:97,3,0,0
BRDA:97,3,1,0
BRDA:102,4,0,0
BRDA:102,4,1,0
BRDA:121,5,0,0
BRDA:121,5,1,0
BRDA:125,6,0,0
BRDA:125,6,1,0
BRDA:139,7,0,0
BRDA:139,7,1,0
BRDA:145,8,0,0
BRDA:145,8,1,0
BRDA:158,9,0,0
BRDA:158,9,1,0
BRDA:162,10,0,0
BRDA:162,10,1,0
BRDA:167,11,0,0
BRDA:167,11,1,0
BRDA:183,12,0,0
BRDA:183,12,1,0
BRDA:187,13,0,0
BRDA:187,13,1,0
BRDA:191,14,0,0
BRDA:191,14,1,0
BRDA:195,15,0,0
BRDA:195,15,1,0
BRDA:201,16,0,0
BRDA:201,16,1,0
BRDA:206,17,0,0
BRDA:206,17,1,0
BRDA:211,18,0,0
BRDA:211,18,1,0
BRDA:225,19,0,0
BRDA:225,19,1,0
BRDA:229,20,0,0
BRDA:229,20,1,0
BRDA:235,21,0,0
BRDA:235,21,1,0
BRF:42
BRH:0
end_of_record
TN:
SF:/home/andrea/ocean/v4Hardhat/contracts/v3/IDataTokenTemplate.sol
FNF:0
FNH:0
LF:0
LH:0
BRF:0
BRH:0
end_of_record
TN:
SF:/home/andrea/ocean/v4Hardhat/contracts/v3/V3DataTokenTemplate.sol
FN:62,onlyNotInitialized
FN:70,onlyMinter
FN:88,constructor
FN:128,initialize
FN:151,_initialize
FN:203,mint
FN:220,startOrder
FN:265,finishOrder
FN:298,proposeMinter
FN:312,approveMinter
FN:332,name
FN:341,symbol
FN:351,decimals
FN:360,cap
FN:369,blob
FN:379,isMinter
FN:387,minter
FN:400,isInitialized
FN:411,calculateFee
FNF:19
FNH:0
FNDA:0,onlyNotInitialized
FNDA:0,onlyMinter
FNDA:0,constructor
FNDA:0,initialize
FNDA:0,_initialize
FNDA:0,mint
FNDA:0,startOrder
FNDA:0,finishOrder
FNDA:0,proposeMinter
FNDA:0,approveMinter
FNDA:0,name
FNDA:0,symbol
FNDA:0,decimals
FNDA:0,cap
FNDA:0,blob
FNDA:0,isMinter
FNDA:0,minter
FNDA:0,isInitialized
FNDA:0,calculateFee
DA:63,0
DA:67,0
DA:71,0
DA:75,0
DA:98,0
DA:131,0
DA:162,0
DA:167,0
DA:172,0
DA:177,0
DA:181,0
DA:182,0
DA:183,0
DA:184,0
DA:185,0
DA:186,0
DA:187,0
DA:188,0
DA:205,0
DA:209,0
DA:228,0
DA:229,0
DA:233,0
DA:234,0
DA:235,0
DA:239,0
DA:241,0
DA:242,0
DA:243,0
DA:273,0
DA:274,0
DA:279,0
DA:300,0
DA:301,0
DA:315,0
DA:319,0
DA:323,0
DA:324,0
DA:333,0
DA:342,0
DA:352,0
DA:361,0
DA:370,0
DA:380,0
DA:392,0
DA:401,0
DA:419,0
DA:420,0
DA:421,0
LF:49
LH:0
BRDA:63,1,0,0
BRDA:63,1,1,0
BRDA:71,2,0,0
BRDA:71,2,1,0
BRDA:162,3,0,0
BRDA:162,3,1,0
BRDA:167,4,0,0
BRDA:167,4,1,0
BRDA:172,5,0,0
BRDA:172,5,1,0
BRDA:177,6,0,0
BRDA:177,6,1,0
BRDA:205,7,0,0
BRDA:205,7,1,0
BRDA:234,8,0,0
BRDA:234,8,1,0
BRDA:273,9,0,0
BRDA:273,9,1,0
BRDA:274,10,0,0
BRDA:274,10,1,0
BRDA:315,11,0,0
BRDA:315,11,1,0
BRDA:419,12,0,0
BRDA:419,12,1,0
BRDA:420,13,0,0
BRDA:420,13,1,0
BRF:26
BRH:0
end_of_record
TN:
SF:/home/andrea/ocean/v4Hardhat/contracts/v3/V3DTFactory.sol
FN:45,constructor
FN:67,createToken
FN:115,getCurrentTokenCount
FN:123,getTokenTemplate
FNF:4
FNH:0
FNDA:0,constructor
FNDA:0,createToken
FNDA:0,getCurrentTokenCount
FNDA:0,getTokenTemplate
DA:49,0
DA:54,0
DA:55,0
DA:76,0
DA:81,0
DA:83,0
DA:87,0
DA:88,0
DA:99,0
DA:100,0
DA:108,0
DA:116,0
DA:124,0
LF:13
LH:0
BRDA:49,1,0,0
BRDA:49,1,1,0
BRDA:76,2,0,0
BRDA:76,2,1,0
BRDA:83,3,0,0
BRDA:83,3,1,0
BRDA:88,4,0,0
BRDA:88,4,1,0
BRF:8
BRH:0
end_of_record
TN:
SF:/home/andrea/ocean/v4Hardhat/contracts/v3/V3MetaData.sol
FN:32,onlyDataTokenMinter
FN:55,create
FN:78,update
FNF:3
FNH:0
FNDA:0,onlyDataTokenMinter
FNDA:0,create
FNDA:0,update
DA:34,0
DA:35,0
DA:39,0
DA:57,0
DA:80,0
LF:5
LH:0
BRDA:35,1,0,0
BRDA:35,1,1,0
BRF:2
BRH:0
end_of_record
