TN:
SF:/home/andrea/ocean/v4Hardhat/contracts/communityFee/OPFCommunityFeeCollector.sol
FN:30,constructor
FN:45,
FN:51,withdrawETH
FN:63,withdrawToken
FN:91,changeCollector
FNF:5
FNH:0
FNDA:0,constructor
FNDA:0,
FNDA:0,withdrawETH
FNDA:0,withdrawToken
FNDA:0,changeCollector
DA:32,0
DA:37,0
DA:38,0
DA:55,0
DA:68,0
DA:73,0
DA:93,0
DA:97,0
LF:8
LH:0
BRDA:32,1,0,0
BRDA:32,1,1,0
BRDA:68,2,0,0
BRDA:68,2,1,0
BRDA:73,3,0,0
BRDA:73,3,1,0
BRDA:93,4,0,0
BRDA:93,4,1,0
BRF:8
BRH:0
end_of_record
TN:
SF:/home/andrea/ocean/v4Hardhat/contracts/ERC721Factory.sol
FN:80,constructor
FN:108,deployERC721Contract
FN:154,getCurrentNFTCount
FN:163,getNFTTemplate
FN:181,add721TokenTemplate
FN:201,reactivate721TokenTemplate
FN:215,disable721TokenTemplate
FN:224,getCurrentNFTTemplateCount
FN:245,isContract
FN:285,createToken
FN:299,_createToken
FN:336,_createTokenStep2
FN:363,getCurrentTokenCount
FN:373,getTokenTemplate
FN:396,addTokenTemplate
FN:416,disableTokenTemplate
FN:429,reactivateTokenTemplate
FN:439,getCurrentTemplateCount
FN:463,startMultipleTokenOrder
FN:536,createNftWithErc
FN:572,createNftErcWithPool
FN:626,createNftErcWithFixedRate
FNF:22
FNH:8
FNDA:21,constructor
FNDA:7,deployERC721Contract
FNDA:0,getCurrentNFTCount
FNDA:0,getNFTTemplate
FNDA:21,add721TokenTemplate
FNDA:0,reactivate721TokenTemplate
FNDA:0,disable721TokenTemplate
FNDA:0,getCurrentNFTTemplateCount
FNDA:42,isContract
FNDA:17,createToken
FNDA:17,_createToken
FNDA:17,_createTokenStep2
FNDA:0,getCurrentTokenCount
FNDA:0,getTokenTemplate
FNDA:21,addTokenTemplate
FNDA:0,disableTokenTemplate
FNDA:0,reactivateTokenTemplate
FNDA:0,getCurrentTemplateCount
FNDA:0,startMultipleTokenOrder
FNDA:0,createNftWithErc
FNDA:0,createNftErcWithPool
FNDA:0,createNftErcWithFixedRate
DA:86,21
DA:92,21
DA:93,21
DA:94,21
DA:95,21
DA:114,7
DA:118,7
DA:120,7
DA:125,7
DA:127,7
DA:132,7
DA:134,7
DA:135,7
DA:146,7
DA:147,7
DA:155,0
DA:168,0
DA:169,0
DA:184,21
DA:188,21
DA:189,21
DA:190,21
DA:191,21
DA:192,21
DA:202,0
DA:206,0
DA:207,0
DA:216,0
DA:220,0
DA:221,0
DA:225,0
DA:250,42
DA:252,42
DA:255,42
DA:292,17
DA:296,17
DA:307,17
DA:308,17
DA:312,17
DA:314,17
DA:318,17
DA:319,17
DA:321,17
DA:325,17
DA:326,17
DA:327,17
DA:328,17
DA:329,17
DA:330,17
DA:331,17
DA:332,17
DA:333,17
DA:338,17
DA:339,17
DA:340,17
DA:342,17
DA:344,17
DA:346,17
DA:364,0
DA:378,0
DA:379,0
DA:383,0
DA:399,21
DA:403,21
DA:404,21
DA:405,21
DA:406,21
DA:407,21
DA:417,0
DA:418,0
DA:430,0
DA:434,0
DA:435,0
DA:440,0
DA:466,0
DA:469,0
DA:470,0
DA:474,0
DA:476,0
DA:481,0
DA:484,0
DA:486,0
DA:491,0
DA:494,0
DA:500,0
DA:540,0
DA:545,0
DA:577,0
DA:583,0
DA:588,0
DA:596,0
DA:597,0
DA:632,0
DA:637,0
DA:644,0
LF:95
LH:54
BRDA:86,1,0,21
BRDA:86,1,1,0
BRDA:114,2,0,7
BRDA:114,2,1,0
BRDA:120,3,0,7
BRDA:120,3,1,0
BRDA:127,4,0,7
BRDA:127,4,1,0
BRDA:135,5,0,7
BRDA:135,5,1,0
BRDA:184,6,0,21
BRDA:184,6,1,0
BRDA:188,7,0,21
BRDA:188,7,1,0
BRDA:202,8,0,0
BRDA:202,8,1,0
BRDA:216,9,0,0
BRDA:216,9,1,0
BRDA:292,10,0,17
BRDA:292,10,1,0
BRDA:307,11,0,17
BRDA:307,11,1,0
BRDA:308,12,0,17
BRDA:308,12,1,0
BRDA:314,13,0,17
BRDA:314,13,1,0
BRDA:321,14,0,17
BRDA:321,14,1,0
BRDA:346,15,0,17
BRDA:346,15,1,0
BRDA:379,16,0,0
BRDA:379,16,1,0
BRDA:399,17,0,21
BRDA:399,17,1,0
BRDA:403,18,0,21
BRDA:403,18,1,0
BRDA:430,19,0,0
BRDA:430,19,1,0
BRDA:474,20,0,0
BRDA:474,20,1,0
BRDA:476,21,0,0
BRDA:476,21,1,0
BRDA:484,22,0,0
BRDA:484,22,1,0
BRDA:486,23,0,0
BRDA:486,23,1,0
BRDA:494,24,0,0
BRDA:494,24,1,0
BRDA:577,25,0,0
BRDA:577,25,1,0
BRF:50
BRH:15
end_of_record
TN:
SF:/home/andrea/ocean/v4Hardhat/contracts/interfaces/IERC1271.sol
FNF:0
FNH:0
LF:0
LH:0
BRF:0
BRH:0
end_of_record
TN:
SF:/home/andrea/ocean/v4Hardhat/contracts/interfaces/IERC20.sol
FNF:0
FNH:0
LF:0
LH:0
BRF:0
BRH:0
end_of_record
TN:
SF:/home/andrea/ocean/v4Hardhat/contracts/interfaces/IERC20Template.sol
FNF:0
FNH:0
LF:0
LH:0
BRF:0
BRH:0
end_of_record
TN:
SF:/home/andrea/ocean/v4Hardhat/contracts/interfaces/IERC721Template.sol
FNF:0
FNH:0
LF:0
LH:0
BRF:0
BRH:0
end_of_record
TN:
SF:/home/andrea/ocean/v4Hardhat/contracts/interfaces/IERC725X.sol
FNF:0
FNH:0
LF:0
LH:0
BRF:0
BRH:0
end_of_record
TN:
SF:/home/andrea/ocean/v4Hardhat/contracts/interfaces/IERC725Y.sol
FNF:0
FNH:0
LF:0
LH:0
BRF:0
BRH:0
end_of_record
TN:
SF:/home/andrea/ocean/v4Hardhat/contracts/interfaces/IFactory.sol
FNF:0
FNH:0
LF:0
LH:0
BRF:0
BRH:0
end_of_record
TN:
SF:/home/andrea/ocean/v4Hardhat/contracts/interfaces/IFactoryRouter.sol
FNF:0
FNH:0
LF:0
LH:0
BRF:0
BRH:0
end_of_record
TN:
SF:/home/andrea/ocean/v4Hardhat/contracts/interfaces/IFixedRateExchange.sol
FNF:0
FNH:0
LF:0
LH:0
BRF:0
BRH:0
end_of_record
TN:
SF:/home/andrea/ocean/v4Hardhat/contracts/interfaces/IMetadata.sol
FNF:0
FNH:0
LF:0
LH:0
BRF:0
BRH:0
end_of_record
TN:
SF:/home/andrea/ocean/v4Hardhat/contracts/interfaces/IPool.sol
FNF:0
FNH:0
LF:0
LH:0
BRF:0
BRH:0
end_of_record
TN:
SF:/home/andrea/ocean/v4Hardhat/contracts/interfaces/IssFixedRate.sol
FNF:0
FNH:0
LF:0
LH:0
BRF:0
BRH:0
end_of_record
TN:
SF:/home/andrea/ocean/v4Hardhat/contracts/interfaces/IV3ERC20.sol
FNF:0
FNH:0
LF:0
LH:0
BRF:0
BRH:0
end_of_record
TN:
SF:/home/andrea/ocean/v4Hardhat/contracts/interfaces/IV3Factory.sol
FNF:0
FNH:0
LF:0
LH:0
BRF:0
BRH:0
end_of_record
TN:
SF:/home/andrea/ocean/v4Hardhat/contracts/Migrations.sol
FN:8,restricted
FN:16,setCompleted
FNF:2
FNH:0
FNDA:0,restricted
FNDA:0,setCompleted
DA:9,0
DA:13,0
DA:17,0
LF:3
LH:0
BRDA:9,1,0,0
BRDA:9,1,1,0
BRF:2
BRH:0
end_of_record
TN:
SF:/home/andrea/ocean/v4Hardhat/contracts/pools/balancer/BConst.sol
FNF:0
FNH:0
LF:0
LH:0
BRF:0
BRH:0
end_of_record
TN:
SF:/home/andrea/ocean/v4Hardhat/contracts/pools/balancer/BFactory.sol
FN:41,constructor
FN:73,newBPool
FNF:2
FNH:2
FNDA:21,constructor
FNDA:5,newBPool
DA:43,21
DA:47,21
DA:51,21
DA:52,21
DA:54,21
DA:55,0
DA:56,0
DA:83,5
DA:85,5
DA:88,5
DA:92,5
DA:94,5
DA:111,5
DA:118,5
LF:14
LH:12
BRDA:43,1,0,21
BRDA:43,1,1,0
BRDA:47,2,0,21
BRDA:47,2,1,0
BRDA:54,3,0,0
BRDA:54,3,1,21
BRDA:88,4,0,5
BRDA:88,4,1,0
BRDA:94,5,0,5
BRDA:94,5,1,0
BRF:10
BRH:5
end_of_record
TN:
SF:/home/andrea/ocean/v4Hardhat/contracts/pools/balancer/BMath.sol
FN:42,calcSpotPrice
FN:86,calcOutGivenInSwap
FN:140,calcOutGivenIn
FN:183,calcInGivenOut
FN:216,calcInGivenOutSwap
FN:262,calcPoolOutGivenSingleIn
FN:303,calcSingleInGivenPoolOut
FN:342,calcSingleOutGivenPoolIn
FN:390,calcPoolInGivenSingleOut
FNF:9
FNH:7
FNDA:34,calcSpotPrice
FNDA:8,calcOutGivenInSwap
FNDA:0,calcOutGivenIn
FNDA:0,calcInGivenOut
FNDA:7,calcInGivenOutSwap
FNDA:6,calcPoolOutGivenSingleIn
FNDA:14,calcSingleInGivenPoolOut
FNDA:24,calcSingleOutGivenPoolIn
FNDA:8,calcPoolInGivenSingleOut
DA:58,34
DA:59,34
DA:60,34
DA:65,34
DA:67,34
DA:99,8
DA:101,8
DA:103,8
DA:105,8
DA:107,8
DA:109,8
DA:113,8
DA:115,8
DA:116,8
DA:117,8
DA:118,8
DA:119,8
DA:125,8
DA:127,8
DA:151,0
DA:153,0
DA:154,0
DA:157,0
DA:160,0
DA:162,0
DA:164,0
DA:165,0
DA:166,0
DA:168,0
DA:170,0
DA:194,0
DA:195,0
DA:196,0
DA:197,0
DA:198,0
DA:199,0
DA:201,0
DA:202,0
DA:203,0
DA:229,7
DA:230,7
DA:231,7
DA:232,7
DA:233,7
DA:234,7
DA:237,7
DA:238,7
DA:239,7
DA:240,7
DA:244,7
DA:246,7
DA:248,7
DA:249,7
DA:279,6
DA:280,6
DA:281,6
DA:283,6
DA:284,6
DA:287,6
DA:288,6
DA:289,6
DA:290,6
DA:314,14
DA:315,14
DA:316,14
DA:319,14
DA:320,14
DA:321,14
DA:322,14
DA:326,14
DA:327,14
DA:328,14
DA:353,24
DA:356,24
DA:360,24
DA:361,24
DA:364,24
DA:365,24
DA:367,24
DA:374,24
DA:375,24
DA:376,24
DA:403,8
DA:405,8
DA:406,8
DA:407,8
DA:412,8
DA:416,8
DA:419,8
DA:420,8
DA:421,8
DA:425,8
DA:426,8
LF:93
LH:73
BRF:0
BRH:0
end_of_record
TN:
SF:/home/andrea/ocean/v4Hardhat/contracts/pools/balancer/BNum.sol
FN:20,btoi
FN:27,bfloor
FN:34,badd
FN:43,bsub
FN:52,bsubSign
FN:63,bmul
FN:75,bdiv
FN:89,bpowi
FN:109,bpow
FN:129,bpowApprox
FNF:10
FNH:10
FNDA:134,btoi
FNDA:67,bfloor
FNDA:279,badd
FNDA:809,bsub
FNDA:888,bsubSign
FNDA:572,bmul
FNDA:440,bdiv
FNDA:67,bpowi
FNDA:67,bpow
FNDA:14,bpowApprox
DA:24,134
DA:31,67
DA:38,279
DA:39,279
DA:40,279
DA:47,809
DA:48,809
DA:49,809
DA:56,888
DA:57,829
DA:59,59
DA:67,572
DA:68,572
DA:69,572
DA:70,572
DA:71,572
DA:72,572
DA:79,440
DA:80,440
DA:81,440
DA:82,440
DA:83,440
DA:84,440
DA:85,440
DA:93,67
DA:94,67
DA:96,67
DA:97,38
DA:99,38
DA:100,38
DA:103,67
DA:113,67
DA:114,67
DA:116,67
DA:117,67
DA:119,67
DA:121,67
DA:122,53
DA:125,14
DA:126,14
DA:134,14
DA:135,14
DA:136,14
DA:137,14
DA:138,14
DA:145,14
DA:146,65
DA:147,65
DA:148,65
DA:149,65
DA:150,65
DA:152,65
DA:153,65
DA:154,65
DA:155,41
DA:157,24
DA:161,14
LF:57
LH:57
BRDA:39,1,0,279
BRDA:39,1,1,0
BRDA:48,2,0,809
BRDA:48,2,1,0
BRDA:56,3,0,829
BRDA:56,3,1,59
BRDA:68,4,0,572
BRDA:68,4,1,0
BRDA:70,5,0,572
BRDA:70,5,1,0
BRDA:79,6,0,440
BRDA:79,6,1,0
BRDA:81,7,0,440
BRDA:81,7,1,0
BRDA:83,8,0,440
BRDA:83,8,1,0
BRDA:99,9,0,38
BRDA:99,9,1,0
BRDA:113,10,0,67
BRDA:113,10,1,0
BRDA:114,11,0,67
BRDA:114,11,1,0
BRDA:121,12,0,53
BRDA:121,12,1,14
BRDA:150,13,0,0
BRDA:150,13,1,65
BRDA:152,14,0,22
BRDA:152,14,1,43
BRDA:153,15,0,51
BRDA:153,15,1,14
BRDA:154,16,0,41
BRDA:154,16,1,24
BRF:32
BRH:21
end_of_record
TN:
SF:/home/andrea/ocean/v4Hardhat/contracts/pools/balancer/BPool.sol
FN:71,_lock_
FN:78,_viewlock_
FN:106,isInitialized
FN:127,initialize
FN:155,_initialize
FN:183,setup
FN:227,isPublicSwap
FN:231,isFinalized
FN:235,isBound
FN:239,getNumTokens
FN:246,getCurrentTokens
FN:255,getFinalTokens
FN:262,collectOPF
FN:272,collectMarketFee
FN:284,updateMarketFeeCollector
FN:292,getDenormalizedWeight
FN:302,getTotalDenormalizedWeight
FN:311,getNormalizedWeight
FN:322,getBalance
FN:329,getSwapFee
FN:333,getController
FN:337,getDataTokenAddress
FN:341,getBaseTokenAddress
FN:345,setSwapFee
FN:365,finalize
FN:377,bind
FN:398,rebind
FN:472,getSpotPrice
FN:510,joinPool
FN:539,exitPool
FN:573,swapExactAmountIn
FN:661,swapExactAmountOut
FN:740,joinswapExternAmountIn
FN:842,joinswapPoolAmountOut
FN:939,exitswapPoolAmountIn
FN:1027,exitswapExternAmountOut
FN:1127,_pullUnderlying
FN:1139,_pushUnderlying
FN:1148,_pullPoolShare
FN:1152,_pushPoolShare
FN:1156,_mintPoolShare
FN:1160,_burnPoolShare
FNF:42
FNH:32
FNDA:49,_lock_
FNDA:13,_viewlock_
FNDA:0,isInitialized
FNDA:5,initialize
FNDA:5,_initialize
FNDA:5,setup
FNDA:0,isPublicSwap
FNDA:11,isFinalized
FNDA:0,isBound
FNDA:0,getNumTokens
FNDA:0,getCurrentTokens
FNDA:5,getFinalTokens
FNDA:4,collectOPF
FNDA:6,collectMarketFee
FNDA:0,updateMarketFeeCollector
FNDA:0,getDenormalizedWeight
FNDA:0,getTotalDenormalizedWeight
FNDA:0,getNormalizedWeight
FNDA:4,getBalance
FNDA:2,getSwapFee
FNDA:5,getController
FNDA:5,getDataTokenAddress
FNDA:5,getBaseTokenAddress
FNDA:0,setSwapFee
FNDA:5,finalize
FNDA:10,bind
FNDA:10,rebind
FNDA:4,getSpotPrice
FNDA:4,joinPool
FNDA:4,exitPool
FNDA:8,swapExactAmountIn
FNDA:7,swapExactAmountOut
FNDA:6,joinswapExternAmountIn
FNDA:4,joinswapPoolAmountOut
FNDA:8,exitswapPoolAmountIn
FNDA:8,exitswapExternAmountOut
FNDA:52,_pullUnderlying
FNDA:47,_pushUnderlying
FNDA:28,_pullPoolShare
FNDA:56,_pushPoolShare
FNDA:28,_mintPoolShare
FNDA:28,_burnPoolShare
DA:72,49
DA:73,49
DA:74,49
DA:75,49
DA:79,13
DA:80,13
DA:107,0
DA:137,5
DA:138,5
DA:139,5
DA:140,5
DA:141,5
DA:142,5
DA:164,5
DA:165,5
DA:166,5
DA:169,5
DA:170,5
DA:171,5
DA:172,5
DA:173,5
DA:174,5
DA:175,5
DA:176,5
DA:177,5
DA:178,5
DA:179,5
DA:191,5
DA:192,5
DA:196,5
DA:204,5
DA:205,5
DA:213,5
DA:214,5
DA:221,5
DA:228,0
DA:232,11
DA:236,0
DA:240,0
DA:249,0
DA:258,5
DA:259,5
DA:263,4
DA:264,2
DA:265,2
DA:266,4
DA:267,4
DA:268,4
DA:274,6
DA:276,3
DA:277,3
DA:278,6
DA:279,6
DA:280,6
DA:285,0
DA:286,0
DA:295,0
DA:296,0
DA:305,0
DA:314,0
DA:315,0
DA:316,0
DA:325,4
DA:326,4
DA:330,2
DA:334,5
DA:338,5
DA:342,5
DA:346,0
DA:347,0
DA:348,0
DA:349,0
DA:350,0
DA:370,5
DA:371,5
DA:373,5
DA:374,5
DA:382,10
DA:383,10
DA:384,10
DA:386,10
DA:388,10
DA:394,10
DA:395,10
DA:403,10
DA:404,10
DA:405,10
DA:408,10
DA:409,10
DA:410,10
DA:411,10
DA:413,0
DA:415,10
DA:418,10
DA:419,10
DA:420,10
DA:421,10
DA:424,0
DA:425,0
DA:426,0
DA:431,0
DA:475,4
DA:476,4
DA:477,4
DA:478,4
DA:479,4
DA:516,4
DA:519,4
DA:520,4
DA:521,4
DA:522,4
DA:523,8
DA:524,8
DA:525,8
DA:526,8
DA:527,8
DA:528,8
DA:529,8
DA:530,8
DA:532,4
DA:533,4
DA:534,4
DA:542,4
DA:545,4
DA:546,4
DA:547,4
DA:548,4
DA:549,4
DA:551,4
DA:552,4
DA:553,4
DA:555,4
DA:556,8
DA:557,8
DA:558,8
DA:559,8
DA:560,8
DA:561,8
DA:562,8
DA:563,8
DA:574,8
DA:576,8
DA:577,8
DA:579,8
DA:580,8
DA:582,8
DA:587,8
DA:596,8
DA:597,8
DA:598,8
DA:604,8
DA:612,8
DA:614,8
DA:615,8
DA:617,8
DA:627,8
DA:628,8
DA:634,8
DA:640,8
DA:649,8
DA:650,8
DA:652,8
DA:662,7
DA:663,7
DA:664,7
DA:666,7
DA:667,7
DA:669,7
DA:674,7
DA:682,7
DA:684,7
DA:685,7
DA:692,7
DA:701,7
DA:703,7
DA:704,7
DA:706,7
DA:714,7
DA:715,7
DA:716,7
DA:721,7
DA:730,7
DA:731,7
DA:733,7
DA:745,6
DA:746,6
DA:747,6
DA:752,6
DA:753,6
DA:754,6
DA:756,6
DA:757,0
DA:766,6
DA:767,6
DA:778,6
DA:780,6
DA:789,6
DA:791,6
DA:793,6
DA:794,6
DA:795,6
DA:796,6
DA:798,6
DA:803,6
DA:812,6
DA:820,5
DA:823,5
DA:824,5
DA:830,5
DA:831,5
DA:832,5
DA:833,5
DA:835,6
DA:847,4
DA:848,4
DA:850,4
DA:852,4
DA:862,4
DA:863,4
DA:864,4
DA:866,4
DA:867,0
DA:876,4
DA:877,4
DA:888,4
DA:889,4
DA:891,4
DA:896,4
DA:898,4
DA:899,4
DA:900,4
DA:901,4
DA:902,4
DA:906,4
DA:914,4
DA:919,4
DA:921,4
DA:922,4
DA:928,4
DA:929,4
DA:930,4
DA:932,4
DA:941,8
DA:942,8
DA:944,8
DA:946,8
DA:955,8
DA:957,8
DA:962,8
DA:963,8
DA:964,8
DA:965,4
DA:968,4
DA:969,4
DA:974,8
DA:976,8
DA:978,8
DA:979,8
DA:981,8
DA:983,8
DA:984,8
DA:985,8
DA:989,8
DA:998,8
DA:1005,4
DA:1006,4
DA:1007,4
DA:1013,4
DA:1014,4
DA:1015,4
DA:1016,4
DA:1018,4
DA:1020,8
DA:1032,8
DA:1033,8
DA:1034,8
DA:1039,8
DA:1040,8
DA:1041,8
DA:1042,8
DA:1043,4
DA:1052,4
DA:1053,4
DA:1063,8
DA:1065,8
DA:1074,8
DA:1075,8
DA:1077,8
DA:1079,8
DA:1081,8
DA:1082,8
DA:1083,8
DA:1084,8
DA:1085,8
DA:1086,8
DA:1090,8
DA:1098,8
DA:1105,4
DA:1106,4
DA:1107,4
DA:1113,4
DA:1114,4
DA:1115,4
DA:1116,4
DA:1118,4
DA:1120,8
DA:1133,52
DA:1136,52
DA:1144,47
DA:1145,47
DA:1149,28
DA:1153,56
DA:1157,28
DA:1161,28
LF:314
LH:289
BRDA:72,1,0,49
BRDA:72,1,1,0
BRDA:79,2,0,13
BRDA:79,2,1,0
BRDA:137,3,0,5
BRDA:137,3,1,0
BRDA:138,4,0,5
BRDA:138,4,1,0
BRDA:139,5,0,5
BRDA:139,5,1,0
BRDA:140,6,0,5
BRDA:140,6,1,0
BRDA:141,7,0,5
BRDA:141,7,1,0
BRDA:191,8,0,5
BRDA:191,8,1,0
BRDA:192,9,0,5
BRDA:192,9,1,0
BRDA:196,10,0,5
BRDA:196,10,1,0
BRDA:258,11,0,5
BRDA:258,11,1,0
BRDA:263,12,0,2
BRDA:263,12,1,2
BRDA:274,13,0,3
BRDA:274,13,1,3
BRDA:285,14,0,0
BRDA:285,14,1,0
BRDA:295,15,0,0
BRDA:295,15,1,0
BRDA:314,16,0,0
BRDA:314,16,1,0
BRDA:325,17,0,4
BRDA:325,17,1,0
BRDA:346,18,0,0
BRDA:346,18,1,0
BRDA:347,19,0,0
BRDA:347,19,1,0
BRDA:348,20,0,0
BRDA:348,20,1,0
BRDA:349,21,0,0
BRDA:349,21,1,0
BRDA:382,22,0,10
BRDA:382,22,1,0
BRDA:383,23,0,10
BRDA:383,23,1,0
BRDA:384,24,0,10
BRDA:384,24,1,0
BRDA:386,25,0,10
BRDA:386,25,1,0
BRDA:403,26,0,10
BRDA:403,26,1,0
BRDA:404,27,0,10
BRDA:404,27,1,0
BRDA:405,28,0,10
BRDA:405,28,1,0
BRDA:409,29,0,10
BRDA:409,29,1,0
BRDA:411,30,0,10
BRDA:411,30,1,0
BRDA:412,31,0,0
BRDA:412,31,1,0
BRDA:420,32,0,10
BRDA:420,32,1,0
BRDA:422,33,0,0
BRDA:422,33,1,0
BRDA:475,34,0,4
BRDA:475,34,1,0
BRDA:476,35,0,4
BRDA:476,35,1,0
BRDA:516,36,0,4
BRDA:516,36,1,0
BRDA:521,37,0,4
BRDA:521,37,1,0
BRDA:526,38,0,8
BRDA:526,38,1,0
BRDA:527,39,0,8
BRDA:527,39,1,0
BRDA:542,40,0,4
BRDA:542,40,1,0
BRDA:549,41,0,4
BRDA:549,41,1,0
BRDA:559,42,0,8
BRDA:559,42,1,0
BRDA:560,43,0,8
BRDA:560,43,1,0
BRDA:574,44,0,8
BRDA:574,44,1,0
BRDA:576,45,0,8
BRDA:576,45,1,0
BRDA:577,46,0,8
BRDA:577,46,1,0
BRDA:582,47,0,8
BRDA:582,47,1,0
BRDA:596,48,0,8
BRDA:596,48,1,0
BRDA:612,49,0,8
BRDA:612,49,1,0
BRDA:627,50,0,8
BRDA:627,50,1,0
BRDA:628,51,0,8
BRDA:628,51,1,0
BRDA:634,52,0,8
BRDA:634,52,1,0
BRDA:662,53,0,7
BRDA:662,53,1,0
BRDA:663,54,0,7
BRDA:663,54,1,0
BRDA:664,55,0,7
BRDA:664,55,1,0
BRDA:669,56,0,7
BRDA:669,56,1,0
BRDA:682,57,0,7
BRDA:682,57,1,0
BRDA:701,58,0,7
BRDA:701,58,1,0
BRDA:714,59,0,7
BRDA:714,59,1,0
BRDA:715,60,0,7
BRDA:715,60,1,0
BRDA:716,61,0,7
BRDA:716,61,1,0
BRDA:745,62,0,6
BRDA:745,62,1,0
BRDA:746,63,0,6
BRDA:746,63,1,0
BRDA:747,64,0,6
BRDA:747,64,1,0
BRDA:756,65,0,0
BRDA:756,65,1,6
BRDA:789,66,0,6
BRDA:789,66,1,0
BRDA:812,67,0,5
BRDA:812,67,1,1
BRDA:847,68,0,4
BRDA:847,68,1,0
BRDA:848,69,0,4
BRDA:848,69,1,0
BRDA:866,70,0,0
BRDA:866,70,1,4
BRDA:888,71,0,4
BRDA:888,71,1,0
BRDA:889,72,0,4
BRDA:889,72,1,0
BRDA:891,73,0,4
BRDA:891,73,1,0
BRDA:914,74,0,4
BRDA:914,74,1,0
BRDA:941,75,0,8
BRDA:941,75,1,0
BRDA:942,76,0,8
BRDA:942,76,1,0
BRDA:955,77,0,8
BRDA:955,77,1,0
BRDA:957,78,0,8
BRDA:957,78,1,0
BRDA:964,79,0,4
BRDA:964,79,1,4
BRDA:998,80,0,4
BRDA:998,80,1,4
BRDA:1032,81,0,8
BRDA:1032,81,1,0
BRDA:1033,82,0,8
BRDA:1033,82,1,0
BRDA:1034,83,0,8
BRDA:1034,83,1,0
BRDA:1042,84,0,4
BRDA:1042,84,1,4
BRDA:1074,85,0,8
BRDA:1074,85,1,0
BRDA:1075,86,0,8
BRDA:1075,86,1,0
BRDA:1098,87,0,4
BRDA:1098,87,1,4
BRDA:1136,88,0,52
BRDA:1136,88,1,0
BRDA:1145,89,0,47
BRDA:1145,89,1,0
BRF:178
BRH:87
end_of_record
TN:
SF:/home/andrea/ocean/v4Hardhat/contracts/pools/balancer/BToken.sol
FN:45,_mint
FN:51,_burn
FN:61,_move
FN:68,_push
FN:72,_pull
FN:83,name
FN:87,symbol
FN:91,decimals
FN:95,allowance
FN:99,balanceOf
FN:103,totalSupply
FN:107,approve
FN:113,increaseApproval
FN:119,decreaseApproval
FN:130,transfer
FN:135,transferFrom
FNF:16
FNH:8
FNDA:28,_mint
FNDA:28,_burn
FNDA:89,_move
FNDA:56,_push
FNDA:28,_pull
FNDA:0,name
FNDA:0,symbol
FNDA:0,decimals
FNDA:0,allowance
FNDA:148,balanceOf
FNDA:8,totalSupply
FNDA:0,approve
FNDA:0,increaseApproval
FNDA:0,decreaseApproval
FNDA:5,transfer
FNDA:0,transferFrom
DA:46,28
DA:47,28
DA:48,28
DA:52,28
DA:56,28
DA:57,28
DA:58,28
DA:62,89
DA:63,89
DA:64,89
DA:65,89
DA:69,56
DA:73,28
DA:84,0
DA:88,0
DA:92,0
DA:96,0
DA:100,148
DA:104,8
DA:108,0
DA:109,0
DA:110,0
DA:114,0
DA:115,0
DA:116,0
DA:120,0
DA:121,0
DA:122,0
DA:124,0
DA:126,0
DA:127,0
DA:131,5
DA:132,5
DA:143,0
DA:147,0
DA:148,0
DA:149,0
DA:150,0
DA:152,0
LF:39
LH:17
BRDA:52,1,0,28
BRDA:52,1,1,0
BRDA:62,2,0,89
BRDA:62,2,1,0
BRDA:121,3,0,0
BRDA:121,3,1,0
BRDA:143,4,0,0
BRDA:143,4,1,0
BRDA:148,5,0,0
BRDA:148,5,1,0
BRF:10
BRH:2
end_of_record
TN:
SF:/home/andrea/ocean/v4Hardhat/contracts/pools/dispenser/Dispenser.sol
FN:39,onlyActiveExchange
FN:48,onlyExchangeOwner
FN:56,onlyRouter
FN:100,constructor
FN:127,createWithDecimals
FN:177,generateExchangeId
FN:195,buyDT
FN:236,sellDT
FN:270,collectDT
FN:293,getNumberOfExchanges
FN:305,toggleExchangeState
FN:322,getRate
FN:333,getDTSupply
FN:361,getExchange
FN:390,getExchanges
FN:400,isActive
FNF:16
FNH:11
FNDA:7,onlyActiveExchange
FNDA:0,onlyExchangeOwner
FNDA:1,onlyRouter
FNDA:3,constructor
FNDA:1,createWithDecimals
FNDA:1,generateExchangeId
FNDA:5,buyDT
FNDA:2,sellDT
FNDA:0,collectDT
FNDA:0,getNumberOfExchanges
FNDA:0,toggleExchangeState
FNDA:2,getRate
FNDA:13,getDTSupply
FNDA:13,getExchange
FNDA:0,getExchanges
FNDA:1,isActive
DA:40,7
DA:45,7
DA:49,0
DA:53,0
DA:57,1
DA:58,1
DA:101,3
DA:102,3
DA:103,3
DA:104,3
DA:128,1
DA:132,1
DA:136,1
DA:141,1
DA:142,1
DA:150,1
DA:159,1
DA:161,1
DA:168,1
DA:181,1
DA:197,5
DA:203,5
DA:204,3
DA:213,2
DA:215,2
DA:221,4
DA:238,2
DA:245,2
DA:254,2
DA:260,2
DA:272,0
DA:273,0
DA:274,0
DA:279,0
DA:294,0
DA:307,0
DA:308,0
DA:309,0
DA:311,0
DA:312,0
DA:323,2
DA:338,13
DA:340,13
DA:342,13
DA:344,13
DA:345,0
DA:374,13
DA:375,13
DA:376,13
DA:377,13
DA:378,13
DA:379,13
DA:380,13
DA:381,13
DA:391,0
DA:401,1
LF:56
LH:42
BRDA:40,1,0,7
BRDA:40,1,1,0
BRDA:49,2,0,0
BRDA:49,2,1,0
BRDA:57,3,0,1
BRDA:57,3,1,0
BRDA:101,4,0,3
BRDA:101,4,1,0
BRDA:102,5,0,3
BRDA:102,5,1,0
BRDA:128,6,0,1
BRDA:128,6,1,0
BRDA:132,7,0,1
BRDA:132,7,1,0
BRDA:136,8,0,1
BRDA:136,8,1,0
BRDA:142,9,0,1
BRDA:142,9,1,0
BRDA:197,10,0,5
BRDA:197,10,1,0
BRDA:203,11,0,3
BRDA:203,11,1,2
BRDA:204,12,0,2
BRDA:204,12,1,1
BRDA:238,13,0,2
BRDA:238,13,1,0
BRDA:245,14,0,2
BRDA:245,14,1,0
BRDA:307,15,0,0
BRDA:307,15,1,0
BRDA:338,16,0,0
BRDA:338,16,1,13
BRDA:344,17,0,0
BRDA:344,17,1,13
BRF:34
BRH:17
end_of_record
TN:
SF:/home/andrea/ocean/v4Hardhat/contracts/pools/FactoryRouter.sol
FN:26,onlyRouterOwner
FN:37,constructor
FN:43,addOceanToken
FN:47,addSSContract
FN:51,addFactory
FN:56,addFixedRateContract
FN:74,deployPool
FN:138,getLength
FN:157,deployFixedRate
FNF:9
FNH:8
FNDA:39,onlyRouterOwner
FNDA:21,constructor
FNDA:21,addOceanToken
FNDA:6,addSSContract
FNDA:7,addFactory
FNDA:5,addFixedRateContract
FNDA:5,deployPool
FNDA:0,getLength
FNDA:7,deployFixedRate
DA:27,39
DA:28,39
DA:38,21
DA:39,21
DA:40,21
DA:44,21
DA:48,6
DA:52,7
DA:53,7
DA:57,5
DA:83,5
DA:87,5
DA:91,5
DA:93,5
DA:94,5
DA:96,5
DA:97,3
DA:100,5
DA:101,5
DA:104,5
DA:105,5
DA:106,5
DA:109,5
DA:110,3
DA:111,3
DA:120,2
DA:121,2
DA:131,5
DA:133,5
DA:135,5
DA:139,0
DA:166,7
DA:171,7
DA:173,7
DA:174,5
DA:176,7
DA:178,7
LF:37
LH:36
BRDA:27,1,0,39
BRDA:27,1,1,0
BRDA:52,2,0,7
BRDA:52,2,1,0
BRDA:83,3,0,5
BRDA:83,3,1,0
BRDA:87,4,0,5
BRDA:87,4,1,0
BRDA:91,5,0,5
BRDA:91,5,1,0
BRDA:96,6,0,3
BRDA:96,6,1,2
BRDA:101,7,0,5
BRDA:101,7,1,0
BRDA:109,8,0,3
BRDA:109,8,1,2
BRDA:131,9,0,5
BRDA:131,9,1,0
BRDA:166,10,0,7
BRDA:166,10,1,0
BRDA:173,11,0,5
BRDA:173,11,1,2
BRDA:176,12,0,7
BRDA:176,12,1,0
BRF:24
BRH:15
end_of_record
TN:
SF:/home/andrea/ocean/v4Hardhat/contracts/pools/fixedRate/FixedRateExchange.sol
FN:48,onlyActiveExchange
FN:57,onlyExchangeOwner
FN:65,onlyRouter
FN:122,constructor
FN:149,createWithDecimals
FN:209,generateExchangeId
FN:226,calcBaseInGivenOutDT
FN:269,calcBaseOutGivenInDT
FN:312,buyDT
FN:382,sellDT
FN:446,collectBT
FN:465,collectDT
FN:482,collectMarketFee
FN:497,collectOceanFee
FN:512,updateMarketFeeCollector
FN:528,getNumberOfExchanges
FN:540,setRate
FN:555,toggleExchangeState
FN:572,getRate
FN:583,getDTSupply
FN:607,getBTSupply
FN:633,getExchange
FN:664,getFeesInfo
FN:688,getExchanges
FN:698,isActive
FNF:25
FNH:20
FNDA:84,onlyActiveExchange
FNDA:12,onlyExchangeOwner
FNDA:6,onlyRouter
FNDA:12,constructor
FNDA:6,createWithDecimals
FNDA:6,generateExchangeId
FNDA:30,calcBaseInGivenOutDT
FNDA:12,calcBaseOutGivenInDT
FNDA:30,buyDT
FNDA:12,sellDT
FNDA:6,collectBT
FNDA:0,collectDT
FNDA:12,collectMarketFee
FNDA:2,collectOceanFee
FNDA:12,updateMarketFeeCollector
FNDA:0,getNumberOfExchanges
FNDA:0,setRate
FNDA:0,toggleExchangeState
FNDA:6,getRate
FNDA:90,getDTSupply
FNDA:90,getBTSupply
FNDA:90,getExchange
FNDA:34,getFeesInfo
FNDA:0,getExchanges
FNDA:6,isActive
DA:49,84
DA:54,84
DA:58,12
DA:62,6
DA:66,6
DA:67,6
DA:123,12
DA:124,12
DA:125,12
DA:126,12
DA:150,6
DA:154,6
DA:158,6
DA:162,6
DA:166,6
DA:167,6
DA:172,6
DA:189,6
DA:191,6
DA:199,6
DA:214,6
DA:234,30
DA:241,30
DA:242,30
DA:243,20
DA:247,30
DA:248,30
DA:252,30
DA:253,30
DA:256,30
DA:257,30
DA:277,12
DA:284,12
DA:285,12
DA:286,8
DA:290,12
DA:291,12
DA:295,12
DA:296,12
DA:299,12
DA:300,12
DA:314,30
DA:318,30
DA:326,30
DA:329,30
DA:332,30
DA:341,30
DA:345,30
DA:346,18
DA:355,12
DA:357,12
DA:363,24
DA:384,12
DA:388,12
DA:396,12
DA:399,12
DA:402,12
DA:411,12
DA:415,12
DA:416,0
DA:425,12
DA:427,12
DA:433,12
DA:448,6
DA:449,6
DA:450,6
DA:455,6
DA:467,0
DA:468,0
DA:469,0
DA:474,0
DA:484,12
DA:485,12
DA:486,12
DA:490,12
DA:499,2
DA:500,2
DA:501,2
DA:505,2
DA:516,12
DA:520,6
DA:529,0
DA:542,0
DA:544,0
DA:545,0
DA:557,0
DA:558,0
DA:559,0
DA:561,0
DA:562,0
DA:573,6
DA:588,90
DA:590,90
DA:592,90
DA:594,90
DA:595,0
DA:612,90
DA:614,90
DA:616,90
DA:618,90
DA:619,0
DA:650,90
DA:651,90
DA:652,90
DA:653,90
DA:654,90
DA:655,90
DA:656,90
DA:657,90
DA:658,90
DA:659,90
DA:660,90
DA:661,90
DA:675,34
DA:676,34
DA:677,34
DA:678,34
DA:679,34
DA:680,34
DA:689,0
DA:699,6
LF:121
LH:104
BRDA:49,1,0,84
BRDA:49,1,1,0
BRDA:58,2,0,6
BRDA:58,2,1,6
BRDA:66,3,0,6
BRDA:66,3,1,0
BRDA:123,4,0,12
BRDA:123,4,1,0
BRDA:124,5,0,12
BRDA:124,5,1,0
BRDA:150,6,0,6
BRDA:150,6,1,0
BRDA:154,7,0,6
BRDA:154,7,1,0
BRDA:158,8,0,6
BRDA:158,8,1,0
BRDA:162,9,0,6
BRDA:162,9,1,0
BRDA:167,10,0,6
BRDA:167,10,1,0
BRDA:242,11,0,20
BRDA:242,11,1,10
BRDA:285,12,0,8
BRDA:285,12,1,4
BRDA:314,13,0,30
BRDA:314,13,1,0
BRDA:332,14,0,30
BRDA:332,14,1,0
BRDA:345,15,0,18
BRDA:345,15,1,12
BRDA:346,16,0,12
BRDA:346,16,1,6
BRDA:384,17,0,12
BRDA:384,17,1,0
BRDA:402,18,0,12
BRDA:402,18,1,0
BRDA:415,19,0,0
BRDA:415,19,1,12
BRDA:416,20,0,0
BRDA:416,20,1,0
BRDA:516,21,0,6
BRDA:516,21,1,6
BRDA:542,22,0,0
BRDA:542,22,1,0
BRDA:557,23,0,0
BRDA:557,23,1,0
BRDA:588,24,0,0
BRDA:588,24,1,90
BRDA:594,25,0,0
BRDA:594,25,1,90
BRDA:612,26,0,0
BRDA:612,26,1,90
BRDA:618,27,0,0
BRDA:618,27,1,90
BRF:54
BRH:30
end_of_record
TN:
SF:/home/andrea/ocean/v4Hardhat/contracts/pools/ssContracts/ssFixedRate.sol
FN:54,onlyRouter
FN:62,constructor
FN:83,newDataTokenCreated
FN:136,getDataTokenCirculatingSupply
FN:146,getPublisherAddress
FN:155,getBaseTokenAddress
FN:164,getPoolAddress
FN:173,getBaseTokenBalance
FN:182,getDataTokenBalance
FN:191,getvestingEndBlock
FN:200,getvestingAmount
FN:209,getvestingLastBlock
FN:218,getvestingAmountSoFar
FN:228,canStake
FN:250,Stake
FN:268,canUnStake
FN:291,UnStake
FN:307,notifyFinalize
FN:362,getVesting
FNF:19
FNH:10
FNDA:5,onlyRouter
FNDA:21,constructor
FNDA:5,newDataTokenCreated
FNDA:0,getDataTokenCirculatingSupply
FNDA:0,getPublisherAddress
FNDA:0,getBaseTokenAddress
FNDA:0,getPoolAddress
FNDA:0,getBaseTokenBalance
FNDA:4,getDataTokenBalance
FNDA:0,getvestingEndBlock
FNDA:1,getvestingAmount
FNDA:0,getvestingLastBlock
FNDA:0,getvestingAmountSoFar
FNDA:19,canStake
FNDA:9,Stake
FNDA:24,canUnStake
FNDA:8,UnStake
FNDA:5,notifyFinalize
FNDA:0,getVesting
DA:55,5
DA:56,5
DA:63,21
DA:85,5
DA:86,5
DA:87,5
DA:92,5
DA:96,5
DA:101,5
DA:102,5
DA:107,5
DA:109,5
DA:110,5
DA:112,5
DA:130,5
DA:132,5
DA:141,0
DA:142,0
DA:151,0
DA:152,0
DA:160,0
DA:161,0
DA:169,0
DA:170,0
DA:178,0
DA:179,0
DA:187,4
DA:188,4
DA:196,0
DA:197,0
DA:205,1
DA:206,1
DA:214,0
DA:215,0
DA:223,0
DA:224,0
DA:234,19
DA:235,19
DA:239,19
DA:240,19
DA:241,0
DA:244,19
DA:245,18
DA:246,1
DA:255,9
DA:256,9
DA:260,9
DA:261,9
DA:262,9
DA:263,9
DA:264,9
DA:274,24
DA:275,24
DA:280,24
DA:281,8
DA:284,16
DA:285,16
DA:287,0
DA:296,8
DA:297,8
DA:301,8
DA:302,8
DA:303,8
DA:310,5
DA:312,5
DA:313,5
DA:314,5
DA:315,5
DA:316,5
DA:320,5
DA:328,5
DA:329,5
DA:330,5
DA:333,5
DA:339,5
DA:340,5
DA:349,5
DA:350,5
DA:352,5
DA:353,5
DA:354,5
DA:355,5
DA:363,0
DA:371,0
DA:373,0
DA:374,0
DA:378,0
DA:383,0
DA:387,0
DA:388,0
DA:389,0
DA:393,0
DA:394,0
DA:395,0
DA:396,0
DA:397,0
LF:96
LH:64
BRDA:55,1,0,5
BRDA:55,1,1,0
BRDA:85,2,0,5
BRDA:85,2,1,0
BRDA:87,3,0,5
BRDA:87,3,1,0
BRDA:92,4,0,5
BRDA:92,4,1,0
BRDA:96,5,0,5
BRDA:96,5,1,0
BRDA:102,6,0,5
BRDA:102,6,1,0
BRDA:109,7,0,5
BRDA:109,7,1,0
BRDA:110,8,0,5
BRDA:110,8,1,0
BRDA:141,9,0,0
BRDA:141,9,1,0
BRDA:151,10,0,0
BRDA:151,10,1,0
BRDA:160,11,0,0
BRDA:160,11,1,0
BRDA:169,12,0,0
BRDA:169,12,1,0
BRDA:178,13,0,0
BRDA:178,13,1,0
BRDA:187,14,0,0
BRDA:187,14,1,4
BRDA:196,15,0,0
BRDA:196,15,1,0
BRDA:205,16,0,0
BRDA:205,16,1,1
BRDA:214,17,0,0
BRDA:214,17,1,0
BRDA:223,18,0,0
BRDA:223,18,1,0
BRDA:235,19,0,19
BRDA:235,19,1,0
BRDA:239,20,0,0
BRDA:239,20,1,19
BRDA:240,21,0,0
BRDA:240,21,1,19
BRDA:244,22,0,18
BRDA:244,22,1,1
BRDA:255,23,0,0
BRDA:255,23,1,9
BRDA:256,24,0,9
BRDA:256,24,1,0
BRDA:261,25,0,0
BRDA:261,25,1,9
BRDA:274,26,0,0
BRDA:274,26,1,24
BRDA:275,27,0,24
BRDA:275,27,1,0
BRDA:280,28,0,8
BRDA:280,28,1,16
BRDA:284,29,0,16
BRDA:284,29,1,0
BRDA:296,30,0,0
BRDA:296,30,1,8
BRDA:297,31,0,8
BRDA:297,31,1,0
BRDA:302,32,0,0
BRDA:302,32,1,8
BRDA:310,33,0,0
BRDA:310,33,1,5
BRDA:312,34,0,0
BRDA:312,34,1,5
BRDA:363,35,0,0
BRDA:363,35,1,0
BRDA:373,36,0,0
BRDA:373,36,1,0
BRDA:387,37,0,0
BRDA:387,37,1,0
BRDA:389,38,0,0
BRDA:389,38,1,0
BRF:76
BRH:28
end_of_record
TN:
SF:/home/andrea/ocean/v4Hardhat/contracts/templates/ERC20Template.sol
FN:77,onlyNotInitialized
FN:84,onlyNFTOwner
FN:92,onlyPublishingMarketFeeAddress
FN:100,onlyERC20Deployer
FN:139,initialize
FN:172,_initialize
FN:245,deployPool
FN:287,createFixedRate
FN:308,mint
FN:331,startOrder
FN:415,addMinter
FN:426,removeMinter
FN:437,addFeeManager
FN:448,removeFeeManager
FN:459,setData
FN:471,cleanPermissions
FN:484,cleanFrom721
FN:501,setFeeCollector
FN:516,getPublishingMarketFee
FN:531,setPublishingMarketFee
FN:540,getId
FN:549,name
FN:558,symbol
FN:568,decimals
FN:577,cap
FN:587,isInitialized
FN:603,permit
FN:644,getAddressLength
FN:659,getUintLength
FN:674,getBytesLength
FN:688,getFeeCollector
FN:701,
FN:707,withdrawETH
FNF:33
FNH:11
FNDA:17,onlyNotInitialized
FNDA:0,onlyNFTOwner
FNDA:0,onlyPublishingMarketFeeAddress
FNDA:15,onlyERC20Deployer
FNDA:17,initialize
FNDA:17,_initialize
FNDA:5,deployPool
FNDA:7,createFixedRate
FNDA:23,mint
FNDA:0,startOrder
FNDA:2,addMinter
FNDA:0,removeMinter
FNDA:0,addFeeManager
FNDA:0,removeFeeManager
FNDA:1,setData
FNDA:0,cleanPermissions
FNDA:5,cleanFrom721
FNDA:0,setFeeCollector
FNDA:0,getPublishingMarketFee
FNDA:0,setPublishingMarketFee
FNDA:0,getId
FNDA:0,name
FNDA:0,symbol
FNDA:0,decimals
FNDA:10,cap
FNDA:0,isInitialized
FNDA:0,permit
FNDA:0,getAddressLength
FNDA:0,getUintLength
FNDA:0,getBytesLength
FNDA:0,getFeeCollector
FNDA:0,
FNDA:0,withdrawETH
DA:78,17
DA:82,17
DA:85,0
DA:89,0
DA:93,0
DA:97,0
DA:101,15
DA:107,15
DA:140,17
DA:179,17
DA:180,17
DA:181,17
DA:186,17
DA:191,17
DA:192,17
DA:193,17
DA:194,17
DA:195,17
DA:196,17
DA:197,17
DA:198,17
DA:200,17
DA:201,17
DA:202,17
DA:203,17
DA:204,17
DA:205,17
DA:206,17
DA:209,17
DA:221,17
DA:246,5
DA:247,5
DA:249,5
DA:251,5
DA:252,5
DA:262,5
DA:288,7
DA:298,7
DA:309,23
DA:313,20
DA:317,18
DA:339,0
DA:340,0
DA:345,0
DA:346,0
DA:351,0
DA:353,0
DA:361,0
DA:362,0
DA:367,0
DA:369,0
DA:374,0
DA:376,0
DA:382,0
DA:383,0
DA:386,0
DA:387,0
DA:392,0
DA:394,0
DA:416,2
DA:427,0
DA:438,0
DA:449,0
DA:460,1
DA:461,1
DA:472,0
DA:473,0
DA:485,5
DA:489,5
DA:490,5
DA:502,0
DA:506,0
DA:517,0
DA:532,0
DA:533,0
DA:534,0
DA:541,0
DA:550,0
DA:559,0
DA:569,0
DA:578,10
DA:588,0
DA:612,0
DA:613,0
DA:629,0
DA:630,0
DA:634,0
DA:649,0
DA:664,0
DA:679,0
DA:689,0
DA:690,0
DA:692,0
DA:711,0
LF:94
LH:44
BRDA:78,1,0,17
BRDA:78,1,1,0
BRDA:85,2,0,0
BRDA:85,2,1,0
BRDA:93,3,0,0
BRDA:93,3,1,0
BRDA:101,4,0,15
BRDA:101,4,1,0
BRDA:181,5,0,17
BRDA:181,5,1,0
BRDA:186,6,0,17
BRDA:186,6,1,0
BRDA:191,7,0,17
BRDA:191,7,1,0
BRDA:246,8,0,5
BRDA:246,8,1,0
BRDA:249,9,0,5
BRDA:249,9,1,0
BRDA:309,10,0,20
BRDA:309,10,1,3
BRDA:313,11,0,18
BRDA:313,11,1,2
BRDA:345,12,0,0
BRDA:345,12,1,0
BRDA:346,13,0,0
BRDA:346,13,1,0
BRDA:353,14,0,0
BRDA:353,14,1,0
BRDA:361,15,0,0
BRDA:361,15,1,0
BRDA:362,16,0,0
BRDA:362,16,1,0
BRDA:369,17,0,0
BRDA:369,17,1,0
BRDA:374,18,0,0
BRDA:374,18,1,0
BRDA:376,19,0,0
BRDA:376,19,1,0
BRDA:382,20,0,0
BRDA:382,20,1,0
BRDA:383,21,0,0
BRDA:383,21,1,0
BRDA:386,22,0,0
BRDA:386,22,1,0
BRDA:387,23,0,0
BRDA:387,23,1,0
BRDA:485,24,0,5
BRDA:485,24,1,0
BRDA:502,25,0,0
BRDA:502,25,1,0
BRDA:612,26,0,0
BRDA:612,26,1,0
BRDA:630,27,0,0
BRDA:630,27,1,0
BRDA:689,28,0,0
BRDA:689,28,1,0
BRF:56
BRH:12
end_of_record
TN:
SF:/home/andrea/ocean/v4Hardhat/contracts/templates/ERC721Template.sol
FN:65,onlyNFTOwner
FN:82,initialize
FN:118,_initialize
FN:156,setMetaData
FN:186,getMetaData
FN:215,createERC20
FN:246,name
FN:255,symbol
FN:265,isInitialized
FN:276,addManager
FN:288,removeManager
FN:309,executeCall
FN:327,setNewData
FN:344,setDataERC20
FN:362,cleanPermissions
FN:379,setDataV3
FN:407,wrapV3DT
FN:423,mintV3DT
FN:444,addV3Minter
FN:456,removeV3Minter
FN:469,transferFrom
FN:496,safeTransferFrom
FN:518,getAddressLength
FN:532,_cleanERC20Permissions
FN:544,
FN:550,withdrawETH
FNF:26
FNH:14
FNDA:7,onlyNFTOwner
FNDA:7,initialize
FNDA:7,_initialize
FNDA:0,setMetaData
FNDA:0,getMetaData
FNDA:20,createERC20
FNDA:0,name
FNDA:0,symbol
FNDA:0,isInitialized
FNDA:6,addManager
FNDA:0,removeManager
FNDA:0,executeCall
FNDA:1,setNewData
FNDA:1,setDataERC20
FNDA:0,cleanPermissions
FNDA:1,setDataV3
FNDA:1,wrapV3DT
FNDA:3,mintV3DT
FNDA:2,addV3Minter
FNDA:0,removeV3Minter
FNDA:3,transferFrom
FNDA:0,safeTransferFrom
FNDA:3,getAddressLength
FNDA:3,_cleanERC20Permissions
FNDA:0,
FNDA:0,withdrawETH
DA:66,7
DA:67,7
DA:89,7
DA:93,7
DA:100,7
DA:101,0
DA:102,7
DA:124,7
DA:129,7
DA:130,7
DA:131,7
DA:132,7
DA:133,7
DA:134,7
DA:137,7
DA:138,7
DA:139,7
DA:140,7
DA:142,7
DA:159,0
DA:163,0
DA:164,0
DA:165,0
DA:166,0
DA:167,0
DA:172,0
DA:175,0
DA:187,0
DA:222,20
DA:227,17
DA:235,17
DA:237,17
DA:238,17
DA:247,0
DA:256,0
DA:266,0
DA:277,6
DA:289,0
DA:310,0
DA:328,1
DA:332,1
DA:345,1
DA:349,1
DA:363,0
DA:383,1
DA:387,1
DA:389,1
DA:390,1
DA:409,1
DA:410,1
DA:428,3
DA:432,3
DA:433,3
DA:445,2
DA:457,0
DA:474,3
DA:475,3
DA:476,3
DA:477,3
DA:478,2
DA:480,2
DA:481,2
DA:482,2
DA:483,2
DA:497,0
DA:498,0
DA:499,0
DA:500,0
DA:501,0
DA:503,0
DA:504,0
DA:505,0
DA:506,0
DA:523,3
DA:533,3
DA:534,5
DA:554,0
LF:77
LH:50
BRDA:66,1,0,7
BRDA:66,1,1,0
BRDA:89,2,0,7
BRDA:89,2,1,0
BRDA:100,3,0,0
BRDA:100,3,1,7
BRDA:124,4,0,7
BRDA:124,4,1,0
BRDA:159,5,0,0
BRDA:159,5,1,0
BRDA:166,6,0,0
BRDA:166,6,1,0
BRDA:222,7,0,17
BRDA:222,7,1,3
BRDA:328,8,0,1
BRDA:328,8,1,0
BRDA:345,9,0,1
BRDA:345,9,1,0
BRDA:383,10,0,1
BRDA:383,10,1,0
BRDA:428,11,0,3
BRDA:428,11,1,0
BRDA:474,12,0,3
BRDA:474,12,1,0
BRDA:497,13,0,0
BRDA:497,13,1,0
BRF:26
BRH:11
end_of_record
TN:
SF:/home/andrea/ocean/v4Hardhat/contracts/utils/Deployer.sol
FN:27,deploy
FNF:1
FNH:1
FNDA:29,deploy
DA:33,29
DA:39,29
DA:46,29
LF:3
LH:3
BRF:0
BRH:0
end_of_record
TN:
SF:/home/andrea/ocean/v4Hardhat/contracts/utils/ERC20Roles.sol
FN:17,_addMinter
FN:24,_removeMinter
FN:30,_addFeeManager
FN:37,_removeFeeManager
FN:50,_cleanPermissions
FNF:5
FNH:3
FNDA:24,_addMinter
FNDA:0,_removeMinter
FNDA:17,_addFeeManager
FNDA:0,_removeFeeManager
FNDA:5,_cleanPermissions
DA:18,24
DA:19,24
DA:20,24
DA:21,24
DA:25,0
DA:26,0
DA:31,17
DA:32,17
DA:33,17
DA:34,17
DA:38,0
DA:39,0
DA:52,5
DA:53,10
DA:54,10
DA:55,10
DA:59,5
LF:17
LH:13
BRDA:19,1,0,24
BRDA:19,1,1,0
BRDA:32,2,0,17
BRDA:32,2,1,0
BRF:4
BRH:2
end_of_record
TN:
SF:/home/andrea/ocean/v4Hardhat/contracts/utils/ERC721/Address.sol
FN:24,isContract
FN:51,sendValue
FN:77,functionCall
FN:87,functionCall
FN:102,functionCallWithValue
FN:112,functionCallWithValue
FN:127,functionStaticCall
FN:137,functionStaticCall
FN:151,functionDelegateCall
FN:161,functionDelegateCall
FN:169,_verifyCallResult
FNF:11
FNH:1
FNDA:9,isContract
FNDA:0,sendValue
FNDA:0,functionCall
FNDA:0,functionCall
FNDA:0,functionCallWithValue
FNDA:0,functionCallWithValue
FNDA:0,functionStaticCall
FNDA:0,functionStaticCall
FNDA:0,functionDelegateCall
FNDA:0,functionDelegateCall
FNDA:0,_verifyCallResult
DA:29,9
DA:31,9
DA:32,9
DA:52,0
DA:55,0
DA:56,0
DA:78,0
DA:88,0
DA:103,0
DA:113,0
DA:114,0
DA:117,0
DA:118,0
DA:128,0
DA:138,0
DA:141,0
DA:142,0
DA:152,0
DA:162,0
DA:165,0
DA:166,0
DA:170,0
DA:171,0
DA:174,0
DA:178,0
DA:183,0
LF:26
LH:3
BRDA:52,1,0,0
BRDA:52,1,1,0
BRDA:56,2,0,0
BRDA:56,2,1,0
BRDA:113,3,0,0
BRDA:113,3,1,0
BRDA:114,4,0,0
BRDA:114,4,1,0
BRDA:138,5,0,0
BRDA:138,5,1,0
BRDA:162,6,0,0
BRDA:162,6,1,0
BRDA:170,7,0,0
BRDA:170,7,1,0
BRDA:174,8,0,0
BRDA:174,8,1,0
BRF:16
BRH:0
end_of_record
TN:
SF:/home/andrea/ocean/v4Hardhat/contracts/utils/ERC721/Context.sol
FN:14,_msgSender
FN:18,_msgData
FNF:2
FNH:0
FNDA:0,_msgSender
FNDA:0,_msgData
DA:15,0
DA:19,0
DA:20,0
LF:3
LH:0
BRF:0
BRH:0
end_of_record
TN:
SF:/home/andrea/ocean/v4Hardhat/contracts/utils/ERC721/ERC721.sol
FN:39,constructor
FN:47,balanceOf
FN:55,ownerOf
FN:64,name
FN:71,symbol
FN:78,tokenURI
FN:91,_baseURI
FN:98,approve
FN:112,getApproved
FN:121,setApprovalForAll
FN:131,isApprovedForAll
FN:138,_transferFrom
FN:149,_safeTransferFrom
FN:156,safeTransferFrom
FN:179,_safeTransfer
FN:192,_exists
FN:203,_isApprovedOrOwner
FN:219,_safeMint
FN:227,_safeMint
FN:244,_mint
FN:266,_burn
FN:291,_transfer
FN:312,_approve
FN:327,_checkOnERC721Received
FN:363,_beforeTokenTransfer
FNF:25
FNH:17
FNDA:21,constructor
FNDA:9,balanceOf
FNDA:20,ownerOf
FNDA:0,name
FNDA:0,symbol
FNDA:0,tokenURI
FNDA:0,_baseURI
FNDA:0,approve
FNDA:1,getApproved
FNDA:0,setApprovalForAll
FNDA:1,isApprovedForAll
FNDA:3,_transferFrom
FNDA:0,_safeTransferFrom
FNDA:2,safeTransferFrom
FNDA:2,_safeTransfer
FNDA:13,_exists
FNDA:5,_isApprovedOrOwner
FNDA:7,_safeMint
FNDA:7,_safeMint
FNDA:7,_mint
FNDA:0,_burn
FNDA:2,_transfer
FNDA:2,_approve
FNDA:9,_checkOnERC721Received
FNDA:9,_beforeTokenTransfer
DA:40,21
DA:41,21
DA:48,9
DA:49,9
DA:56,20
DA:57,20
DA:58,20
DA:65,0
DA:72,0
DA:79,0
DA:81,0
DA:82,0
DA:92,0
DA:99,0
DA:100,0
DA:102,0
DA:106,0
DA:113,1
DA:115,1
DA:122,0
DA:124,0
DA:125,0
DA:132,1
DA:140,3
DA:142,2
DA:150,0
DA:157,2
DA:158,2
DA:180,2
DA:181,2
DA:193,13
DA:204,5
DA:205,5
DA:206,5
DA:220,7
DA:228,7
DA:229,7
DA:245,7
DA:246,7
DA:248,7
DA:250,7
DA:251,7
DA:253,7
DA:267,0
DA:269,0
DA:272,0
DA:274,0
DA:275,0
DA:277,0
DA:292,2
DA:293,2
DA:295,2
DA:298,2
DA:300,2
DA:301,2
DA:302,2
DA:304,2
DA:313,2
DA:314,2
DA:330,9
DA:331,0
DA:332,0
DA:334,0
DA:335,0
DA:338,0
DA:344,9
LF:66
LH:41
BRDA:48,1,0,9
BRDA:48,1,1,0
BRDA:57,2,0,20
BRDA:57,2,1,0
BRDA:79,3,0,0
BRDA:79,3,1,0
BRDA:100,4,0,0
BRDA:100,4,1,0
BRDA:102,5,0,0
BRDA:102,5,1,0
BRDA:113,6,0,1
BRDA:113,6,1,0
BRDA:122,7,0,0
BRDA:122,7,1,0
BRDA:140,8,0,2
BRDA:140,8,1,1
BRDA:157,9,0,2
BRDA:157,9,1,0
BRDA:181,10,0,2
BRDA:181,10,1,0
BRDA:204,11,0,5
BRDA:204,11,1,0
BRDA:229,12,0,7
BRDA:229,12,1,0
BRDA:245,13,0,7
BRDA:245,13,1,0
BRDA:246,14,0,7
BRDA:246,14,1,0
BRDA:292,15,0,2
BRDA:292,15,1,0
BRDA:293,16,0,2
BRDA:293,16,1,0
BRDA:330,17,0,0
BRDA:330,17,1,9
BRDA:334,18,0,0
BRDA:334,18,1,0
BRF:36
BRH:14
end_of_record
TN:
SF:/home/andrea/ocean/v4Hardhat/contracts/utils/ERC721/IERC721.sol
FNF:0
FNH:0
LF:0
LH:0
BRF:0
BRH:0
end_of_record
TN:
SF:/home/andrea/ocean/v4Hardhat/contracts/utils/ERC721/IERC721Enumerable.sol
FNF:0
FNH:0
LF:0
LH:0
BRF:0
BRH:0
end_of_record
TN:
SF:/home/andrea/ocean/v4Hardhat/contracts/utils/ERC721/IERC721Metadata.sol
FNF:0
FNH:0
LF:0
LH:0
BRF:0
BRH:0
end_of_record
TN:
SF:/home/andrea/ocean/v4Hardhat/contracts/utils/ERC721/IERC721Receiver.sol
FNF:0
FNH:0
LF:0
LH:0
BRF:0
BRH:0
end_of_record
TN:
SF:/home/andrea/ocean/v4Hardhat/contracts/utils/ERC721/Strings.sol
FN:15,toString
FN:40,toHexString
FN:56,toHexString
FNF:3
FNH:0
FNDA:0,toString
FNDA:0,toHexString
FNDA:0,toHexString
DA:19,0
DA:20,0
DA:22,0
DA:23,0
DA:24,0
DA:25,0
DA:26,0
DA:28,0
DA:29,0
DA:30,0
DA:31,0
DA:32,0
DA:34,0
DA:41,0
DA:42,0
DA:44,0
DA:45,0
DA:46,0
DA:47,0
DA:48,0
DA:50,0
DA:57,0
DA:58,0
DA:59,0
DA:60,0
DA:61,0
DA:62,0
DA:64,0
DA:65,0
LF:29
LH:0
BRDA:19,1,0,0
BRDA:19,1,1,0
BRDA:41,2,0,0
BRDA:41,2,1,0
BRDA:64,3,0,0
BRDA:64,3,1,0
BRF:6
BRH:0
end_of_record
TN:
SF:/home/andrea/ocean/v4Hardhat/contracts/utils/ERC721RolesAddress.sol
FN:18,getPermissions
FN:22,onlyManager
FN:43,addTo725StoreList
FN:50,removeFrom725StoreList
FN:77,addToCreateERC20List
FN:85,_addToCreateERC20List
FN:92,removeFromCreateERC20List
FN:119,addToMetadataList
FN:126,removeFromMetadataList
FN:153,_addManager
FN:160,_removeManager
FN:179,_addV3Minter
FN:186,_removeV3Minter
FN:197,_cleanPermissions
FNF:14
FNH:9
FNDA:49,getPermissions
FNDA:26,onlyManager
FNDA:8,addTo725StoreList
FNDA:0,removeFrom725StoreList
FNDA:8,addToCreateERC20List
FNDA:0,_addToCreateERC20List
FNDA:0,removeFromCreateERC20List
FNDA:8,addToMetadataList
FNDA:1,removeFromMetadataList
FNDA:15,_addManager
FNDA:0,_removeManager
FNDA:3,_addV3Minter
FNDA:0,_removeV3Minter
FNDA:3,_cleanPermissions
DA:19,49
DA:23,26
DA:27,26
DA:44,8
DA:45,8
DA:46,8
DA:47,8
DA:51,0
DA:54,0
DA:55,0
DA:56,0
DA:59,0
DA:78,8
DA:79,8
DA:80,8
DA:81,8
DA:86,0
DA:87,0
DA:88,0
DA:89,0
DA:95,0
DA:98,0
DA:99,0
DA:100,0
DA:103,0
DA:120,8
DA:121,8
DA:122,8
DA:123,8
DA:129,1
DA:132,1
DA:133,1
DA:134,1
DA:137,0
DA:154,15
DA:155,15
DA:156,15
DA:157,15
DA:161,0
DA:162,0
DA:163,0
DA:180,3
DA:181,3
DA:182,3
DA:183,3
DA:187,0
DA:188,0
DA:189,0
DA:198,3
DA:199,16
DA:200,16
DA:201,16
DA:202,16
DA:203,16
DA:204,16
DA:207,3
DA:208,3
LF:57
LH:36
BRDA:23,1,0,26
BRDA:23,1,1,0
BRDA:51,2,0,0
BRDA:51,2,1,0
BRDA:95,3,0,0
BRDA:95,3,1,0
BRDA:129,4,0,1
BRDA:129,4,1,0
BRF:8
BRH:2
end_of_record
TN:
SF:/home/andrea/ocean/v4Hardhat/contracts/utils/ERC725/ERC725Ocean.sol
FN:39,constructor
FN:57,execute
FN:99,executeCall
FN:111,executeDelegateCall
FN:123,performCreate
FN:143,getData
FN:158,setData
FNF:7
FNH:3
FNDA:21,constructor
FNDA:0,execute
FNDA:0,executeCall
FNDA:0,executeDelegateCall
FNDA:0,performCreate
FNDA:5,getData
FNDA:3,setData
DA:42,21
DA:43,21
DA:61,0
DA:63,0
DA:66,0
DA:67,0
DA:79,0
DA:83,0
DA:84,0
DA:86,0
DA:88,0
DA:91,0
DA:104,0
DA:116,0
DA:128,0
DA:131,0
DA:132,0
DA:150,5
DA:162,3
DA:163,3
LF:20
LH:5
BRDA:66,1,0,0
BRDA:66,1,1,0
BRDA:78,2,0,0
BRDA:78,2,1,0
BRDA:82,3,0,0
BRDA:82,3,1,0
BRDA:131,4,0,0
BRDA:131,4,1,0
BRF:8
BRH:0
end_of_record
TN:
SF:/home/andrea/ocean/v4Hardhat/contracts/utils/mock/MockERC20.sol
FN:9,constructor
FNF:1
FNH:0
FNDA:0,constructor
DA:10,0
LF:1
LH:0
BRF:0
BRH:0
end_of_record
TN:
SF:/home/andrea/ocean/v4Hardhat/contracts/utils/mock/MockERC20Decimals.sol
FN:54,constructor
FN:64,name
FN:72,symbol
FN:89,decimals
FN:96,totalSupply
FN:103,balanceOf
FN:115,transfer
FN:123,allowance
FN:134,approve
FN:152,transferFrom
FN:180,increaseAllowance
FN:199,decreaseAllowance
FN:223,_transfer
FN:254,_mint
FN:277,_burn
FN:307,_approve
FN:333,_beforeTokenTransfer
FN:353,_afterTokenTransfer
FNF:18
FNH:0
FNDA:0,constructor
FNDA:0,name
FNDA:0,symbol
FNDA:0,decimals
FNDA:0,totalSupply
FNDA:0,balanceOf
FNDA:0,transfer
FNDA:0,allowance
FNDA:0,approve
FNDA:0,transferFrom
FNDA:0,increaseAllowance
FNDA:0,decreaseAllowance
FNDA:0,_transfer
FNDA:0,_mint
FNDA:0,_burn
FNDA:0,_approve
FNDA:0,_beforeTokenTransfer
FNDA:0,_afterTokenTransfer
DA:55,0
DA:56,0
DA:57,0
DA:58,0
DA:65,0
DA:73,0
DA:90,0
DA:97,0
DA:104,0
DA:116,0
DA:117,0
DA:124,0
DA:135,0
DA:136,0
DA:157,0
DA:159,0
DA:160,0
DA:161,0
DA:165,0
DA:181,0
DA:182,0
DA:200,0
DA:201,0
DA:202,0
DA:206,0
DA:228,0
DA:229,0
DA:231,0
DA:233,0
DA:234,0
DA:235,0
DA:238,0
DA:240,0
DA:242,0
DA:255,0
DA:257,0
DA:259,0
DA:260,0
DA:261,0
DA:263,0
DA:278,0
DA:280,0
DA:282,0
DA:283,0
DA:284,0
DA:287,0
DA:289,0
DA:291,0
DA:312,0
DA:313,0
DA:315,0
DA:316,0
LF:52
LH:0
BRDA:160,1,0,0
BRDA:160,1,1,0
BRDA:201,2,0,0
BRDA:201,2,1,0
BRDA:228,3,0,0
BRDA:228,3,1,0
BRDA:229,4,0,0
BRDA:229,4,1,0
BRDA:234,5,0,0
BRDA:234,5,1,0
BRDA:255,6,0,0
BRDA:255,6,1,0
BRDA:278,7,0,0
BRDA:278,7,1,0
BRDA:283,8,0,0
BRDA:283,8,1,0
BRDA:312,9,0,0
BRDA:312,9,1,0
BRDA:313,10,0,0
BRDA:313,10,1,0
BRF:20
BRH:0
end_of_record
TN:
SF:/home/andrea/ocean/v4Hardhat/contracts/utils/mock/MockExchange.sol
FN:10,depositWithPermit
FN:30,deposit
FNF:2
FNH:0
FNDA:0,depositWithPermit
FNDA:0,deposit
DA:18,0
DA:27,0
DA:31,0
LF:3
LH:0
BRF:0
BRH:0
end_of_record
TN:
SF:/home/andrea/ocean/v4Hardhat/contracts/utils/mock/MockOcean.sol
FN:9,constructor
FNF:1
FNH:0
FNDA:0,constructor
DA:10,0
LF:1
LH:0
BRF:0
BRH:0
end_of_record
TN:
SF:/home/andrea/ocean/v4Hardhat/contracts/utils/mock/MockOldDT.sol
FN:62,onlyNotInitialized
FN:70,onlyMinter
FN:78,constructor
FN:101,initialize
FN:115,_initialize
FN:161,mint
FN:170,startOrder
FN:206,finishOrder
FN:239,proposeMinter
FN:253,approveMinter
FN:275,blob
FN:285,cap
FN:295,isMinter
FN:303,minter
FN:316,isInitialized
FN:327,calculateFee
FNF:16
FNH:0
FNDA:0,onlyNotInitialized
FNDA:0,onlyMinter
FNDA:0,constructor
FNDA:0,initialize
FNDA:0,_initialize
FNDA:0,mint
FNDA:0,startOrder
FNDA:0,finishOrder
FNDA:0,proposeMinter
FNDA:0,approveMinter
FNDA:0,blob
FNDA:0,cap
FNDA:0,isMinter
FNDA:0,minter
FNDA:0,isInitialized
FNDA:0,calculateFee
DA:63,0
DA:67,0
DA:71,0
DA:75,0
DA:81,0
DA:104,0
DA:126,0
DA:131,0
DA:136,0
DA:141,0
DA:145,0
DA:146,0
DA:147,0
DA:148,0
DA:149,0
DA:150,0
DA:151,0
DA:152,0
DA:163,0
DA:167,0
DA:178,0
DA:179,0
DA:183,0
DA:184,0
DA:185,0
DA:189,0
DA:191,0
DA:192,0
DA:193,0
DA:214,0
DA:215,0
DA:220,0
DA:241,0
DA:242,0
DA:256,0
DA:260,0
DA:264,0
DA:265,0
DA:276,0
DA:286,0
DA:296,0
DA:308,0
DA:317,0
DA:335,0
DA:336,0
DA:337,0
LF:46
LH:0
BRDA:63,1,0,0
BRDA:63,1,1,0
BRDA:71,2,0,0
BRDA:71,2,1,0
BRDA:126,3,0,0
BRDA:126,3,1,0
BRDA:131,4,0,0
BRDA:131,4,1,0
BRDA:136,5,0,0
BRDA:136,5,1,0
BRDA:141,6,0,0
BRDA:141,6,1,0
BRDA:163,7,0,0
BRDA:163,7,1,0
BRDA:184,8,0,0
BRDA:184,8,1,0
BRDA:214,9,0,0
BRDA:214,9,1,0
BRDA:215,10,0,0
BRDA:215,10,1,0
BRDA:256,11,0,0
BRDA:256,11,1,0
BRDA:335,12,0,0
BRDA:335,12,1,0
BRDA:336,13,0,0
BRDA:336,13,1,0
BRF:26
BRH:0
end_of_record
TN:
SF:/home/andrea/ocean/v4Hardhat/contracts/utils/Ownable.sol
FN:26,constructor
FN:35,owner
FN:42,onlyOwner
FN:54,renounceOwnership
FN:63,transferOwnership
FNF:5
FNH:0
FNDA:0,constructor
FNDA:0,owner
FNDA:0,onlyOwner
FNDA:0,renounceOwnership
FNDA:0,transferOwnership
DA:27,0
DA:28,0
DA:29,0
DA:36,0
DA:43,0
DA:44,0
DA:55,0
DA:56,0
DA:64,0
DA:65,0
DA:66,0
LF:11
LH:0
BRDA:43,1,0,0
BRDA:43,1,1,0
BRDA:64,2,0,0
BRDA:64,2,1,0
BRF:4
BRH:0
end_of_record
TN:
SF:/home/andrea/ocean/v4Hardhat/contracts/utils/UtilsLib.sol
FN:20,isContract
FNF:1
FNH:0
FNDA:0,isContract
DA:22,0
LF:1
LH:0
BRF:0
BRH:0
end_of_record
TN:
SF:/home/andrea/ocean/v4Hardhat/contracts/utils/V3Integration.sol
FN:10,_wrap
FN:18,_checkV3DT
FNF:2
FNH:2
FNDA:1,_wrap
FNDA:4,_checkV3DT
DA:11,1
DA:12,1
DA:13,1
DA:14,1
DA:15,1
DA:19,4
LF:6
LH:6
BRDA:11,1,0,1
BRDA:11,1,1,0
BRDA:12,2,0,1
BRDA:12,2,1,0
BRDA:15,3,0,1
BRDA:15,3,1,0
BRDA:19,4,0,4
BRDA:19,4,1,0
BRF:8
BRH:4
end_of_record
TN:
SF:/home/andrea/ocean/v4Hardhat/contracts/v3/IDataTokenTemplate.sol
FNF:0
FNH:0
LF:0
LH:0
BRF:0
BRH:0
end_of_record
TN:
SF:/home/andrea/ocean/v4Hardhat/contracts/v3/V3DataTokenTemplate.sol
FN:62,onlyNotInitialized
FN:70,onlyMinter
FN:88,constructor
FN:128,initialize
FN:151,_initialize
FN:203,mint
FN:220,startOrder
FN:265,finishOrder
FN:298,proposeMinter
FN:312,approveMinter
FN:332,name
FN:341,symbol
FN:351,decimals
FN:360,cap
FN:369,blob
FN:379,isMinter
FN:387,minter
FN:400,isInitialized
FN:411,calculateFee
FNF:19
FNH:0
FNDA:0,onlyNotInitialized
FNDA:0,onlyMinter
FNDA:0,constructor
FNDA:0,initialize
FNDA:0,_initialize
FNDA:0,mint
FNDA:0,startOrder
FNDA:0,finishOrder
FNDA:0,proposeMinter
FNDA:0,approveMinter
FNDA:0,name
FNDA:0,symbol
FNDA:0,decimals
FNDA:0,cap
FNDA:0,blob
FNDA:0,isMinter
FNDA:0,minter
FNDA:0,isInitialized
FNDA:0,calculateFee
DA:63,0
DA:67,0
DA:71,0
DA:75,0
DA:98,0
DA:131,0
DA:162,0
DA:167,0
DA:172,0
DA:177,0
DA:181,0
DA:182,0
DA:183,0
DA:184,0
DA:185,0
DA:186,0
DA:187,0
DA:188,0
DA:205,0
DA:209,0
DA:228,0
DA:229,0
DA:233,0
DA:234,0
DA:235,0
DA:239,0
DA:241,0
DA:242,0
DA:243,0
DA:273,0
DA:274,0
DA:279,0
DA:300,0
DA:301,0
DA:315,0
DA:319,0
DA:323,0
DA:324,0
DA:333,0
DA:342,0
DA:352,0
DA:361,0
DA:370,0
DA:380,0
DA:392,0
DA:401,0
DA:419,0
DA:420,0
DA:421,0
LF:49
LH:0
BRDA:63,1,0,0
BRDA:63,1,1,0
BRDA:71,2,0,0
BRDA:71,2,1,0
BRDA:162,3,0,0
BRDA:162,3,1,0
BRDA:167,4,0,0
BRDA:167,4,1,0
BRDA:172,5,0,0
BRDA:172,5,1,0
BRDA:177,6,0,0
BRDA:177,6,1,0
BRDA:205,7,0,0
BRDA:205,7,1,0
BRDA:234,8,0,0
BRDA:234,8,1,0
BRDA:273,9,0,0
BRDA:273,9,1,0
BRDA:274,10,0,0
BRDA:274,10,1,0
BRDA:315,11,0,0
BRDA:315,11,1,0
BRDA:419,12,0,0
BRDA:419,12,1,0
BRDA:420,13,0,0
BRDA:420,13,1,0
BRF:26
BRH:0
end_of_record
TN:
SF:/home/andrea/ocean/v4Hardhat/contracts/v3/V3DTFactory.sol
FN:45,constructor
FN:67,createToken
FN:115,getCurrentTokenCount
FN:123,getTokenTemplate
FNF:4
FNH:0
FNDA:0,constructor
FNDA:0,createToken
FNDA:0,getCurrentTokenCount
FNDA:0,getTokenTemplate
DA:49,0
DA:54,0
DA:55,0
DA:76,0
DA:81,0
DA:83,0
DA:87,0
DA:88,0
DA:99,0
DA:100,0
DA:108,0
DA:116,0
DA:124,0
LF:13
LH:0
BRDA:49,1,0,0
BRDA:49,1,1,0
BRDA:76,2,0,0
BRDA:76,2,1,0
BRDA:83,3,0,0
BRDA:83,3,1,0
BRDA:88,4,0,0
BRDA:88,4,1,0
BRF:8
BRH:0
end_of_record
TN:
SF:/home/andrea/ocean/v4Hardhat/contracts/v3/V3MetaData.sol
FN:32,onlyDataTokenMinter
FN:55,create
FN:78,update
FNF:3
FNH:0
FNDA:0,onlyDataTokenMinter
FNDA:0,create
FNDA:0,update
DA:34,0
DA:35,0
DA:39,0
DA:57,0
DA:80,0
LF:5
LH:0
BRDA:35,1,0,0
BRDA:35,1,1,0
BRF:2
BRH:0
end_of_record
